The system is: Darwin - 20.5.0 - x86_64
Compiling the C compiler identification source file "CMakeCCompilerId.c" succeeded.
Compiler: /Library/Developer/CommandLineTools/usr/bin/cc 
Build flags: 
Id flags: -c 

The output was:
0


Compilation of the C compiler identification source "CMakeCCompilerId.c" produced "CMakeCCompilerId.o"

The C compiler identification is AppleClang, found in "/Users/nilesh/Desktop/ego1155/WinLinux/PfxApp/Sources/plibsys/macosx/CMakeFiles/3.21.1/CompilerIdC/CMakeCCompilerId.o"

Detecting C compiler ABI info compiled with the following output:
Change Dir: /Users/nilesh/Desktop/ego1155/WinLinux/PfxApp/Sources/plibsys/macosx/CMakeFiles/CMakeTmp

Run Build Command(s):/usr/bin/make -f Makefile cmTC_898c8/fast && /Library/Developer/CommandLineTools/usr/bin/make  -f CMakeFiles/cmTC_898c8.dir/build.make CMakeFiles/cmTC_898c8.dir/build
Building C object CMakeFiles/cmTC_898c8.dir/CMakeCCompilerABI.c.o
/Library/Developer/CommandLineTools/usr/bin/cc   -isysroot /Library/Developer/CommandLineTools/SDKs/MacOSX11.3.sdk   -v -Wl,-v -MD -MT CMakeFiles/cmTC_898c8.dir/CMakeCCompilerABI.c.o -MF CMakeFiles/cmTC_898c8.dir/CMakeCCompilerABI.c.o.d -o CMakeFiles/cmTC_898c8.dir/CMakeCCompilerABI.c.o -c /usr/local/Cellar/cmake/3.21.1/share/cmake/Modules/CMakeCCompilerABI.c
Apple clang version 12.0.5 (clang-1205.0.22.9)
Target: x86_64-apple-darwin20.5.0
Thread model: posix
InstalledDir: /Library/Developer/CommandLineTools/usr/bin
clang: warning: -Wl,-v: 'linker' input unused [-Wunused-command-line-argument]
 "/Library/Developer/CommandLineTools/usr/bin/clang" -cc1 -triple x86_64-apple-macosx11.0.0 -Wdeprecated-objc-isa-usage -Werror=deprecated-objc-isa-usage -Werror=implicit-function-declaration -emit-obj -mrelax-all -disable-free -disable-llvm-verifier -discard-value-names -main-file-name CMakeCCompilerABI.c -mrelocation-model pic -pic-level 2 -mframe-pointer=all -fno-strict-return -fno-rounding-math -munwind-tables -target-sdk-version=11.3 -fvisibility-inlines-hidden-static-local-var -target-cpu penryn -debugger-tuning=lldb -target-linker-version 650.9 -v -resource-dir /Library/Developer/CommandLineTools/usr/lib/clang/12.0.5 -dependency-file CMakeFiles/cmTC_898c8.dir/CMakeCCompilerABI.c.o.d -skip-unused-modulemap-deps -MT CMakeFiles/cmTC_898c8.dir/CMakeCCompilerABI.c.o -sys-header-deps -isysroot /Library/Developer/CommandLineTools/SDKs/MacOSX11.3.sdk -internal-isystem /Library/Developer/CommandLineTools/SDKs/MacOSX11.3.sdk/usr/local/include -internal-isystem /Library/Developer/CommandLineTools/usr/lib/clang/12.0.5/include -internal-externc-isystem /Library/Developer/CommandLineTools/SDKs/MacOSX11.3.sdk/usr/include -internal-externc-isystem /Library/Developer/CommandLineTools/usr/include -Wno-reorder-init-list -Wno-implicit-int-float-conversion -Wno-c99-designator -Wno-final-dtor-non-final-class -Wno-extra-semi-stmt -Wno-misleading-indentation -Wno-quoted-include-in-framework-header -Wno-implicit-fallthrough -Wno-enum-enum-conversion -Wno-enum-float-conversion -Wno-elaborated-enum-base -fdebug-compilation-dir /Users/nilesh/Desktop/ego1155/WinLinux/PfxApp/Sources/plibsys/macosx/CMakeFiles/CMakeTmp -ferror-limit 19 -stack-protector 1 -fstack-check -mdarwin-stkchk-strong-link -fblocks -fencode-extended-block-signature -fregister-global-dtors-with-atexit -fgnuc-version=4.2.1 -fmax-type-align=16 -fcommon -clang-vendor-feature=+disableNonDependentMemberExprInCurrentInstantiation -fno-odr-hash-protocols -mllvm -disable-aligned-alloc-awareness=1 -o CMakeFiles/cmTC_898c8.dir/CMakeCCompilerABI.c.o -x c /usr/local/Cellar/cmake/3.21.1/share/cmake/Modules/CMakeCCompilerABI.c
clang -cc1 version 12.0.5 (clang-1205.0.22.9) default target x86_64-apple-darwin20.5.0
ignoring nonexistent directory "/Library/Developer/CommandLineTools/SDKs/MacOSX11.3.sdk/usr/local/include"
ignoring nonexistent directory "/Library/Developer/CommandLineTools/SDKs/MacOSX11.3.sdk/Library/Frameworks"
#include "..." search starts here:
#include <...> search starts here:
 /Library/Developer/CommandLineTools/usr/lib/clang/12.0.5/include
 /Library/Developer/CommandLineTools/SDKs/MacOSX11.3.sdk/usr/include
 /Library/Developer/CommandLineTools/usr/include
 /Library/Developer/CommandLineTools/SDKs/MacOSX11.3.sdk/System/Library/Frameworks (framework directory)
End of search list.
Linking C executable cmTC_898c8
/usr/local/Cellar/cmake/3.21.1/bin/cmake -E cmake_link_script CMakeFiles/cmTC_898c8.dir/link.txt --verbose=1
/Library/Developer/CommandLineTools/usr/bin/cc  -isysroot /Library/Developer/CommandLineTools/SDKs/MacOSX11.3.sdk -Wl,-search_paths_first -Wl,-headerpad_max_install_names  -v -Wl,-v CMakeFiles/cmTC_898c8.dir/CMakeCCompilerABI.c.o -o cmTC_898c8 
Apple clang version 12.0.5 (clang-1205.0.22.9)
Target: x86_64-apple-darwin20.5.0
Thread model: posix
InstalledDir: /Library/Developer/CommandLineTools/usr/bin
 "/Library/Developer/CommandLineTools/usr/bin/ld" -demangle -lto_library /Library/Developer/CommandLineTools/usr/lib/libLTO.dylib -dynamic -arch x86_64 -platform_version macos 11.0.0 11.3 -syslibroot /Library/Developer/CommandLineTools/SDKs/MacOSX11.3.sdk -o cmTC_898c8 -search_paths_first -headerpad_max_install_names -v CMakeFiles/cmTC_898c8.dir/CMakeCCompilerABI.c.o -lSystem /Library/Developer/CommandLineTools/usr/lib/clang/12.0.5/lib/darwin/libclang_rt.osx.a
@(#)PROGRAM:ld  PROJECT:ld64-650.9
BUILD 00:19:30 Mar 17 2021
configured to support archs: armv6 armv7 armv7s arm64 arm64e arm64_32 i386 x86_64 x86_64h armv6m armv7k armv7m armv7em
Library search paths:
	/Library/Developer/CommandLineTools/SDKs/MacOSX11.3.sdk/usr/lib
Framework search paths:
	/Library/Developer/CommandLineTools/SDKs/MacOSX11.3.sdk/System/Library/Frameworks/



Parsed C implicit include dir info from above output: rv=done
  found start of include info
  found start of implicit include info
    add: [/Library/Developer/CommandLineTools/usr/lib/clang/12.0.5/include]
    add: [/Library/Developer/CommandLineTools/SDKs/MacOSX11.3.sdk/usr/include]
    add: [/Library/Developer/CommandLineTools/usr/include]
  end of search list found
  collapse include dir [/Library/Developer/CommandLineTools/usr/lib/clang/12.0.5/include] ==> [/Library/Developer/CommandLineTools/usr/lib/clang/12.0.5/include]
  collapse include dir [/Library/Developer/CommandLineTools/SDKs/MacOSX11.3.sdk/usr/include] ==> [/Library/Developer/CommandLineTools/SDKs/MacOSX11.3.sdk/usr/include]
  collapse include dir [/Library/Developer/CommandLineTools/usr/include] ==> [/Library/Developer/CommandLineTools/usr/include]
  implicit include dirs: [/Library/Developer/CommandLineTools/usr/lib/clang/12.0.5/include;/Library/Developer/CommandLineTools/SDKs/MacOSX11.3.sdk/usr/include;/Library/Developer/CommandLineTools/usr/include]


Parsed C implicit link information from above output:
  link line regex: [^( *|.*[/\])(ld|CMAKE_LINK_STARTFILE-NOTFOUND|([^/\]+-)?ld|collect2)[^/\]*( |$)]
  ignore line: [Change Dir: /Users/nilesh/Desktop/ego1155/WinLinux/PfxApp/Sources/plibsys/macosx/CMakeFiles/CMakeTmp]
  ignore line: []
  ignore line: [Run Build Command(s):/usr/bin/make -f Makefile cmTC_898c8/fast && /Library/Developer/CommandLineTools/usr/bin/make  -f CMakeFiles/cmTC_898c8.dir/build.make CMakeFiles/cmTC_898c8.dir/build]
  ignore line: [Building C object CMakeFiles/cmTC_898c8.dir/CMakeCCompilerABI.c.o]
  ignore line: [/Library/Developer/CommandLineTools/usr/bin/cc   -isysroot /Library/Developer/CommandLineTools/SDKs/MacOSX11.3.sdk   -v -Wl -v -MD -MT CMakeFiles/cmTC_898c8.dir/CMakeCCompilerABI.c.o -MF CMakeFiles/cmTC_898c8.dir/CMakeCCompilerABI.c.o.d -o CMakeFiles/cmTC_898c8.dir/CMakeCCompilerABI.c.o -c /usr/local/Cellar/cmake/3.21.1/share/cmake/Modules/CMakeCCompilerABI.c]
  ignore line: [Apple clang version 12.0.5 (clang-1205.0.22.9)]
  ignore line: [Target: x86_64-apple-darwin20.5.0]
  ignore line: [Thread model: posix]
  ignore line: [InstalledDir: /Library/Developer/CommandLineTools/usr/bin]
  ignore line: [clang: warning: -Wl -v: 'linker' input unused [-Wunused-command-line-argument]]
  ignore line: [ "/Library/Developer/CommandLineTools/usr/bin/clang" -cc1 -triple x86_64-apple-macosx11.0.0 -Wdeprecated-objc-isa-usage -Werror=deprecated-objc-isa-usage -Werror=implicit-function-declaration -emit-obj -mrelax-all -disable-free -disable-llvm-verifier -discard-value-names -main-file-name CMakeCCompilerABI.c -mrelocation-model pic -pic-level 2 -mframe-pointer=all -fno-strict-return -fno-rounding-math -munwind-tables -target-sdk-version=11.3 -fvisibility-inlines-hidden-static-local-var -target-cpu penryn -debugger-tuning=lldb -target-linker-version 650.9 -v -resource-dir /Library/Developer/CommandLineTools/usr/lib/clang/12.0.5 -dependency-file CMakeFiles/cmTC_898c8.dir/CMakeCCompilerABI.c.o.d -skip-unused-modulemap-deps -MT CMakeFiles/cmTC_898c8.dir/CMakeCCompilerABI.c.o -sys-header-deps -isysroot /Library/Developer/CommandLineTools/SDKs/MacOSX11.3.sdk -internal-isystem /Library/Developer/CommandLineTools/SDKs/MacOSX11.3.sdk/usr/local/include -internal-isystem /Library/Developer/CommandLineTools/usr/lib/clang/12.0.5/include -internal-externc-isystem /Library/Developer/CommandLineTools/SDKs/MacOSX11.3.sdk/usr/include -internal-externc-isystem /Library/Developer/CommandLineTools/usr/include -Wno-reorder-init-list -Wno-implicit-int-float-conversion -Wno-c99-designator -Wno-final-dtor-non-final-class -Wno-extra-semi-stmt -Wno-misleading-indentation -Wno-quoted-include-in-framework-header -Wno-implicit-fallthrough -Wno-enum-enum-conversion -Wno-enum-float-conversion -Wno-elaborated-enum-base -fdebug-compilation-dir /Users/nilesh/Desktop/ego1155/WinLinux/PfxApp/Sources/plibsys/macosx/CMakeFiles/CMakeTmp -ferror-limit 19 -stack-protector 1 -fstack-check -mdarwin-stkchk-strong-link -fblocks -fencode-extended-block-signature -fregister-global-dtors-with-atexit -fgnuc-version=4.2.1 -fmax-type-align=16 -fcommon -clang-vendor-feature=+disableNonDependentMemberExprInCurrentInstantiation -fno-odr-hash-protocols -mllvm -disable-aligned-alloc-awareness=1 -o CMakeFiles/cmTC_898c8.dir/CMakeCCompilerABI.c.o -x c /usr/local/Cellar/cmake/3.21.1/share/cmake/Modules/CMakeCCompilerABI.c]
  ignore line: [clang -cc1 version 12.0.5 (clang-1205.0.22.9) default target x86_64-apple-darwin20.5.0]
  ignore line: [ignoring nonexistent directory "/Library/Developer/CommandLineTools/SDKs/MacOSX11.3.sdk/usr/local/include"]
  ignore line: [ignoring nonexistent directory "/Library/Developer/CommandLineTools/SDKs/MacOSX11.3.sdk/Library/Frameworks"]
  ignore line: [#include "..." search starts here:]
  ignore line: [#include <...> search starts here:]
  ignore line: [ /Library/Developer/CommandLineTools/usr/lib/clang/12.0.5/include]
  ignore line: [ /Library/Developer/CommandLineTools/SDKs/MacOSX11.3.sdk/usr/include]
  ignore line: [ /Library/Developer/CommandLineTools/usr/include]
  ignore line: [ /Library/Developer/CommandLineTools/SDKs/MacOSX11.3.sdk/System/Library/Frameworks (framework directory)]
  ignore line: [End of search list.]
  ignore line: [Linking C executable cmTC_898c8]
  ignore line: [/usr/local/Cellar/cmake/3.21.1/bin/cmake -E cmake_link_script CMakeFiles/cmTC_898c8.dir/link.txt --verbose=1]
  ignore line: [/Library/Developer/CommandLineTools/usr/bin/cc  -isysroot /Library/Developer/CommandLineTools/SDKs/MacOSX11.3.sdk -Wl -search_paths_first -Wl -headerpad_max_install_names  -v -Wl -v CMakeFiles/cmTC_898c8.dir/CMakeCCompilerABI.c.o -o cmTC_898c8 ]
  ignore line: [Apple clang version 12.0.5 (clang-1205.0.22.9)]
  ignore line: [Target: x86_64-apple-darwin20.5.0]
  ignore line: [Thread model: posix]
  ignore line: [InstalledDir: /Library/Developer/CommandLineTools/usr/bin]
  link line: [ "/Library/Developer/CommandLineTools/usr/bin/ld" -demangle -lto_library /Library/Developer/CommandLineTools/usr/lib/libLTO.dylib -dynamic -arch x86_64 -platform_version macos 11.0.0 11.3 -syslibroot /Library/Developer/CommandLineTools/SDKs/MacOSX11.3.sdk -o cmTC_898c8 -search_paths_first -headerpad_max_install_names -v CMakeFiles/cmTC_898c8.dir/CMakeCCompilerABI.c.o -lSystem /Library/Developer/CommandLineTools/usr/lib/clang/12.0.5/lib/darwin/libclang_rt.osx.a]
    arg [/Library/Developer/CommandLineTools/usr/bin/ld] ==> ignore
    arg [-demangle] ==> ignore
    arg [-lto_library] ==> ignore, skip following value
    arg [/Library/Developer/CommandLineTools/usr/lib/libLTO.dylib] ==> skip value of -lto_library
    arg [-dynamic] ==> ignore
    arg [-arch] ==> ignore
    arg [x86_64] ==> ignore
    arg [-platform_version] ==> ignore
    arg [macos] ==> ignore
    arg [11.0.0] ==> ignore
    arg [11.3] ==> ignore
    arg [-syslibroot] ==> ignore
    arg [/Library/Developer/CommandLineTools/SDKs/MacOSX11.3.sdk] ==> ignore
    arg [-o] ==> ignore
    arg [cmTC_898c8] ==> ignore
    arg [-search_paths_first] ==> ignore
    arg [-headerpad_max_install_names] ==> ignore
    arg [-v] ==> ignore
    arg [CMakeFiles/cmTC_898c8.dir/CMakeCCompilerABI.c.o] ==> ignore
    arg [-lSystem] ==> lib [System]
    arg [/Library/Developer/CommandLineTools/usr/lib/clang/12.0.5/lib/darwin/libclang_rt.osx.a] ==> lib [/Library/Developer/CommandLineTools/usr/lib/clang/12.0.5/lib/darwin/libclang_rt.osx.a]
  Library search paths: [;/Library/Developer/CommandLineTools/SDKs/MacOSX11.3.sdk/usr/lib]
  Framework search paths: [;/Library/Developer/CommandLineTools/SDKs/MacOSX11.3.sdk/System/Library/Frameworks/]
  remove lib [System]
  remove lib [/Library/Developer/CommandLineTools/usr/lib/clang/12.0.5/lib/darwin/libclang_rt.osx.a]
  collapse library dir [/Library/Developer/CommandLineTools/SDKs/MacOSX11.3.sdk/usr/lib] ==> [/Library/Developer/CommandLineTools/SDKs/MacOSX11.3.sdk/usr/lib]
  collapse framework dir [/Library/Developer/CommandLineTools/SDKs/MacOSX11.3.sdk/System/Library/Frameworks/] ==> [/Library/Developer/CommandLineTools/SDKs/MacOSX11.3.sdk/System/Library/Frameworks]
  implicit libs: []
  implicit objs: []
  implicit dirs: [/Library/Developer/CommandLineTools/SDKs/MacOSX11.3.sdk/usr/lib]
  implicit fwks: [/Library/Developer/CommandLineTools/SDKs/MacOSX11.3.sdk/System/Library/Frameworks]


Determining if the include file sys/types.h exists passed with the following output:
Change Dir: /Users/nilesh/Desktop/ego1155/WinLinux/PfxApp/Sources/plibsys/macosx/CMakeFiles/CMakeTmp

Run Build Command(s):/usr/bin/make -f Makefile cmTC_b9903/fast && /Library/Developer/CommandLineTools/usr/bin/make  -f CMakeFiles/cmTC_b9903.dir/build.make CMakeFiles/cmTC_b9903.dir/build
Building C object CMakeFiles/cmTC_b9903.dir/CheckIncludeFile.c.o
/Library/Developer/CommandLineTools/usr/bin/cc   -isysroot /Library/Developer/CommandLineTools/SDKs/MacOSX11.3.sdk -MD -MT CMakeFiles/cmTC_b9903.dir/CheckIncludeFile.c.o -MF CMakeFiles/cmTC_b9903.dir/CheckIncludeFile.c.o.d -o CMakeFiles/cmTC_b9903.dir/CheckIncludeFile.c.o -c /Users/nilesh/Desktop/ego1155/WinLinux/PfxApp/Sources/plibsys/macosx/CMakeFiles/CMakeTmp/CheckIncludeFile.c
Linking C executable cmTC_b9903
/usr/local/Cellar/cmake/3.21.1/bin/cmake -E cmake_link_script CMakeFiles/cmTC_b9903.dir/link.txt --verbose=1
/Library/Developer/CommandLineTools/usr/bin/cc  -isysroot /Library/Developer/CommandLineTools/SDKs/MacOSX11.3.sdk -Wl,-search_paths_first -Wl,-headerpad_max_install_names CMakeFiles/cmTC_b9903.dir/CheckIncludeFile.c.o -o cmTC_b9903 



Determining if the include file stdint.h exists passed with the following output:
Change Dir: /Users/nilesh/Desktop/ego1155/WinLinux/PfxApp/Sources/plibsys/macosx/CMakeFiles/CMakeTmp

Run Build Command(s):/usr/bin/make -f Makefile cmTC_40c65/fast && /Library/Developer/CommandLineTools/usr/bin/make  -f CMakeFiles/cmTC_40c65.dir/build.make CMakeFiles/cmTC_40c65.dir/build
Building C object CMakeFiles/cmTC_40c65.dir/CheckIncludeFile.c.o
/Library/Developer/CommandLineTools/usr/bin/cc   -isysroot /Library/Developer/CommandLineTools/SDKs/MacOSX11.3.sdk -MD -MT CMakeFiles/cmTC_40c65.dir/CheckIncludeFile.c.o -MF CMakeFiles/cmTC_40c65.dir/CheckIncludeFile.c.o.d -o CMakeFiles/cmTC_40c65.dir/CheckIncludeFile.c.o -c /Users/nilesh/Desktop/ego1155/WinLinux/PfxApp/Sources/plibsys/macosx/CMakeFiles/CMakeTmp/CheckIncludeFile.c
Linking C executable cmTC_40c65
/usr/local/Cellar/cmake/3.21.1/bin/cmake -E cmake_link_script CMakeFiles/cmTC_40c65.dir/link.txt --verbose=1
/Library/Developer/CommandLineTools/usr/bin/cc  -isysroot /Library/Developer/CommandLineTools/SDKs/MacOSX11.3.sdk -Wl,-search_paths_first -Wl,-headerpad_max_install_names CMakeFiles/cmTC_40c65.dir/CheckIncludeFile.c.o -o cmTC_40c65 



Determining if the include file stddef.h exists passed with the following output:
Change Dir: /Users/nilesh/Desktop/ego1155/WinLinux/PfxApp/Sources/plibsys/macosx/CMakeFiles/CMakeTmp

Run Build Command(s):/usr/bin/make -f Makefile cmTC_34309/fast && /Library/Developer/CommandLineTools/usr/bin/make  -f CMakeFiles/cmTC_34309.dir/build.make CMakeFiles/cmTC_34309.dir/build
Building C object CMakeFiles/cmTC_34309.dir/CheckIncludeFile.c.o
/Library/Developer/CommandLineTools/usr/bin/cc   -isysroot /Library/Developer/CommandLineTools/SDKs/MacOSX11.3.sdk -MD -MT CMakeFiles/cmTC_34309.dir/CheckIncludeFile.c.o -MF CMakeFiles/cmTC_34309.dir/CheckIncludeFile.c.o.d -o CMakeFiles/cmTC_34309.dir/CheckIncludeFile.c.o -c /Users/nilesh/Desktop/ego1155/WinLinux/PfxApp/Sources/plibsys/macosx/CMakeFiles/CMakeTmp/CheckIncludeFile.c
Linking C executable cmTC_34309
/usr/local/Cellar/cmake/3.21.1/bin/cmake -E cmake_link_script CMakeFiles/cmTC_34309.dir/link.txt --verbose=1
/Library/Developer/CommandLineTools/usr/bin/cc  -isysroot /Library/Developer/CommandLineTools/SDKs/MacOSX11.3.sdk -Wl,-search_paths_first -Wl,-headerpad_max_install_names CMakeFiles/cmTC_34309.dir/CheckIncludeFile.c.o -o cmTC_34309 



Determining size of void * passed with the following output:
Change Dir: /Users/nilesh/Desktop/ego1155/WinLinux/PfxApp/Sources/plibsys/macosx/CMakeFiles/CMakeTmp

Run Build Command(s):/usr/bin/make -f Makefile cmTC_772a4/fast && /Library/Developer/CommandLineTools/usr/bin/make  -f CMakeFiles/cmTC_772a4.dir/build.make CMakeFiles/cmTC_772a4.dir/build
Building C object CMakeFiles/cmTC_772a4.dir/PLIBSYS_SIZEOF_VOID_P.c.o
/Library/Developer/CommandLineTools/usr/bin/cc   -isysroot /Library/Developer/CommandLineTools/SDKs/MacOSX11.3.sdk -MD -MT CMakeFiles/cmTC_772a4.dir/PLIBSYS_SIZEOF_VOID_P.c.o -MF CMakeFiles/cmTC_772a4.dir/PLIBSYS_SIZEOF_VOID_P.c.o.d -o CMakeFiles/cmTC_772a4.dir/PLIBSYS_SIZEOF_VOID_P.c.o -c /Users/nilesh/Desktop/ego1155/WinLinux/PfxApp/Sources/plibsys/macosx/CMakeFiles/CheckTypeSize/PLIBSYS_SIZEOF_VOID_P.c
Linking C executable cmTC_772a4
/usr/local/Cellar/cmake/3.21.1/bin/cmake -E cmake_link_script CMakeFiles/cmTC_772a4.dir/link.txt --verbose=1
/Library/Developer/CommandLineTools/usr/bin/cc  -isysroot /Library/Developer/CommandLineTools/SDKs/MacOSX11.3.sdk -Wl,-search_paths_first -Wl,-headerpad_max_install_names CMakeFiles/cmTC_772a4.dir/PLIBSYS_SIZEOF_VOID_P.c.o -o cmTC_772a4 



Determining size of size_t passed with the following output:
Change Dir: /Users/nilesh/Desktop/ego1155/WinLinux/PfxApp/Sources/plibsys/macosx/CMakeFiles/CMakeTmp

Run Build Command(s):/usr/bin/make -f Makefile cmTC_da0ba/fast && /Library/Developer/CommandLineTools/usr/bin/make  -f CMakeFiles/cmTC_da0ba.dir/build.make CMakeFiles/cmTC_da0ba.dir/build
Building C object CMakeFiles/cmTC_da0ba.dir/PLIBSYS_SIZEOF_SIZE_T.c.o
/Library/Developer/CommandLineTools/usr/bin/cc   -isysroot /Library/Developer/CommandLineTools/SDKs/MacOSX11.3.sdk -MD -MT CMakeFiles/cmTC_da0ba.dir/PLIBSYS_SIZEOF_SIZE_T.c.o -MF CMakeFiles/cmTC_da0ba.dir/PLIBSYS_SIZEOF_SIZE_T.c.o.d -o CMakeFiles/cmTC_da0ba.dir/PLIBSYS_SIZEOF_SIZE_T.c.o -c /Users/nilesh/Desktop/ego1155/WinLinux/PfxApp/Sources/plibsys/macosx/CMakeFiles/CheckTypeSize/PLIBSYS_SIZEOF_SIZE_T.c
Linking C executable cmTC_da0ba
/usr/local/Cellar/cmake/3.21.1/bin/cmake -E cmake_link_script CMakeFiles/cmTC_da0ba.dir/link.txt --verbose=1
/Library/Developer/CommandLineTools/usr/bin/cc  -isysroot /Library/Developer/CommandLineTools/SDKs/MacOSX11.3.sdk -Wl,-search_paths_first -Wl,-headerpad_max_install_names CMakeFiles/cmTC_da0ba.dir/PLIBSYS_SIZEOF_SIZE_T.c.o -o cmTC_da0ba 



Determining size of long passed with the following output:
Change Dir: /Users/nilesh/Desktop/ego1155/WinLinux/PfxApp/Sources/plibsys/macosx/CMakeFiles/CMakeTmp

Run Build Command(s):/usr/bin/make -f Makefile cmTC_3ee16/fast && /Library/Developer/CommandLineTools/usr/bin/make  -f CMakeFiles/cmTC_3ee16.dir/build.make CMakeFiles/cmTC_3ee16.dir/build
Building C object CMakeFiles/cmTC_3ee16.dir/PLIBSYS_SIZEOF_LONG.c.o
/Library/Developer/CommandLineTools/usr/bin/cc   -isysroot /Library/Developer/CommandLineTools/SDKs/MacOSX11.3.sdk -MD -MT CMakeFiles/cmTC_3ee16.dir/PLIBSYS_SIZEOF_LONG.c.o -MF CMakeFiles/cmTC_3ee16.dir/PLIBSYS_SIZEOF_LONG.c.o.d -o CMakeFiles/cmTC_3ee16.dir/PLIBSYS_SIZEOF_LONG.c.o -c /Users/nilesh/Desktop/ego1155/WinLinux/PfxApp/Sources/plibsys/macosx/CMakeFiles/CheckTypeSize/PLIBSYS_SIZEOF_LONG.c
Linking C executable cmTC_3ee16
/usr/local/Cellar/cmake/3.21.1/bin/cmake -E cmake_link_script CMakeFiles/cmTC_3ee16.dir/link.txt --verbose=1
/Library/Developer/CommandLineTools/usr/bin/cc  -isysroot /Library/Developer/CommandLineTools/SDKs/MacOSX11.3.sdk -Wl,-search_paths_first -Wl,-headerpad_max_install_names CMakeFiles/cmTC_3ee16.dir/PLIBSYS_SIZEOF_LONG.c.o -o cmTC_3ee16 



Performing C SOURCE FILE Test PLIBSYS_ATOMIC_IMPL_GCCSYNC succeeded with the following output:
Change Dir: /Users/nilesh/Desktop/ego1155/WinLinux/PfxApp/Sources/plibsys/macosx/CMakeFiles/CMakeTmp

Run Build Command(s):/usr/bin/make -f Makefile cmTC_2ff07/fast && /Library/Developer/CommandLineTools/usr/bin/make  -f CMakeFiles/cmTC_2ff07.dir/build.make CMakeFiles/cmTC_2ff07.dir/build
Building C object CMakeFiles/cmTC_2ff07.dir/src.c.o
/Library/Developer/CommandLineTools/usr/bin/cc -DPLIBSYS_ATOMIC_IMPL_GCCSYNC -D_REENTRANT  -isysroot /Library/Developer/CommandLineTools/SDKs/MacOSX11.3.sdk -MD -MT CMakeFiles/cmTC_2ff07.dir/src.c.o -MF CMakeFiles/cmTC_2ff07.dir/src.c.o.d -o CMakeFiles/cmTC_2ff07.dir/src.c.o -c /Users/nilesh/Desktop/ego1155/WinLinux/PfxApp/Sources/plibsys/macosx/CMakeFiles/CMakeTmp/src.c
Linking C executable cmTC_2ff07
/usr/local/Cellar/cmake/3.21.1/bin/cmake -E cmake_link_script CMakeFiles/cmTC_2ff07.dir/link.txt --verbose=1
/Library/Developer/CommandLineTools/usr/bin/cc  -isysroot /Library/Developer/CommandLineTools/SDKs/MacOSX11.3.sdk -Wl,-search_paths_first -Wl,-headerpad_max_install_names CMakeFiles/cmTC_2ff07.dir/src.c.o -o cmTC_2ff07 


Source file was:
int main () {
                                          int i;
                                          __sync_synchronize ();
                                          __sync_val_compare_and_swap (&i, 0, 1);
                                          __sync_fetch_and_add (&i, 1);
                                          return 0;
                                         }
Determining if the include file float.h exists passed with the following output:
Change Dir: /Users/nilesh/Desktop/ego1155/WinLinux/PfxApp/Sources/plibsys/macosx/CMakeFiles/CMakeTmp

Run Build Command(s):/usr/bin/make -f Makefile cmTC_93919/fast && /Library/Developer/CommandLineTools/usr/bin/make  -f CMakeFiles/cmTC_93919.dir/build.make CMakeFiles/cmTC_93919.dir/build
Building C object CMakeFiles/cmTC_93919.dir/CheckIncludeFile.c.o
/Library/Developer/CommandLineTools/usr/bin/cc -D_REENTRANT  -isysroot /Library/Developer/CommandLineTools/SDKs/MacOSX11.3.sdk -MD -MT CMakeFiles/cmTC_93919.dir/CheckIncludeFile.c.o -MF CMakeFiles/cmTC_93919.dir/CheckIncludeFile.c.o.d -o CMakeFiles/cmTC_93919.dir/CheckIncludeFile.c.o -c /Users/nilesh/Desktop/ego1155/WinLinux/PfxApp/Sources/plibsys/macosx/CMakeFiles/CMakeTmp/CheckIncludeFile.c
Linking C executable cmTC_93919
/usr/local/Cellar/cmake/3.21.1/bin/cmake -E cmake_link_script CMakeFiles/cmTC_93919.dir/link.txt --verbose=1
/Library/Developer/CommandLineTools/usr/bin/cc  -isysroot /Library/Developer/CommandLineTools/SDKs/MacOSX11.3.sdk -Wl,-search_paths_first -Wl,-headerpad_max_install_names CMakeFiles/cmTC_93919.dir/CheckIncludeFile.c.o -o cmTC_93919 



Determining if the include file limits.h exists passed with the following output:
Change Dir: /Users/nilesh/Desktop/ego1155/WinLinux/PfxApp/Sources/plibsys/macosx/CMakeFiles/CMakeTmp

Run Build Command(s):/usr/bin/make -f Makefile cmTC_c8b55/fast && /Library/Developer/CommandLineTools/usr/bin/make  -f CMakeFiles/cmTC_c8b55.dir/build.make CMakeFiles/cmTC_c8b55.dir/build
Building C object CMakeFiles/cmTC_c8b55.dir/CheckIncludeFile.c.o
/Library/Developer/CommandLineTools/usr/bin/cc -D_REENTRANT  -isysroot /Library/Developer/CommandLineTools/SDKs/MacOSX11.3.sdk -MD -MT CMakeFiles/cmTC_c8b55.dir/CheckIncludeFile.c.o -MF CMakeFiles/cmTC_c8b55.dir/CheckIncludeFile.c.o.d -o CMakeFiles/cmTC_c8b55.dir/CheckIncludeFile.c.o -c /Users/nilesh/Desktop/ego1155/WinLinux/PfxApp/Sources/plibsys/macosx/CMakeFiles/CMakeTmp/CheckIncludeFile.c
Linking C executable cmTC_c8b55
/usr/local/Cellar/cmake/3.21.1/bin/cmake -E cmake_link_script CMakeFiles/cmTC_c8b55.dir/link.txt --verbose=1
/Library/Developer/CommandLineTools/usr/bin/cc  -isysroot /Library/Developer/CommandLineTools/SDKs/MacOSX11.3.sdk -Wl,-search_paths_first -Wl,-headerpad_max_install_names CMakeFiles/cmTC_c8b55.dir/CheckIncludeFile.c.o -o cmTC_c8b55 



Performing C SOURCE FILE Test PLIBSYS_MMAP_HAS_MAP_ANON succeeded with the following output:
Change Dir: /Users/nilesh/Desktop/ego1155/WinLinux/PfxApp/Sources/plibsys/macosx/CMakeFiles/CMakeTmp

Run Build Command(s):/usr/bin/make -f Makefile cmTC_05e58/fast && /Library/Developer/CommandLineTools/usr/bin/make  -f CMakeFiles/cmTC_05e58.dir/build.make CMakeFiles/cmTC_05e58.dir/build
Building C object CMakeFiles/cmTC_05e58.dir/src.c.o
/Library/Developer/CommandLineTools/usr/bin/cc -DPLIBSYS_MMAP_HAS_MAP_ANON -D_REENTRANT  -isysroot /Library/Developer/CommandLineTools/SDKs/MacOSX11.3.sdk -MD -MT CMakeFiles/cmTC_05e58.dir/src.c.o -MF CMakeFiles/cmTC_05e58.dir/src.c.o.d -o CMakeFiles/cmTC_05e58.dir/src.c.o -c /Users/nilesh/Desktop/ego1155/WinLinux/PfxApp/Sources/plibsys/macosx/CMakeFiles/CMakeTmp/src.c
Linking C executable cmTC_05e58
/usr/local/Cellar/cmake/3.21.1/bin/cmake -E cmake_link_script CMakeFiles/cmTC_05e58.dir/link.txt --verbose=1
/Library/Developer/CommandLineTools/usr/bin/cc  -isysroot /Library/Developer/CommandLineTools/SDKs/MacOSX11.3.sdk -Wl,-search_paths_first -Wl,-headerpad_max_install_names CMakeFiles/cmTC_05e58.dir/src.c.o -o cmTC_05e58 


Source file was:
#include <sys/types.h>
                                  #include <sys/mman.h>
                                 int main () {
                                        mmap (0, 1024, PROT_READ | PROT_WRITE, MAP_ANON | MAP_PRIVATE, -1, 0);
                                        return 0;
                                 }
Performing C SOURCE FILE Test PLIBSYS_MMAP_HAS_MAP_ANONYMOUS succeeded with the following output:
Change Dir: /Users/nilesh/Desktop/ego1155/WinLinux/PfxApp/Sources/plibsys/macosx/CMakeFiles/CMakeTmp

Run Build Command(s):/usr/bin/make -f Makefile cmTC_f8c32/fast && /Library/Developer/CommandLineTools/usr/bin/make  -f CMakeFiles/cmTC_f8c32.dir/build.make CMakeFiles/cmTC_f8c32.dir/build
Building C object CMakeFiles/cmTC_f8c32.dir/src.c.o
/Library/Developer/CommandLineTools/usr/bin/cc -DPLIBSYS_MMAP_HAS_MAP_ANONYMOUS -D_REENTRANT  -isysroot /Library/Developer/CommandLineTools/SDKs/MacOSX11.3.sdk -MD -MT CMakeFiles/cmTC_f8c32.dir/src.c.o -MF CMakeFiles/cmTC_f8c32.dir/src.c.o.d -o CMakeFiles/cmTC_f8c32.dir/src.c.o -c /Users/nilesh/Desktop/ego1155/WinLinux/PfxApp/Sources/plibsys/macosx/CMakeFiles/CMakeTmp/src.c
Linking C executable cmTC_f8c32
/usr/local/Cellar/cmake/3.21.1/bin/cmake -E cmake_link_script CMakeFiles/cmTC_f8c32.dir/link.txt --verbose=1
/Library/Developer/CommandLineTools/usr/bin/cc  -isysroot /Library/Developer/CommandLineTools/SDKs/MacOSX11.3.sdk -Wl,-search_paths_first -Wl,-headerpad_max_install_names CMakeFiles/cmTC_f8c32.dir/src.c.o -o cmTC_f8c32 


Source file was:
#include <sys/types.h>
                                  #include <sys/mman.h>
                                 int main () {
                                        mmap (0, 1024, PROT_READ | PROT_WRITE, MAP_ANONYMOUS | MAP_PRIVATE, -1, 0);
                                        return 0;
                                 }
Performing C SOURCE FILE Test PLIBSYS_HAS_NANOSLEEP succeeded with the following output:
Change Dir: /Users/nilesh/Desktop/ego1155/WinLinux/PfxApp/Sources/plibsys/macosx/CMakeFiles/CMakeTmp

Run Build Command(s):/usr/bin/make -f Makefile cmTC_65ff1/fast && /Library/Developer/CommandLineTools/usr/bin/make  -f CMakeFiles/cmTC_65ff1.dir/build.make CMakeFiles/cmTC_65ff1.dir/build
Building C object CMakeFiles/cmTC_65ff1.dir/src.c.o
/Library/Developer/CommandLineTools/usr/bin/cc -DPLIBSYS_HAS_NANOSLEEP -D_REENTRANT  -isysroot /Library/Developer/CommandLineTools/SDKs/MacOSX11.3.sdk -MD -MT CMakeFiles/cmTC_65ff1.dir/src.c.o -MF CMakeFiles/cmTC_65ff1.dir/src.c.o.d -o CMakeFiles/cmTC_65ff1.dir/src.c.o -c /Users/nilesh/Desktop/ego1155/WinLinux/PfxApp/Sources/plibsys/macosx/CMakeFiles/CMakeTmp/src.c
Linking C executable cmTC_65ff1
/usr/local/Cellar/cmake/3.21.1/bin/cmake -E cmake_link_script CMakeFiles/cmTC_65ff1.dir/link.txt --verbose=1
/Library/Developer/CommandLineTools/usr/bin/cc  -isysroot /Library/Developer/CommandLineTools/SDKs/MacOSX11.3.sdk -Wl,-search_paths_first -Wl,-headerpad_max_install_names CMakeFiles/cmTC_65ff1.dir/src.c.o -o cmTC_65ff1 


Source file was:
#include <time.h>
                                 int main () {
                                        struct timespec time_sp = {0, 500000000L};
                                        nanosleep (&time_sp, NULL);
                                        return 0;
                                 }
Performing C SOURCE FILE Test PLIBSYS_HAS_GETADDRINFO succeeded with the following output:
Change Dir: /Users/nilesh/Desktop/ego1155/WinLinux/PfxApp/Sources/plibsys/macosx/CMakeFiles/CMakeTmp

Run Build Command(s):/usr/bin/make -f Makefile cmTC_b7fd9/fast && /Library/Developer/CommandLineTools/usr/bin/make  -f CMakeFiles/cmTC_b7fd9.dir/build.make CMakeFiles/cmTC_b7fd9.dir/build
Building C object CMakeFiles/cmTC_b7fd9.dir/src.c.o
/Library/Developer/CommandLineTools/usr/bin/cc -DPLIBSYS_HAS_GETADDRINFO -D_REENTRANT  -isysroot /Library/Developer/CommandLineTools/SDKs/MacOSX11.3.sdk -MD -MT CMakeFiles/cmTC_b7fd9.dir/src.c.o -MF CMakeFiles/cmTC_b7fd9.dir/src.c.o.d -o CMakeFiles/cmTC_b7fd9.dir/src.c.o -c /Users/nilesh/Desktop/ego1155/WinLinux/PfxApp/Sources/plibsys/macosx/CMakeFiles/CMakeTmp/src.c
Linking C executable cmTC_b7fd9
/usr/local/Cellar/cmake/3.21.1/bin/cmake -E cmake_link_script CMakeFiles/cmTC_b7fd9.dir/link.txt --verbose=1
/Library/Developer/CommandLineTools/usr/bin/cc  -isysroot /Library/Developer/CommandLineTools/SDKs/MacOSX11.3.sdk -Wl,-search_paths_first -Wl,-headerpad_max_install_names CMakeFiles/cmTC_b7fd9.dir/src.c.o -o cmTC_b7fd9 


Source file was:
#include <sys/socket.h>
                                  #include <netdb.h>
                                 int main () {
                                        getaddrinfo (0, 0, 0, 0);
                                        freeaddrinfo (0);

                                        return 0;
                                 }
Performing C SOURCE FILE Test PLIBSYS_HAS_POSIX_SCHEDULING succeeded with the following output:
Change Dir: /Users/nilesh/Desktop/ego1155/WinLinux/PfxApp/Sources/plibsys/macosx/CMakeFiles/CMakeTmp

Run Build Command(s):/usr/bin/make -f Makefile cmTC_84371/fast && /Library/Developer/CommandLineTools/usr/bin/make  -f CMakeFiles/cmTC_84371.dir/build.make CMakeFiles/cmTC_84371.dir/build
Building C object CMakeFiles/cmTC_84371.dir/src.c.o
/Library/Developer/CommandLineTools/usr/bin/cc -DPLIBSYS_HAS_POSIX_SCHEDULING -D_REENTRANT  -isysroot /Library/Developer/CommandLineTools/SDKs/MacOSX11.3.sdk -MD -MT CMakeFiles/cmTC_84371.dir/src.c.o -MF CMakeFiles/cmTC_84371.dir/src.c.o.d -o CMakeFiles/cmTC_84371.dir/src.c.o -c /Users/nilesh/Desktop/ego1155/WinLinux/PfxApp/Sources/plibsys/macosx/CMakeFiles/CMakeTmp/src.c
Linking C executable cmTC_84371
/usr/local/Cellar/cmake/3.21.1/bin/cmake -E cmake_link_script CMakeFiles/cmTC_84371.dir/link.txt --verbose=1
/Library/Developer/CommandLineTools/usr/bin/cc  -isysroot /Library/Developer/CommandLineTools/SDKs/MacOSX11.3.sdk -Wl,-search_paths_first -Wl,-headerpad_max_install_names CMakeFiles/cmTC_84371.dir/src.c.o -o cmTC_84371 


Source file was:
#include <unistd.h>
                                  #include <pthread.h>
                                  #include <sched.h>

                                 int main () {
                                        #if defined (_POSIX_THREAD_PRIORITY_SCHEDULING)
                                          sched_get_priority_min (0);
                                          sched_get_priority_max (0);
                                        #else
                                          stop_compile_here
                                        #endif
                                        return 0;
                                 }
Performing C SOURCE FILE Test PLIBSYS_HAS_POSIX_STACKSIZE succeeded with the following output:
Change Dir: /Users/nilesh/Desktop/ego1155/WinLinux/PfxApp/Sources/plibsys/macosx/CMakeFiles/CMakeTmp

Run Build Command(s):/usr/bin/make -f Makefile cmTC_075ff/fast && /Library/Developer/CommandLineTools/usr/bin/make  -f CMakeFiles/cmTC_075ff.dir/build.make CMakeFiles/cmTC_075ff.dir/build
Building C object CMakeFiles/cmTC_075ff.dir/src.c.o
/Library/Developer/CommandLineTools/usr/bin/cc -DPLIBSYS_HAS_POSIX_STACKSIZE -D_REENTRANT  -isysroot /Library/Developer/CommandLineTools/SDKs/MacOSX11.3.sdk -MD -MT CMakeFiles/cmTC_075ff.dir/src.c.o -MF CMakeFiles/cmTC_075ff.dir/src.c.o.d -o CMakeFiles/cmTC_075ff.dir/src.c.o -c /Users/nilesh/Desktop/ego1155/WinLinux/PfxApp/Sources/plibsys/macosx/CMakeFiles/CMakeTmp/src.c
Linking C executable cmTC_075ff
/usr/local/Cellar/cmake/3.21.1/bin/cmake -E cmake_link_script CMakeFiles/cmTC_075ff.dir/link.txt --verbose=1
/Library/Developer/CommandLineTools/usr/bin/cc  -isysroot /Library/Developer/CommandLineTools/SDKs/MacOSX11.3.sdk -Wl,-search_paths_first -Wl,-headerpad_max_install_names CMakeFiles/cmTC_075ff.dir/src.c.o -o cmTC_075ff 


Source file was:
#include <pthread.h>

                                 int main () {
                                        pthread_attr_t attr;

                                        pthread_attr_setstacksize (&attr, 0);
                                        return 0;
                                 }
Performing C SOURCE FILE Test PLIBSYS_HAS_POSIX_RWLOCK succeeded with the following output:
Change Dir: /Users/nilesh/Desktop/ego1155/WinLinux/PfxApp/Sources/plibsys/macosx/CMakeFiles/CMakeTmp

Run Build Command(s):/usr/bin/make -f Makefile cmTC_cd493/fast && /Library/Developer/CommandLineTools/usr/bin/make  -f CMakeFiles/cmTC_cd493.dir/build.make CMakeFiles/cmTC_cd493.dir/build
Building C object CMakeFiles/cmTC_cd493.dir/src.c.o
/Library/Developer/CommandLineTools/usr/bin/cc -DPLIBSYS_HAS_POSIX_RWLOCK -D_REENTRANT  -isysroot /Library/Developer/CommandLineTools/SDKs/MacOSX11.3.sdk -MD -MT CMakeFiles/cmTC_cd493.dir/src.c.o -MF CMakeFiles/cmTC_cd493.dir/src.c.o.d -o CMakeFiles/cmTC_cd493.dir/src.c.o -c /Users/nilesh/Desktop/ego1155/WinLinux/PfxApp/Sources/plibsys/macosx/CMakeFiles/CMakeTmp/src.c
Linking C executable cmTC_cd493
/usr/local/Cellar/cmake/3.21.1/bin/cmake -E cmake_link_script CMakeFiles/cmTC_cd493.dir/link.txt --verbose=1
/Library/Developer/CommandLineTools/usr/bin/cc  -isysroot /Library/Developer/CommandLineTools/SDKs/MacOSX11.3.sdk -Wl,-search_paths_first -Wl,-headerpad_max_install_names CMakeFiles/cmTC_cd493.dir/src.c.o -o cmTC_cd493 


Source file was:
#include <pthread.h>

                                 int main () {
                                        pthread_rwlock_t rwl;

                                        pthread_rwlock_init (&rwl, 0);
                                        pthread_rwlock_destroy (&rwl);
                                        return 0;
                                 }
Performing C SOURCE FILE Test PLIBSYS_HAS_POSIX_SETNAME_NP_1 succeeded with the following output:
Change Dir: /Users/nilesh/Desktop/ego1155/WinLinux/PfxApp/Sources/plibsys/macosx/CMakeFiles/CMakeTmp

Run Build Command(s):/usr/bin/make -f Makefile cmTC_f9625/fast && /Library/Developer/CommandLineTools/usr/bin/make  -f CMakeFiles/cmTC_f9625.dir/build.make CMakeFiles/cmTC_f9625.dir/build
Building C object CMakeFiles/cmTC_f9625.dir/src.c.o
/Library/Developer/CommandLineTools/usr/bin/cc -DPLIBSYS_HAS_POSIX_SETNAME_NP_1 -D_REENTRANT  -isysroot /Library/Developer/CommandLineTools/SDKs/MacOSX11.3.sdk -MD -MT CMakeFiles/cmTC_f9625.dir/src.c.o -MF CMakeFiles/cmTC_f9625.dir/src.c.o.d -o CMakeFiles/cmTC_f9625.dir/src.c.o -c /Users/nilesh/Desktop/ego1155/WinLinux/PfxApp/Sources/plibsys/macosx/CMakeFiles/CMakeTmp/src.c
Linking C executable cmTC_f9625
/usr/local/Cellar/cmake/3.21.1/bin/cmake -E cmake_link_script CMakeFiles/cmTC_f9625.dir/link.txt --verbose=1
/Library/Developer/CommandLineTools/usr/bin/cc  -isysroot /Library/Developer/CommandLineTools/SDKs/MacOSX11.3.sdk -Wl,-search_paths_first -Wl,-headerpad_max_install_names CMakeFiles/cmTC_f9625.dir/src.c.o -o cmTC_f9625 


Source file was:

                     #include <pthread.h>

                     int main () {
                        pthread_setname_np ("thread_name");
                        return 0;
                     }
Performing C SOURCE FILE Test PLIBSYS_HAS_SOCKLEN_T succeeded with the following output:
Change Dir: /Users/nilesh/Desktop/ego1155/WinLinux/PfxApp/Sources/plibsys/macosx/CMakeFiles/CMakeTmp

Run Build Command(s):/usr/bin/make -f Makefile cmTC_198d7/fast && /Library/Developer/CommandLineTools/usr/bin/make  -f CMakeFiles/cmTC_198d7.dir/build.make CMakeFiles/cmTC_198d7.dir/build
Building C object CMakeFiles/cmTC_198d7.dir/src.c.o
/Library/Developer/CommandLineTools/usr/bin/cc -DPLIBSYS_HAS_SOCKLEN_T -D_REENTRANT  -isysroot /Library/Developer/CommandLineTools/SDKs/MacOSX11.3.sdk -MD -MT CMakeFiles/cmTC_198d7.dir/src.c.o -MF CMakeFiles/cmTC_198d7.dir/src.c.o.d -o CMakeFiles/cmTC_198d7.dir/src.c.o -c /Users/nilesh/Desktop/ego1155/WinLinux/PfxApp/Sources/plibsys/macosx/CMakeFiles/CMakeTmp/src.c
Linking C executable cmTC_198d7
/usr/local/Cellar/cmake/3.21.1/bin/cmake -E cmake_link_script CMakeFiles/cmTC_198d7.dir/link.txt --verbose=1
/Library/Developer/CommandLineTools/usr/bin/cc  -isysroot /Library/Developer/CommandLineTools/SDKs/MacOSX11.3.sdk -Wl,-search_paths_first -Wl,-headerpad_max_install_names CMakeFiles/cmTC_198d7.dir/src.c.o -o cmTC_198d7 


Source file was:
#include <sys/types.h>
                                      #include <sys/socket.h>
                                      #include <netinet/in.h>
                          int main () {
                                socklen_t len = sizeof (socklen_t);
                                return len > 0 ? 0 : -1;
                          }
Performing C SOURCE FILE Test PLIBSYS_HAS_SOCKADDR_STORAGE succeeded with the following output:
Change Dir: /Users/nilesh/Desktop/ego1155/WinLinux/PfxApp/Sources/plibsys/macosx/CMakeFiles/CMakeTmp

Run Build Command(s):/usr/bin/make -f Makefile cmTC_3b8e8/fast && /Library/Developer/CommandLineTools/usr/bin/make  -f CMakeFiles/cmTC_3b8e8.dir/build.make CMakeFiles/cmTC_3b8e8.dir/build
Building C object CMakeFiles/cmTC_3b8e8.dir/src.c.o
/Library/Developer/CommandLineTools/usr/bin/cc -DPLIBSYS_HAS_SOCKADDR_STORAGE -D_REENTRANT  -isysroot /Library/Developer/CommandLineTools/SDKs/MacOSX11.3.sdk -MD -MT CMakeFiles/cmTC_3b8e8.dir/src.c.o -MF CMakeFiles/cmTC_3b8e8.dir/src.c.o.d -o CMakeFiles/cmTC_3b8e8.dir/src.c.o -c /Users/nilesh/Desktop/ego1155/WinLinux/PfxApp/Sources/plibsys/macosx/CMakeFiles/CMakeTmp/src.c
Linking C executable cmTC_3b8e8
/usr/local/Cellar/cmake/3.21.1/bin/cmake -E cmake_link_script CMakeFiles/cmTC_3b8e8.dir/link.txt --verbose=1
/Library/Developer/CommandLineTools/usr/bin/cc  -isysroot /Library/Developer/CommandLineTools/SDKs/MacOSX11.3.sdk -Wl,-search_paths_first -Wl,-headerpad_max_install_names CMakeFiles/cmTC_3b8e8.dir/src.c.o -o cmTC_3b8e8 


Source file was:
#include <sys/types.h>
                                      #include <sys/socket.h>
                                      #include <netinet/in.h>
                          int main () {
                                struct sockaddr_storage sock_addr;
                                sock_addr.ss_family = AF_INET;

                                return 0;
                          }
Performing C SOURCE FILE Test PLIBSYS_SOCKADDR_HAS_SA_LEN succeeded with the following output:
Change Dir: /Users/nilesh/Desktop/ego1155/WinLinux/PfxApp/Sources/plibsys/macosx/CMakeFiles/CMakeTmp

Run Build Command(s):/usr/bin/make -f Makefile cmTC_a6037/fast && /Library/Developer/CommandLineTools/usr/bin/make  -f CMakeFiles/cmTC_a6037.dir/build.make CMakeFiles/cmTC_a6037.dir/build
Building C object CMakeFiles/cmTC_a6037.dir/src.c.o
/Library/Developer/CommandLineTools/usr/bin/cc -DPLIBSYS_SOCKADDR_HAS_SA_LEN -D_REENTRANT  -isysroot /Library/Developer/CommandLineTools/SDKs/MacOSX11.3.sdk -MD -MT CMakeFiles/cmTC_a6037.dir/src.c.o -MF CMakeFiles/cmTC_a6037.dir/src.c.o.d -o CMakeFiles/cmTC_a6037.dir/src.c.o -c /Users/nilesh/Desktop/ego1155/WinLinux/PfxApp/Sources/plibsys/macosx/CMakeFiles/CMakeTmp/src.c
Linking C executable cmTC_a6037
/usr/local/Cellar/cmake/3.21.1/bin/cmake -E cmake_link_script CMakeFiles/cmTC_a6037.dir/link.txt --verbose=1
/Library/Developer/CommandLineTools/usr/bin/cc  -isysroot /Library/Developer/CommandLineTools/SDKs/MacOSX11.3.sdk -Wl,-search_paths_first -Wl,-headerpad_max_install_names CMakeFiles/cmTC_a6037.dir/src.c.o -o cmTC_a6037 


Source file was:
#include <sys/types.h>
                                      #include <sys/socket.h>
                                      #include <netinet/in.h>
                          int main () {
                                struct sockaddr sock_addr;
                                sock_addr.sa_len = 0;

                                return 0;
                          }
Performing C SOURCE FILE Test PLIBSYS_SOCKADDR_IN6_HAS_SCOPEID succeeded with the following output:
Change Dir: /Users/nilesh/Desktop/ego1155/WinLinux/PfxApp/Sources/plibsys/macosx/CMakeFiles/CMakeTmp

Run Build Command(s):/usr/bin/make -f Makefile cmTC_aa2ee/fast && /Library/Developer/CommandLineTools/usr/bin/make  -f CMakeFiles/cmTC_aa2ee.dir/build.make CMakeFiles/cmTC_aa2ee.dir/build
Building C object CMakeFiles/cmTC_aa2ee.dir/src.c.o
/Library/Developer/CommandLineTools/usr/bin/cc -DPLIBSYS_SOCKADDR_IN6_HAS_SCOPEID -D_REENTRANT  -isysroot /Library/Developer/CommandLineTools/SDKs/MacOSX11.3.sdk -MD -MT CMakeFiles/cmTC_aa2ee.dir/src.c.o -MF CMakeFiles/cmTC_aa2ee.dir/src.c.o.d -o CMakeFiles/cmTC_aa2ee.dir/src.c.o -c /Users/nilesh/Desktop/ego1155/WinLinux/PfxApp/Sources/plibsys/macosx/CMakeFiles/CMakeTmp/src.c
Linking C executable cmTC_aa2ee
/usr/local/Cellar/cmake/3.21.1/bin/cmake -E cmake_link_script CMakeFiles/cmTC_aa2ee.dir/link.txt --verbose=1
/Library/Developer/CommandLineTools/usr/bin/cc  -isysroot /Library/Developer/CommandLineTools/SDKs/MacOSX11.3.sdk -Wl,-search_paths_first -Wl,-headerpad_max_install_names CMakeFiles/cmTC_aa2ee.dir/src.c.o -o cmTC_aa2ee 


Source file was:
#include <sys/types.h>
                                      #include <sys/socket.h>
                                      #include <netinet/in.h>
                          int main () {
                                struct sockaddr_in6 sock_addr;
                                sock_addr.sin6_scope_id = 0;

                                return 0;
                          }
Performing C SOURCE FILE Test PLIBSYS_SOCKADDR_IN6_HAS_FLOWINFO succeeded with the following output:
Change Dir: /Users/nilesh/Desktop/ego1155/WinLinux/PfxApp/Sources/plibsys/macosx/CMakeFiles/CMakeTmp

Run Build Command(s):/usr/bin/make -f Makefile cmTC_f4d0d/fast && /Library/Developer/CommandLineTools/usr/bin/make  -f CMakeFiles/cmTC_f4d0d.dir/build.make CMakeFiles/cmTC_f4d0d.dir/build
Building C object CMakeFiles/cmTC_f4d0d.dir/src.c.o
/Library/Developer/CommandLineTools/usr/bin/cc -DPLIBSYS_SOCKADDR_IN6_HAS_FLOWINFO -D_REENTRANT  -isysroot /Library/Developer/CommandLineTools/SDKs/MacOSX11.3.sdk -MD -MT CMakeFiles/cmTC_f4d0d.dir/src.c.o -MF CMakeFiles/cmTC_f4d0d.dir/src.c.o.d -o CMakeFiles/cmTC_f4d0d.dir/src.c.o -c /Users/nilesh/Desktop/ego1155/WinLinux/PfxApp/Sources/plibsys/macosx/CMakeFiles/CMakeTmp/src.c
Linking C executable cmTC_f4d0d
/usr/local/Cellar/cmake/3.21.1/bin/cmake -E cmake_link_script CMakeFiles/cmTC_f4d0d.dir/link.txt --verbose=1
/Library/Developer/CommandLineTools/usr/bin/cc  -isysroot /Library/Developer/CommandLineTools/SDKs/MacOSX11.3.sdk -Wl,-search_paths_first -Wl,-headerpad_max_install_names CMakeFiles/cmTC_f4d0d.dir/src.c.o -o cmTC_f4d0d 


Source file was:
#include <sys/types.h>
                                      #include <sys/socket.h>
                                      #include <netinet/in.h>
                          int main () {
                                struct sockaddr_in6 sock_addr;
                                sock_addr.sin6_flowinfo = 0;

                                return 0;
                          }
Determining size of ((struct sockaddr *) 0)->sa_family passed with the following output:
Change Dir: /Users/nilesh/Desktop/ego1155/WinLinux/PfxApp/Sources/plibsys/macosx/CMakeFiles/CMakeTmp

Run Build Command(s):/usr/bin/make -f Makefile cmTC_72bea/fast && /Library/Developer/CommandLineTools/usr/bin/make  -f CMakeFiles/cmTC_72bea.dir/build.make CMakeFiles/cmTC_72bea.dir/build
Building C object CMakeFiles/cmTC_72bea.dir/PLIBSYS_SIZEOF_SAFAMILY_T.c.o
/Library/Developer/CommandLineTools/usr/bin/cc -D_REENTRANT  -isysroot /Library/Developer/CommandLineTools/SDKs/MacOSX11.3.sdk -MD -MT CMakeFiles/cmTC_72bea.dir/PLIBSYS_SIZEOF_SAFAMILY_T.c.o -MF CMakeFiles/cmTC_72bea.dir/PLIBSYS_SIZEOF_SAFAMILY_T.c.o.d -o CMakeFiles/cmTC_72bea.dir/PLIBSYS_SIZEOF_SAFAMILY_T.c.o -c /Users/nilesh/Desktop/ego1155/WinLinux/PfxApp/Sources/plibsys/macosx/CMakeFiles/CheckTypeSize/PLIBSYS_SIZEOF_SAFAMILY_T.c
Linking C executable cmTC_72bea
/usr/local/Cellar/cmake/3.21.1/bin/cmake -E cmake_link_script CMakeFiles/cmTC_72bea.dir/link.txt --verbose=1
/Library/Developer/CommandLineTools/usr/bin/cc  -isysroot /Library/Developer/CommandLineTools/SDKs/MacOSX11.3.sdk -Wl,-search_paths_first -Wl,-headerpad_max_install_names CMakeFiles/cmTC_72bea.dir/PLIBSYS_SIZEOF_SAFAMILY_T.c.o -o cmTC_72bea 



Performing C SOURCE FILE Test PLIBSYS_HAS_LLDIV succeeded with the following output:
Change Dir: /Users/nilesh/Desktop/ego1155/WinLinux/PfxApp/Sources/plibsys/macosx/CMakeFiles/CMakeTmp

Run Build Command(s):/usr/bin/make -f Makefile cmTC_9d0b6/fast && /Library/Developer/CommandLineTools/usr/bin/make  -f CMakeFiles/cmTC_9d0b6.dir/build.make CMakeFiles/cmTC_9d0b6.dir/build
Building C object CMakeFiles/cmTC_9d0b6.dir/src.c.o
/Library/Developer/CommandLineTools/usr/bin/cc -DPLIBSYS_HAS_LLDIV -D_REENTRANT  -isysroot /Library/Developer/CommandLineTools/SDKs/MacOSX11.3.sdk -MD -MT CMakeFiles/cmTC_9d0b6.dir/src.c.o -MF CMakeFiles/cmTC_9d0b6.dir/src.c.o.d -o CMakeFiles/cmTC_9d0b6.dir/src.c.o -c /Users/nilesh/Desktop/ego1155/WinLinux/PfxApp/Sources/plibsys/macosx/CMakeFiles/CMakeTmp/src.c
Linking C executable cmTC_9d0b6
/usr/local/Cellar/cmake/3.21.1/bin/cmake -E cmake_link_script CMakeFiles/cmTC_9d0b6.dir/link.txt --verbose=1
/Library/Developer/CommandLineTools/usr/bin/cc  -isysroot /Library/Developer/CommandLineTools/SDKs/MacOSX11.3.sdk -Wl,-search_paths_first -Wl,-headerpad_max_install_names CMakeFiles/cmTC_9d0b6.dir/src.c.o -o cmTC_9d0b6 


Source file was:
#define __USE_ISOC99
                          #include <stdlib.h>
                          int main () {
                                lldiv_t res = lldiv (100LL, 13LL);
                                res.quot = 0;
                                res.rem = 0;

                                return 0;
                          }
Performing C SOURCE FILE Test PLIBSYS_HAS_CLANG_VISIBILITY succeeded with the following output:
Change Dir: /Users/nilesh/Desktop/ego1155/WinLinux/PfxApp/Sources/plibsys/macosx/CMakeFiles/CMakeTmp

Run Build Command(s):/usr/bin/make -f Makefile cmTC_5b9e5/fast && /Library/Developer/CommandLineTools/usr/bin/make  -f CMakeFiles/cmTC_5b9e5.dir/build.make CMakeFiles/cmTC_5b9e5.dir/build
Building C object CMakeFiles/cmTC_5b9e5.dir/src.c.o
/Library/Developer/CommandLineTools/usr/bin/cc -DPLIBSYS_HAS_CLANG_VISIBILITY -D_REENTRANT  -isysroot /Library/Developer/CommandLineTools/SDKs/MacOSX11.3.sdk -MD -MT CMakeFiles/cmTC_5b9e5.dir/src.c.o -MF CMakeFiles/cmTC_5b9e5.dir/src.c.o.d -o CMakeFiles/cmTC_5b9e5.dir/src.c.o -c /Users/nilesh/Desktop/ego1155/WinLinux/PfxApp/Sources/plibsys/macosx/CMakeFiles/CMakeTmp/src.c
Linking C executable cmTC_5b9e5
/usr/local/Cellar/cmake/3.21.1/bin/cmake -E cmake_link_script CMakeFiles/cmTC_5b9e5.dir/link.txt --verbose=1
/Library/Developer/CommandLineTools/usr/bin/cc  -isysroot /Library/Developer/CommandLineTools/SDKs/MacOSX11.3.sdk -Wl,-search_paths_first -Wl,-headerpad_max_install_names CMakeFiles/cmTC_5b9e5.dir/src.c.o -o cmTC_5b9e5 


Source file was:
int main () {
                                        #if defined(__has_attribute) && __has_attribute(visibility)
                                        return 0;
                                        #else
                                        stop_compile_here
                                        #endif
                                 }
Determining if the include file stdarg.h exists passed with the following output:
Change Dir: /Users/nilesh/Desktop/ego1155/WinLinux/PfxApp/Sources/plibsys/macosx/CMakeFiles/CMakeTmp

Run Build Command(s):/usr/bin/make -f Makefile cmTC_e1eb7/fast && /Library/Developer/CommandLineTools/usr/bin/make  -f CMakeFiles/cmTC_e1eb7.dir/build.make CMakeFiles/cmTC_e1eb7.dir/build
Building C object CMakeFiles/cmTC_e1eb7.dir/CheckIncludeFile.c.o
/Library/Developer/CommandLineTools/usr/bin/cc -D_REENTRANT  -isysroot /Library/Developer/CommandLineTools/SDKs/MacOSX11.3.sdk -MD -MT CMakeFiles/cmTC_e1eb7.dir/CheckIncludeFile.c.o -MF CMakeFiles/cmTC_e1eb7.dir/CheckIncludeFile.c.o.d -o CMakeFiles/cmTC_e1eb7.dir/CheckIncludeFile.c.o -c /Users/nilesh/Desktop/ego1155/WinLinux/PfxApp/Sources/plibsys/macosx/CMakeFiles/CMakeTmp/CheckIncludeFile.c
Linking C executable cmTC_e1eb7
/usr/local/Cellar/cmake/3.21.1/bin/cmake -E cmake_link_script CMakeFiles/cmTC_e1eb7.dir/link.txt --verbose=1
/Library/Developer/CommandLineTools/usr/bin/cc  -isysroot /Library/Developer/CommandLineTools/SDKs/MacOSX11.3.sdk -Wl,-search_paths_first -Wl,-headerpad_max_install_names CMakeFiles/cmTC_e1eb7.dir/CheckIncludeFile.c.o -o cmTC_e1eb7 



Performing C SOURCE FILE Test PLIBSYS_va_copy succeeded with the following output:
Change Dir: /Users/nilesh/Desktop/ego1155/WinLinux/PfxApp/Sources/plibsys/macosx/CMakeFiles/CMakeTmp

Run Build Command(s):/usr/bin/make -f Makefile cmTC_9db28/fast && /Library/Developer/CommandLineTools/usr/bin/make  -f CMakeFiles/cmTC_9db28.dir/build.make CMakeFiles/cmTC_9db28.dir/build
Building C object CMakeFiles/cmTC_9db28.dir/src.c.o
/Library/Developer/CommandLineTools/usr/bin/cc -DPLIBSYS_va_copy -D_REENTRANT  -isysroot /Library/Developer/CommandLineTools/SDKs/MacOSX11.3.sdk -MD -MT CMakeFiles/cmTC_9db28.dir/src.c.o -MF CMakeFiles/cmTC_9db28.dir/src.c.o.d -o CMakeFiles/cmTC_9db28.dir/src.c.o -c /Users/nilesh/Desktop/ego1155/WinLinux/PfxApp/Sources/plibsys/macosx/CMakeFiles/CMakeTmp/src.c
Linking C executable cmTC_9db28
/usr/local/Cellar/cmake/3.21.1/bin/cmake -E cmake_link_script CMakeFiles/cmTC_9db28.dir/link.txt --verbose=1
/Library/Developer/CommandLineTools/usr/bin/cc  -isysroot /Library/Developer/CommandLineTools/SDKs/MacOSX11.3.sdk -Wl,-search_paths_first -Wl,-headerpad_max_install_names CMakeFiles/cmTC_9db28.dir/src.c.o -o cmTC_9db28 


Source file was:

                     #include <stdio.h>
                     #include <stdlib.h>
                     #include <stdarg.h>

                     void f (int i, ...) {
                        va_list args1, args2;

                        va_start (args1, i);
                        va_copy(args2, args1);
                        if (va_arg (args2, int) != 42 || va_arg (args1, int) != 42) {
                            exit (1);
                        }
                        va_end (args1);
                        va_end (args2);
                     }

                     int main () {
                        f (0, 42);
                        exit (0);
                     }
Compiling the CXX compiler identification source file "CMakeCXXCompilerId.cpp" succeeded.
Compiler: /Library/Developer/CommandLineTools/usr/bin/c++ 
Build flags: 
Id flags: -c 

The output was:
0


Compilation of the CXX compiler identification source "CMakeCXXCompilerId.cpp" produced "CMakeCXXCompilerId.o"

The CXX compiler identification is AppleClang, found in "/Users/nilesh/Desktop/ego1155/WinLinux/PfxApp/Sources/plibsys/macosx/CMakeFiles/3.21.1/CompilerIdCXX/CMakeCXXCompilerId.o"

Detecting CXX compiler ABI info compiled with the following output:
Change Dir: /Users/nilesh/Desktop/ego1155/WinLinux/PfxApp/Sources/plibsys/macosx/CMakeFiles/CMakeTmp

Run Build Command(s):/usr/bin/make -f Makefile cmTC_1e3b1/fast && /Library/Developer/CommandLineTools/usr/bin/make  -f CMakeFiles/cmTC_1e3b1.dir/build.make CMakeFiles/cmTC_1e3b1.dir/build
Building CXX object CMakeFiles/cmTC_1e3b1.dir/CMakeCXXCompilerABI.cpp.o
/Library/Developer/CommandLineTools/usr/bin/c++   -isysroot /Library/Developer/CommandLineTools/SDKs/MacOSX11.3.sdk   -v -Wl,-v -MD -MT CMakeFiles/cmTC_1e3b1.dir/CMakeCXXCompilerABI.cpp.o -MF CMakeFiles/cmTC_1e3b1.dir/CMakeCXXCompilerABI.cpp.o.d -o CMakeFiles/cmTC_1e3b1.dir/CMakeCXXCompilerABI.cpp.o -c /usr/local/Cellar/cmake/3.21.1/share/cmake/Modules/CMakeCXXCompilerABI.cpp
Apple clang version 12.0.5 (clang-1205.0.22.9)
Target: x86_64-apple-darwin20.5.0
Thread model: posix
InstalledDir: /Library/Developer/CommandLineTools/usr/bin
clang: warning: -Wl,-v: 'linker' input unused [-Wunused-command-line-argument]
 "/Library/Developer/CommandLineTools/usr/bin/clang" -cc1 -triple x86_64-apple-macosx11.0.0 -Wdeprecated-objc-isa-usage -Werror=deprecated-objc-isa-usage -Werror=implicit-function-declaration -emit-obj -mrelax-all -disable-free -disable-llvm-verifier -discard-value-names -main-file-name CMakeCXXCompilerABI.cpp -mrelocation-model pic -pic-level 2 -mframe-pointer=all -fno-strict-return -fno-rounding-math -munwind-tables -target-sdk-version=11.3 -fvisibility-inlines-hidden-static-local-var -target-cpu penryn -debugger-tuning=lldb -target-linker-version 650.9 -v -resource-dir /Library/Developer/CommandLineTools/usr/lib/clang/12.0.5 -dependency-file CMakeFiles/cmTC_1e3b1.dir/CMakeCXXCompilerABI.cpp.o.d -skip-unused-modulemap-deps -MT CMakeFiles/cmTC_1e3b1.dir/CMakeCXXCompilerABI.cpp.o -sys-header-deps -isysroot /Library/Developer/CommandLineTools/SDKs/MacOSX11.3.sdk -stdlib=libc++ -internal-isystem /Library/Developer/CommandLineTools/SDKs/MacOSX11.3.sdk/usr/include/c++/v1 -internal-isystem /Library/Developer/CommandLineTools/SDKs/MacOSX11.3.sdk/usr/local/include -internal-isystem /Library/Developer/CommandLineTools/usr/lib/clang/12.0.5/include -internal-externc-isystem /Library/Developer/CommandLineTools/SDKs/MacOSX11.3.sdk/usr/include -internal-externc-isystem /Library/Developer/CommandLineTools/usr/include -Wno-reorder-init-list -Wno-implicit-int-float-conversion -Wno-c99-designator -Wno-final-dtor-non-final-class -Wno-extra-semi-stmt -Wno-misleading-indentation -Wno-quoted-include-in-framework-header -Wno-implicit-fallthrough -Wno-enum-enum-conversion -Wno-enum-float-conversion -Wno-elaborated-enum-base -fdeprecated-macro -fdebug-compilation-dir /Users/nilesh/Desktop/ego1155/WinLinux/PfxApp/Sources/plibsys/macosx/CMakeFiles/CMakeTmp -ferror-limit 19 -stack-protector 1 -fstack-check -mdarwin-stkchk-strong-link -fblocks -fencode-extended-block-signature -fregister-global-dtors-with-atexit -fgnuc-version=4.2.1 -fcxx-exceptions -fexceptions -fmax-type-align=16 -fcommon -clang-vendor-feature=+disableNonDependentMemberExprInCurrentInstantiation -fno-odr-hash-protocols -mllvm -disable-aligned-alloc-awareness=1 -o CMakeFiles/cmTC_1e3b1.dir/CMakeCXXCompilerABI.cpp.o -x c++ /usr/local/Cellar/cmake/3.21.1/share/cmake/Modules/CMakeCXXCompilerABI.cpp
clang -cc1 version 12.0.5 (clang-1205.0.22.9) default target x86_64-apple-darwin20.5.0
ignoring nonexistent directory "/Library/Developer/CommandLineTools/SDKs/MacOSX11.3.sdk/usr/local/include"
ignoring nonexistent directory "/Library/Developer/CommandLineTools/SDKs/MacOSX11.3.sdk/Library/Frameworks"
#include "..." search starts here:
#include <...> search starts here:
 /Library/Developer/CommandLineTools/SDKs/MacOSX11.3.sdk/usr/include/c++/v1
 /Library/Developer/CommandLineTools/usr/lib/clang/12.0.5/include
 /Library/Developer/CommandLineTools/SDKs/MacOSX11.3.sdk/usr/include
 /Library/Developer/CommandLineTools/usr/include
 /Library/Developer/CommandLineTools/SDKs/MacOSX11.3.sdk/System/Library/Frameworks (framework directory)
End of search list.
Linking CXX executable cmTC_1e3b1
/usr/local/Cellar/cmake/3.21.1/bin/cmake -E cmake_link_script CMakeFiles/cmTC_1e3b1.dir/link.txt --verbose=1
/Library/Developer/CommandLineTools/usr/bin/c++  -isysroot /Library/Developer/CommandLineTools/SDKs/MacOSX11.3.sdk -Wl,-search_paths_first -Wl,-headerpad_max_install_names  -v -Wl,-v CMakeFiles/cmTC_1e3b1.dir/CMakeCXXCompilerABI.cpp.o -o cmTC_1e3b1 
Apple clang version 12.0.5 (clang-1205.0.22.9)
Target: x86_64-apple-darwin20.5.0
Thread model: posix
InstalledDir: /Library/Developer/CommandLineTools/usr/bin
 "/Library/Developer/CommandLineTools/usr/bin/ld" -demangle -lto_library /Library/Developer/CommandLineTools/usr/lib/libLTO.dylib -dynamic -arch x86_64 -platform_version macos 11.0.0 11.3 -syslibroot /Library/Developer/CommandLineTools/SDKs/MacOSX11.3.sdk -o cmTC_1e3b1 -search_paths_first -headerpad_max_install_names -v CMakeFiles/cmTC_1e3b1.dir/CMakeCXXCompilerABI.cpp.o -lc++ -lSystem /Library/Developer/CommandLineTools/usr/lib/clang/12.0.5/lib/darwin/libclang_rt.osx.a
@(#)PROGRAM:ld  PROJECT:ld64-650.9
BUILD 00:19:30 Mar 17 2021
configured to support archs: armv6 armv7 armv7s arm64 arm64e arm64_32 i386 x86_64 x86_64h armv6m armv7k armv7m armv7em
Library search paths:
	/Library/Developer/CommandLineTools/SDKs/MacOSX11.3.sdk/usr/lib
Framework search paths:
	/Library/Developer/CommandLineTools/SDKs/MacOSX11.3.sdk/System/Library/Frameworks/



Parsed CXX implicit include dir info from above output: rv=done
  found start of include info
  found start of implicit include info
    add: [/Library/Developer/CommandLineTools/SDKs/MacOSX11.3.sdk/usr/include/c++/v1]
    add: [/Library/Developer/CommandLineTools/usr/lib/clang/12.0.5/include]
    add: [/Library/Developer/CommandLineTools/SDKs/MacOSX11.3.sdk/usr/include]
    add: [/Library/Developer/CommandLineTools/usr/include]
  end of search list found
  collapse include dir [/Library/Developer/CommandLineTools/SDKs/MacOSX11.3.sdk/usr/include/c++/v1] ==> [/Library/Developer/CommandLineTools/SDKs/MacOSX11.3.sdk/usr/include/c++/v1]
  collapse include dir [/Library/Developer/CommandLineTools/usr/lib/clang/12.0.5/include] ==> [/Library/Developer/CommandLineTools/usr/lib/clang/12.0.5/include]
  collapse include dir [/Library/Developer/CommandLineTools/SDKs/MacOSX11.3.sdk/usr/include] ==> [/Library/Developer/CommandLineTools/SDKs/MacOSX11.3.sdk/usr/include]
  collapse include dir [/Library/Developer/CommandLineTools/usr/include] ==> [/Library/Developer/CommandLineTools/usr/include]
  implicit include dirs: [/Library/Developer/CommandLineTools/SDKs/MacOSX11.3.sdk/usr/include/c++/v1;/Library/Developer/CommandLineTools/usr/lib/clang/12.0.5/include;/Library/Developer/CommandLineTools/SDKs/MacOSX11.3.sdk/usr/include;/Library/Developer/CommandLineTools/usr/include]


Parsed CXX implicit link information from above output:
  link line regex: [^( *|.*[/\])(ld|CMAKE_LINK_STARTFILE-NOTFOUND|([^/\]+-)?ld|collect2)[^/\]*( |$)]
  ignore line: [Change Dir: /Users/nilesh/Desktop/ego1155/WinLinux/PfxApp/Sources/plibsys/macosx/CMakeFiles/CMakeTmp]
  ignore line: []
  ignore line: [Run Build Command(s):/usr/bin/make -f Makefile cmTC_1e3b1/fast && /Library/Developer/CommandLineTools/usr/bin/make  -f CMakeFiles/cmTC_1e3b1.dir/build.make CMakeFiles/cmTC_1e3b1.dir/build]
  ignore line: [Building CXX object CMakeFiles/cmTC_1e3b1.dir/CMakeCXXCompilerABI.cpp.o]
  ignore line: [/Library/Developer/CommandLineTools/usr/bin/c++   -isysroot /Library/Developer/CommandLineTools/SDKs/MacOSX11.3.sdk   -v -Wl -v -MD -MT CMakeFiles/cmTC_1e3b1.dir/CMakeCXXCompilerABI.cpp.o -MF CMakeFiles/cmTC_1e3b1.dir/CMakeCXXCompilerABI.cpp.o.d -o CMakeFiles/cmTC_1e3b1.dir/CMakeCXXCompilerABI.cpp.o -c /usr/local/Cellar/cmake/3.21.1/share/cmake/Modules/CMakeCXXCompilerABI.cpp]
  ignore line: [Apple clang version 12.0.5 (clang-1205.0.22.9)]
  ignore line: [Target: x86_64-apple-darwin20.5.0]
  ignore line: [Thread model: posix]
  ignore line: [InstalledDir: /Library/Developer/CommandLineTools/usr/bin]
  ignore line: [clang: warning: -Wl -v: 'linker' input unused [-Wunused-command-line-argument]]
  ignore line: [ "/Library/Developer/CommandLineTools/usr/bin/clang" -cc1 -triple x86_64-apple-macosx11.0.0 -Wdeprecated-objc-isa-usage -Werror=deprecated-objc-isa-usage -Werror=implicit-function-declaration -emit-obj -mrelax-all -disable-free -disable-llvm-verifier -discard-value-names -main-file-name CMakeCXXCompilerABI.cpp -mrelocation-model pic -pic-level 2 -mframe-pointer=all -fno-strict-return -fno-rounding-math -munwind-tables -target-sdk-version=11.3 -fvisibility-inlines-hidden-static-local-var -target-cpu penryn -debugger-tuning=lldb -target-linker-version 650.9 -v -resource-dir /Library/Developer/CommandLineTools/usr/lib/clang/12.0.5 -dependency-file CMakeFiles/cmTC_1e3b1.dir/CMakeCXXCompilerABI.cpp.o.d -skip-unused-modulemap-deps -MT CMakeFiles/cmTC_1e3b1.dir/CMakeCXXCompilerABI.cpp.o -sys-header-deps -isysroot /Library/Developer/CommandLineTools/SDKs/MacOSX11.3.sdk -stdlib=libc++ -internal-isystem /Library/Developer/CommandLineTools/SDKs/MacOSX11.3.sdk/usr/include/c++/v1 -internal-isystem /Library/Developer/CommandLineTools/SDKs/MacOSX11.3.sdk/usr/local/include -internal-isystem /Library/Developer/CommandLineTools/usr/lib/clang/12.0.5/include -internal-externc-isystem /Library/Developer/CommandLineTools/SDKs/MacOSX11.3.sdk/usr/include -internal-externc-isystem /Library/Developer/CommandLineTools/usr/include -Wno-reorder-init-list -Wno-implicit-int-float-conversion -Wno-c99-designator -Wno-final-dtor-non-final-class -Wno-extra-semi-stmt -Wno-misleading-indentation -Wno-quoted-include-in-framework-header -Wno-implicit-fallthrough -Wno-enum-enum-conversion -Wno-enum-float-conversion -Wno-elaborated-enum-base -fdeprecated-macro -fdebug-compilation-dir /Users/nilesh/Desktop/ego1155/WinLinux/PfxApp/Sources/plibsys/macosx/CMakeFiles/CMakeTmp -ferror-limit 19 -stack-protector 1 -fstack-check -mdarwin-stkchk-strong-link -fblocks -fencode-extended-block-signature -fregister-global-dtors-with-atexit -fgnuc-version=4.2.1 -fcxx-exceptions -fexceptions -fmax-type-align=16 -fcommon -clang-vendor-feature=+disableNonDependentMemberExprInCurrentInstantiation -fno-odr-hash-protocols -mllvm -disable-aligned-alloc-awareness=1 -o CMakeFiles/cmTC_1e3b1.dir/CMakeCXXCompilerABI.cpp.o -x c++ /usr/local/Cellar/cmake/3.21.1/share/cmake/Modules/CMakeCXXCompilerABI.cpp]
  ignore line: [clang -cc1 version 12.0.5 (clang-1205.0.22.9) default target x86_64-apple-darwin20.5.0]
  ignore line: [ignoring nonexistent directory "/Library/Developer/CommandLineTools/SDKs/MacOSX11.3.sdk/usr/local/include"]
  ignore line: [ignoring nonexistent directory "/Library/Developer/CommandLineTools/SDKs/MacOSX11.3.sdk/Library/Frameworks"]
  ignore line: [#include "..." search starts here:]
  ignore line: [#include <...> search starts here:]
  ignore line: [ /Library/Developer/CommandLineTools/SDKs/MacOSX11.3.sdk/usr/include/c++/v1]
  ignore line: [ /Library/Developer/CommandLineTools/usr/lib/clang/12.0.5/include]
  ignore line: [ /Library/Developer/CommandLineTools/SDKs/MacOSX11.3.sdk/usr/include]
  ignore line: [ /Library/Developer/CommandLineTools/usr/include]
  ignore line: [ /Library/Developer/CommandLineTools/SDKs/MacOSX11.3.sdk/System/Library/Frameworks (framework directory)]
  ignore line: [End of search list.]
  ignore line: [Linking CXX executable cmTC_1e3b1]
  ignore line: [/usr/local/Cellar/cmake/3.21.1/bin/cmake -E cmake_link_script CMakeFiles/cmTC_1e3b1.dir/link.txt --verbose=1]
  ignore line: [/Library/Developer/CommandLineTools/usr/bin/c++  -isysroot /Library/Developer/CommandLineTools/SDKs/MacOSX11.3.sdk -Wl -search_paths_first -Wl -headerpad_max_install_names  -v -Wl -v CMakeFiles/cmTC_1e3b1.dir/CMakeCXXCompilerABI.cpp.o -o cmTC_1e3b1 ]
  ignore line: [Apple clang version 12.0.5 (clang-1205.0.22.9)]
  ignore line: [Target: x86_64-apple-darwin20.5.0]
  ignore line: [Thread model: posix]
  ignore line: [InstalledDir: /Library/Developer/CommandLineTools/usr/bin]
  link line: [ "/Library/Developer/CommandLineTools/usr/bin/ld" -demangle -lto_library /Library/Developer/CommandLineTools/usr/lib/libLTO.dylib -dynamic -arch x86_64 -platform_version macos 11.0.0 11.3 -syslibroot /Library/Developer/CommandLineTools/SDKs/MacOSX11.3.sdk -o cmTC_1e3b1 -search_paths_first -headerpad_max_install_names -v CMakeFiles/cmTC_1e3b1.dir/CMakeCXXCompilerABI.cpp.o -lc++ -lSystem /Library/Developer/CommandLineTools/usr/lib/clang/12.0.5/lib/darwin/libclang_rt.osx.a]
    arg [/Library/Developer/CommandLineTools/usr/bin/ld] ==> ignore
    arg [-demangle] ==> ignore
    arg [-lto_library] ==> ignore, skip following value
    arg [/Library/Developer/CommandLineTools/usr/lib/libLTO.dylib] ==> skip value of -lto_library
    arg [-dynamic] ==> ignore
    arg [-arch] ==> ignore
    arg [x86_64] ==> ignore
    arg [-platform_version] ==> ignore
    arg [macos] ==> ignore
    arg [11.0.0] ==> ignore
    arg [11.3] ==> ignore
    arg [-syslibroot] ==> ignore
    arg [/Library/Developer/CommandLineTools/SDKs/MacOSX11.3.sdk] ==> ignore
    arg [-o] ==> ignore
    arg [cmTC_1e3b1] ==> ignore
    arg [-search_paths_first] ==> ignore
    arg [-headerpad_max_install_names] ==> ignore
    arg [-v] ==> ignore
    arg [CMakeFiles/cmTC_1e3b1.dir/CMakeCXXCompilerABI.cpp.o] ==> ignore
    arg [-lc++] ==> lib [c++]
    arg [-lSystem] ==> lib [System]
    arg [/Library/Developer/CommandLineTools/usr/lib/clang/12.0.5/lib/darwin/libclang_rt.osx.a] ==> lib [/Library/Developer/CommandLineTools/usr/lib/clang/12.0.5/lib/darwin/libclang_rt.osx.a]
  Library search paths: [;/Library/Developer/CommandLineTools/SDKs/MacOSX11.3.sdk/usr/lib]
  Framework search paths: [;/Library/Developer/CommandLineTools/SDKs/MacOSX11.3.sdk/System/Library/Frameworks/]
  remove lib [System]
  remove lib [/Library/Developer/CommandLineTools/usr/lib/clang/12.0.5/lib/darwin/libclang_rt.osx.a]
  collapse library dir [/Library/Developer/CommandLineTools/SDKs/MacOSX11.3.sdk/usr/lib] ==> [/Library/Developer/CommandLineTools/SDKs/MacOSX11.3.sdk/usr/lib]
  collapse framework dir [/Library/Developer/CommandLineTools/SDKs/MacOSX11.3.sdk/System/Library/Frameworks/] ==> [/Library/Developer/CommandLineTools/SDKs/MacOSX11.3.sdk/System/Library/Frameworks]
  implicit libs: [c++]
  implicit objs: []
  implicit dirs: [/Library/Developer/CommandLineTools/SDKs/MacOSX11.3.sdk/usr/lib]
  implicit fwks: [/Library/Developer/CommandLineTools/SDKs/MacOSX11.3.sdk/System/Library/Frameworks]


