Determining if the include file values.h exists failed with the following output:
Change Dir: C:/Users/nilesh/Desktop/ego1155/WinLinux/PfxApp/Sources/plibsys/window/CMakeFiles/CMakeTmp

Run Build Command(s):C:/msys64/usr/bin/make.exe -f Makefile cmTC_f4c73/fast && /usr/bin/make  -f CMakeFiles/cmTC_f4c73.dir/build.make CMakeFiles/cmTC_f4c73.dir/build
make[1]: Entering directory '/c/Users/nilesh/Desktop/ego1155/WinLinux/PfxApp/Sources/plibsys/window/CMakeFiles/CMakeTmp'
Building C object CMakeFiles/cmTC_f4c73.dir/CheckIncludeFile.c.obj
/C/msys64/mingw64/bin/gcc.exe    -o CMakeFiles/cmTC_f4c73.dir/CheckIncludeFile.c.obj -c /C/Users/nilesh/Desktop/ego1155/WinLinux/PfxApp/Sources/plibsys/window/CMakeFiles/CMakeTmp/CheckIncludeFile.c
C:/Users/nilesh/Desktop/ego1155/WinLinux/PfxApp/Sources/plibsys/window/CMakeFiles/CMakeTmp/CheckIncludeFile.c:1:10: fatal error: values.h: No such file or directory
    1 | #include <values.h>
      |          ^~~~~~~~~~
compilation terminated.
make[1]: *** [CMakeFiles/cmTC_f4c73.dir/build.make:78: CMakeFiles/cmTC_f4c73.dir/CheckIncludeFile.c.obj] Error 1
make[1]: Leaving directory '/c/Users/nilesh/Desktop/ego1155/WinLinux/PfxApp/Sources/plibsys/window/CMakeFiles/CMakeTmp'
make: *** [Makefile:127: cmTC_f4c73/fast] Error 2



Performing C SOURCE FILE Test PLIBSYS_HAS_PTHREAD_NP failed with the following output:
Change Dir: C:/Users/nilesh/Desktop/ego1155/WinLinux/PfxApp/Sources/plibsys/window/CMakeFiles/CMakeTmp

Run Build Command(s):C:/msys64/usr/bin/make.exe -f Makefile cmTC_746e7/fast && /usr/bin/make  -f CMakeFiles/cmTC_746e7.dir/build.make CMakeFiles/cmTC_746e7.dir/build
make[1]: Entering directory '/c/Users/nilesh/Desktop/ego1155/WinLinux/PfxApp/Sources/plibsys/window/CMakeFiles/CMakeTmp'
Building C object CMakeFiles/cmTC_746e7.dir/src.c.obj
/C/msys64/mingw64/bin/gcc.exe -DPLIBSYS_HAS_PTHREAD_NP   -o CMakeFiles/cmTC_746e7.dir/src.c.obj -c /C/Users/nilesh/Desktop/ego1155/WinLinux/PfxApp/Sources/plibsys/window/CMakeFiles/CMakeTmp/src.c
C:/Users/nilesh/Desktop/ego1155/WinLinux/PfxApp/Sources/plibsys/window/CMakeFiles/CMakeTmp/src.c:2:36: fatal error: pthread_np.h: No such file or directory
    2 |                           #include <pthread_np.h>
      |                                    ^~~~~~~~~~~~~~
compilation terminated.
make[1]: *** [CMakeFiles/cmTC_746e7.dir/build.make:78: CMakeFiles/cmTC_746e7.dir/src.c.obj] Error 1
make[1]: Leaving directory '/c/Users/nilesh/Desktop/ego1155/WinLinux/PfxApp/Sources/plibsys/window/CMakeFiles/CMakeTmp'
make: *** [Makefile:127: cmTC_746e7/fast] Error 2


Source file was:
#include <pthread.h>
                          #include <pthread_np.h>

                         int main () {return 0;}
Performing C SOURCE FILE Test PLIBSYS_HAS_POSIX_SETNAME_NP_1 failed with the following output:
Change Dir: C:/Users/nilesh/Desktop/ego1155/WinLinux/PfxApp/Sources/plibsys/window/CMakeFiles/CMakeTmp

Run Build Command(s):C:/msys64/usr/bin/make.exe -f Makefile cmTC_47498/fast && /usr/bin/make  -f CMakeFiles/cmTC_47498.dir/build.make CMakeFiles/cmTC_47498.dir/build
make[1]: Entering directory '/c/Users/nilesh/Desktop/ego1155/WinLinux/PfxApp/Sources/plibsys/window/CMakeFiles/CMakeTmp'
Building C object CMakeFiles/cmTC_47498.dir/src.c.obj
/C/msys64/mingw64/bin/gcc.exe -DPLIBSYS_HAS_POSIX_SETNAME_NP_1   -o CMakeFiles/cmTC_47498.dir/src.c.obj -c /C/Users/nilesh/Desktop/ego1155/WinLinux/PfxApp/Sources/plibsys/window/CMakeFiles/CMakeTmp/src.c
C:/Users/nilesh/Desktop/ego1155/WinLinux/PfxApp/Sources/plibsys/window/CMakeFiles/CMakeTmp/src.c: In function 'main':
C:/Users/nilesh/Desktop/ego1155/WinLinux/PfxApp/Sources/plibsys/window/CMakeFiles/CMakeTmp/src.c:5:45: warning: passing argument 1 of 'pthread_setname_np' makes integer from pointer without a cast [-Wint-conversion]
    5 |                         pthread_setname_np ("thread_name");
      |                                             ^~~~~~~~~~~~~
      |                                             |
      |                                             char *
In file included from C:/Users/nilesh/Desktop/ego1155/WinLinux/PfxApp/Sources/plibsys/window/CMakeFiles/CMakeTmp/src.c:2:
C:/msys64/mingw64/x86_64-w64-mingw32/include/pthread.h:304:55: note: expected 'pthread_t' {aka 'long long unsigned int'} but argument is of type 'char *'
  304 | int       WINPTHREAD_API pthread_setname_np(pthread_t thread, const char *name);
      |                                             ~~~~~~~~~~^~~~~~
C:/Users/nilesh/Desktop/ego1155/WinLinux/PfxApp/Sources/plibsys/window/CMakeFiles/CMakeTmp/src.c:5:25: error: too few arguments to function 'pthread_setname_np'
    5 |                         pthread_setname_np ("thread_name");
      |                         ^~~~~~~~~~~~~~~~~~
In file included from C:/Users/nilesh/Desktop/ego1155/WinLinux/PfxApp/Sources/plibsys/window/CMakeFiles/CMakeTmp/src.c:2:
C:/msys64/mingw64/x86_64-w64-mingw32/include/pthread.h:304:26: note: declared here
  304 | int       WINPTHREAD_API pthread_setname_np(pthread_t thread, const char *name);
      |                          ^~~~~~~~~~~~~~~~~~
make[1]: *** [CMakeFiles/cmTC_47498.dir/build.make:78: CMakeFiles/cmTC_47498.dir/src.c.obj] Error 1
make[1]: Leaving directory '/c/Users/nilesh/Desktop/ego1155/WinLinux/PfxApp/Sources/plibsys/window/CMakeFiles/CMakeTmp'
make: *** [Makefile:127: cmTC_47498/fast] Error 2


Source file was:

                     #include <pthread.h>

                     int main () {
                        pthread_setname_np ("thread_name");
                        return 0;
                     }
Performing C SOURCE FILE Test PLIBSYS_SOCKADDR_HAS_SA_LEN failed with the following output:
Change Dir: C:/Users/nilesh/Desktop/ego1155/WinLinux/PfxApp/Sources/plibsys/window/CMakeFiles/CMakeTmp

Run Build Command(s):C:/msys64/usr/bin/make.exe -f Makefile cmTC_22dc2/fast && /usr/bin/make  -f CMakeFiles/cmTC_22dc2.dir/build.make CMakeFiles/cmTC_22dc2.dir/build
make[1]: Entering directory '/c/Users/nilesh/Desktop/ego1155/WinLinux/PfxApp/Sources/plibsys/window/CMakeFiles/CMakeTmp'
Building C object CMakeFiles/cmTC_22dc2.dir/src.c.obj
/C/msys64/mingw64/bin/gcc.exe -DPLIBSYS_SOCKADDR_HAS_SA_LEN   -o CMakeFiles/cmTC_22dc2.dir/src.c.obj -c /C/Users/nilesh/Desktop/ego1155/WinLinux/PfxApp/Sources/plibsys/window/CMakeFiles/CMakeTmp/src.c
C:/Users/nilesh/Desktop/ego1155/WinLinux/PfxApp/Sources/plibsys/window/CMakeFiles/CMakeTmp/src.c: In function 'main':
C:/Users/nilesh/Desktop/ego1155/WinLinux/PfxApp/Sources/plibsys/window/CMakeFiles/CMakeTmp/src.c:6:42: error: 'struct sockaddr' has no member named 'sa_len'
    6 |                                 sock_addr.sa_len = 0;
      |                                          ^
make[1]: *** [CMakeFiles/cmTC_22dc2.dir/build.make:78: CMakeFiles/cmTC_22dc2.dir/src.c.obj] Error 1
make[1]: Leaving directory '/c/Users/nilesh/Desktop/ego1155/WinLinux/PfxApp/Sources/plibsys/window/CMakeFiles/CMakeTmp'
make: *** [Makefile:127: cmTC_22dc2/fast] Error 2


Source file was:
#include <winsock2.h>
                                      #include <ws2tcpip.h>
                                      #include <windows.h>
                          int main () {
                                struct sockaddr sock_addr;
                                sock_addr.sa_len = 0;

                                return 0;
                          }
