The system is: Linux - 5.8.0-63-generic - x86_64
Compiling the C compiler identification source file "CMakeCCompilerId.c" succeeded.
Compiler: /usr/bin/cc 
Build flags: 
Id flags:  

The output was:
0


Compilation of the C compiler identification source "CMakeCCompilerId.c" produced "a.out"

The C compiler identification is GNU, found in "/home/nilesh/Desktop/ego1155/WinLinux/PfxApp/Sources/plibsys/ubuntu/CMakeFiles/3.16.3/CompilerIdC/a.out"

Determining if the C compiler works passed with the following output:
Change Dir: /home/nilesh/Desktop/ego1155/WinLinux/PfxApp/Sources/plibsys/ubuntu/CMakeFiles/CMakeTmp

Run Build Command(s):/usr/bin/make cmTC_c6f53/fast && /usr/bin/make -f CMakeFiles/cmTC_c6f53.dir/build.make CMakeFiles/cmTC_c6f53.dir/build
make[1]: Entering directory '/home/nilesh/Desktop/ego1155/WinLinux/PfxApp/Sources/plibsys/ubuntu/CMakeFiles/CMakeTmp'
Building C object CMakeFiles/cmTC_c6f53.dir/testCCompiler.c.o
/usr/bin/cc    -o CMakeFiles/cmTC_c6f53.dir/testCCompiler.c.o   -c /home/nilesh/Desktop/ego1155/WinLinux/PfxApp/Sources/plibsys/ubuntu/CMakeFiles/CMakeTmp/testCCompiler.c
Linking C executable cmTC_c6f53
/usr/bin/cmake -E cmake_link_script CMakeFiles/cmTC_c6f53.dir/link.txt --verbose=1
/usr/bin/cc      -rdynamic CMakeFiles/cmTC_c6f53.dir/testCCompiler.c.o  -o cmTC_c6f53 
make[1]: Leaving directory '/home/nilesh/Desktop/ego1155/WinLinux/PfxApp/Sources/plibsys/ubuntu/CMakeFiles/CMakeTmp'



Detecting C compiler ABI info compiled with the following output:
Change Dir: /home/nilesh/Desktop/ego1155/WinLinux/PfxApp/Sources/plibsys/ubuntu/CMakeFiles/CMakeTmp

Run Build Command(s):/usr/bin/make cmTC_1ed38/fast && /usr/bin/make -f CMakeFiles/cmTC_1ed38.dir/build.make CMakeFiles/cmTC_1ed38.dir/build
make[1]: Entering directory '/home/nilesh/Desktop/ego1155/WinLinux/PfxApp/Sources/plibsys/ubuntu/CMakeFiles/CMakeTmp'
Building C object CMakeFiles/cmTC_1ed38.dir/CMakeCCompilerABI.c.o
/usr/bin/cc   -v -o CMakeFiles/cmTC_1ed38.dir/CMakeCCompilerABI.c.o   -c /usr/share/cmake-3.16/Modules/CMakeCCompilerABI.c
Using built-in specs.
COLLECT_GCC=/usr/bin/cc
OFFLOAD_TARGET_NAMES=nvptx-none:hsa
OFFLOAD_TARGET_DEFAULT=1
Target: x86_64-linux-gnu
Configured with: ../src/configure -v --with-pkgversion='Ubuntu 9.3.0-17ubuntu1~20.04' --with-bugurl=file:///usr/share/doc/gcc-9/README.Bugs --enable-languages=c,ada,c++,go,brig,d,fortran,objc,obj-c++,gm2 --prefix=/usr --with-gcc-major-version-only --program-suffix=-9 --program-prefix=x86_64-linux-gnu- --enable-shared --enable-linker-build-id --libexecdir=/usr/lib --without-included-gettext --enable-threads=posix --libdir=/usr/lib --enable-nls --enable-clocale=gnu --enable-libstdcxx-debug --enable-libstdcxx-time=yes --with-default-libstdcxx-abi=new --enable-gnu-unique-object --disable-vtable-verify --enable-plugin --enable-default-pie --with-system-zlib --with-target-system-zlib=auto --enable-objc-gc=auto --enable-multiarch --disable-werror --with-arch-32=i686 --with-abi=m64 --with-multilib-list=m32,m64,mx32 --enable-multilib --with-tune=generic --enable-offload-targets=nvptx-none=/build/gcc-9-HskZEa/gcc-9-9.3.0/debian/tmp-nvptx/usr,hsa --without-cuda-driver --enable-checking=release --build=x86_64-linux-gnu --host=x86_64-linux-gnu --target=x86_64-linux-gnu
Thread model: posix
gcc version 9.3.0 (Ubuntu 9.3.0-17ubuntu1~20.04) 
COLLECT_GCC_OPTIONS='-v' '-o' 'CMakeFiles/cmTC_1ed38.dir/CMakeCCompilerABI.c.o' '-c' '-mtune=generic' '-march=x86-64'
 /usr/lib/gcc/x86_64-linux-gnu/9/cc1 -quiet -v -imultiarch x86_64-linux-gnu /usr/share/cmake-3.16/Modules/CMakeCCompilerABI.c -quiet -dumpbase CMakeCCompilerABI.c -mtune=generic -march=x86-64 -auxbase-strip CMakeFiles/cmTC_1ed38.dir/CMakeCCompilerABI.c.o -version -fasynchronous-unwind-tables -fstack-protector-strong -Wformat -Wformat-security -fstack-clash-protection -fcf-protection -o /tmp/cc8pC71P.s
GNU C17 (Ubuntu 9.3.0-17ubuntu1~20.04) version 9.3.0 (x86_64-linux-gnu)
	compiled by GNU C version 9.3.0, GMP version 6.2.0, MPFR version 4.0.2, MPC version 1.1.0, isl version isl-0.22.1-GMP

GGC heuristics: --param ggc-min-expand=100 --param ggc-min-heapsize=131072
ignoring nonexistent directory "/usr/local/include/x86_64-linux-gnu"
ignoring nonexistent directory "/usr/lib/gcc/x86_64-linux-gnu/9/include-fixed"
ignoring nonexistent directory "/usr/lib/gcc/x86_64-linux-gnu/9/../../../../x86_64-linux-gnu/include"
#include "..." search starts here:
#include <...> search starts here:
 /usr/lib/gcc/x86_64-linux-gnu/9/include
 /usr/local/include
 /usr/include/x86_64-linux-gnu
 /usr/include
End of search list.
GNU C17 (Ubuntu 9.3.0-17ubuntu1~20.04) version 9.3.0 (x86_64-linux-gnu)
	compiled by GNU C version 9.3.0, GMP version 6.2.0, MPFR version 4.0.2, MPC version 1.1.0, isl version isl-0.22.1-GMP

GGC heuristics: --param ggc-min-expand=100 --param ggc-min-heapsize=131072
Compiler executable checksum: bbf13931d8de1abe14040c9909cb6969
COLLECT_GCC_OPTIONS='-v' '-o' 'CMakeFiles/cmTC_1ed38.dir/CMakeCCompilerABI.c.o' '-c' '-mtune=generic' '-march=x86-64'
 as -v --64 -o CMakeFiles/cmTC_1ed38.dir/CMakeCCompilerABI.c.o /tmp/cc8pC71P.s
GNU assembler version 2.34 (x86_64-linux-gnu) using BFD version (GNU Binutils for Ubuntu) 2.34
COMPILER_PATH=/usr/lib/gcc/x86_64-linux-gnu/9/:/usr/lib/gcc/x86_64-linux-gnu/9/:/usr/lib/gcc/x86_64-linux-gnu/:/usr/lib/gcc/x86_64-linux-gnu/9/:/usr/lib/gcc/x86_64-linux-gnu/
LIBRARY_PATH=/usr/lib/gcc/x86_64-linux-gnu/9/:/usr/lib/gcc/x86_64-linux-gnu/9/../../../x86_64-linux-gnu/:/usr/lib/gcc/x86_64-linux-gnu/9/../../../../lib/:/lib/x86_64-linux-gnu/:/lib/../lib/:/usr/lib/x86_64-linux-gnu/:/usr/lib/../lib/:/usr/lib/gcc/x86_64-linux-gnu/9/../../../:/lib/:/usr/lib/
COLLECT_GCC_OPTIONS='-v' '-o' 'CMakeFiles/cmTC_1ed38.dir/CMakeCCompilerABI.c.o' '-c' '-mtune=generic' '-march=x86-64'
Linking C executable cmTC_1ed38
/usr/bin/cmake -E cmake_link_script CMakeFiles/cmTC_1ed38.dir/link.txt --verbose=1
/usr/bin/cc     -v -rdynamic CMakeFiles/cmTC_1ed38.dir/CMakeCCompilerABI.c.o  -o cmTC_1ed38 
Using built-in specs.
COLLECT_GCC=/usr/bin/cc
COLLECT_LTO_WRAPPER=/usr/lib/gcc/x86_64-linux-gnu/9/lto-wrapper
OFFLOAD_TARGET_NAMES=nvptx-none:hsa
OFFLOAD_TARGET_DEFAULT=1
Target: x86_64-linux-gnu
Configured with: ../src/configure -v --with-pkgversion='Ubuntu 9.3.0-17ubuntu1~20.04' --with-bugurl=file:///usr/share/doc/gcc-9/README.Bugs --enable-languages=c,ada,c++,go,brig,d,fortran,objc,obj-c++,gm2 --prefix=/usr --with-gcc-major-version-only --program-suffix=-9 --program-prefix=x86_64-linux-gnu- --enable-shared --enable-linker-build-id --libexecdir=/usr/lib --without-included-gettext --enable-threads=posix --libdir=/usr/lib --enable-nls --enable-clocale=gnu --enable-libstdcxx-debug --enable-libstdcxx-time=yes --with-default-libstdcxx-abi=new --enable-gnu-unique-object --disable-vtable-verify --enable-plugin --enable-default-pie --with-system-zlib --with-target-system-zlib=auto --enable-objc-gc=auto --enable-multiarch --disable-werror --with-arch-32=i686 --with-abi=m64 --with-multilib-list=m32,m64,mx32 --enable-multilib --with-tune=generic --enable-offload-targets=nvptx-none=/build/gcc-9-HskZEa/gcc-9-9.3.0/debian/tmp-nvptx/usr,hsa --without-cuda-driver --enable-checking=release --build=x86_64-linux-gnu --host=x86_64-linux-gnu --target=x86_64-linux-gnu
Thread model: posix
gcc version 9.3.0 (Ubuntu 9.3.0-17ubuntu1~20.04) 
COMPILER_PATH=/usr/lib/gcc/x86_64-linux-gnu/9/:/usr/lib/gcc/x86_64-linux-gnu/9/:/usr/lib/gcc/x86_64-linux-gnu/:/usr/lib/gcc/x86_64-linux-gnu/9/:/usr/lib/gcc/x86_64-linux-gnu/
LIBRARY_PATH=/usr/lib/gcc/x86_64-linux-gnu/9/:/usr/lib/gcc/x86_64-linux-gnu/9/../../../x86_64-linux-gnu/:/usr/lib/gcc/x86_64-linux-gnu/9/../../../../lib/:/lib/x86_64-linux-gnu/:/lib/../lib/:/usr/lib/x86_64-linux-gnu/:/usr/lib/../lib/:/usr/lib/gcc/x86_64-linux-gnu/9/../../../:/lib/:/usr/lib/
COLLECT_GCC_OPTIONS='-v' '-rdynamic' '-o' 'cmTC_1ed38' '-mtune=generic' '-march=x86-64'
 /usr/lib/gcc/x86_64-linux-gnu/9/collect2 -plugin /usr/lib/gcc/x86_64-linux-gnu/9/liblto_plugin.so -plugin-opt=/usr/lib/gcc/x86_64-linux-gnu/9/lto-wrapper -plugin-opt=-fresolution=/tmp/cc6uDhQh.res -plugin-opt=-pass-through=-lgcc -plugin-opt=-pass-through=-lgcc_s -plugin-opt=-pass-through=-lc -plugin-opt=-pass-through=-lgcc -plugin-opt=-pass-through=-lgcc_s --build-id --eh-frame-hdr -m elf_x86_64 --hash-style=gnu --as-needed -export-dynamic -dynamic-linker /lib64/ld-linux-x86-64.so.2 -pie -z now -z relro -o cmTC_1ed38 /usr/lib/gcc/x86_64-linux-gnu/9/../../../x86_64-linux-gnu/Scrt1.o /usr/lib/gcc/x86_64-linux-gnu/9/../../../x86_64-linux-gnu/crti.o /usr/lib/gcc/x86_64-linux-gnu/9/crtbeginS.o -L/usr/lib/gcc/x86_64-linux-gnu/9 -L/usr/lib/gcc/x86_64-linux-gnu/9/../../../x86_64-linux-gnu -L/usr/lib/gcc/x86_64-linux-gnu/9/../../../../lib -L/lib/x86_64-linux-gnu -L/lib/../lib -L/usr/lib/x86_64-linux-gnu -L/usr/lib/../lib -L/usr/lib/gcc/x86_64-linux-gnu/9/../../.. CMakeFiles/cmTC_1ed38.dir/CMakeCCompilerABI.c.o -lgcc --push-state --as-needed -lgcc_s --pop-state -lc -lgcc --push-state --as-needed -lgcc_s --pop-state /usr/lib/gcc/x86_64-linux-gnu/9/crtendS.o /usr/lib/gcc/x86_64-linux-gnu/9/../../../x86_64-linux-gnu/crtn.o
COLLECT_GCC_OPTIONS='-v' '-rdynamic' '-o' 'cmTC_1ed38' '-mtune=generic' '-march=x86-64'
make[1]: Leaving directory '/home/nilesh/Desktop/ego1155/WinLinux/PfxApp/Sources/plibsys/ubuntu/CMakeFiles/CMakeTmp'



Parsed C implicit include dir info from above output: rv=done
  found start of include info
  found start of implicit include info
    add: [/usr/lib/gcc/x86_64-linux-gnu/9/include]
    add: [/usr/local/include]
    add: [/usr/include/x86_64-linux-gnu]
    add: [/usr/include]
  end of search list found
  collapse include dir [/usr/lib/gcc/x86_64-linux-gnu/9/include] ==> [/usr/lib/gcc/x86_64-linux-gnu/9/include]
  collapse include dir [/usr/local/include] ==> [/usr/local/include]
  collapse include dir [/usr/include/x86_64-linux-gnu] ==> [/usr/include/x86_64-linux-gnu]
  collapse include dir [/usr/include] ==> [/usr/include]
  implicit include dirs: [/usr/lib/gcc/x86_64-linux-gnu/9/include;/usr/local/include;/usr/include/x86_64-linux-gnu;/usr/include]


Parsed C implicit link information from above output:
  link line regex: [^( *|.*[/\])(ld|CMAKE_LINK_STARTFILE-NOTFOUND|([^/\]+-)?ld|collect2)[^/\]*( |$)]
  ignore line: [Change Dir: /home/nilesh/Desktop/ego1155/WinLinux/PfxApp/Sources/plibsys/ubuntu/CMakeFiles/CMakeTmp]
  ignore line: []
  ignore line: [Run Build Command(s):/usr/bin/make cmTC_1ed38/fast && /usr/bin/make -f CMakeFiles/cmTC_1ed38.dir/build.make CMakeFiles/cmTC_1ed38.dir/build]
  ignore line: [make[1]: Entering directory '/home/nilesh/Desktop/ego1155/WinLinux/PfxApp/Sources/plibsys/ubuntu/CMakeFiles/CMakeTmp']
  ignore line: [Building C object CMakeFiles/cmTC_1ed38.dir/CMakeCCompilerABI.c.o]
  ignore line: [/usr/bin/cc   -v -o CMakeFiles/cmTC_1ed38.dir/CMakeCCompilerABI.c.o   -c /usr/share/cmake-3.16/Modules/CMakeCCompilerABI.c]
  ignore line: [Using built-in specs.]
  ignore line: [COLLECT_GCC=/usr/bin/cc]
  ignore line: [OFFLOAD_TARGET_NAMES=nvptx-none:hsa]
  ignore line: [OFFLOAD_TARGET_DEFAULT=1]
  ignore line: [Target: x86_64-linux-gnu]
  ignore line: [Configured with: ../src/configure -v --with-pkgversion='Ubuntu 9.3.0-17ubuntu1~20.04' --with-bugurl=file:///usr/share/doc/gcc-9/README.Bugs --enable-languages=c ada c++ go brig d fortran objc obj-c++ gm2 --prefix=/usr --with-gcc-major-version-only --program-suffix=-9 --program-prefix=x86_64-linux-gnu- --enable-shared --enable-linker-build-id --libexecdir=/usr/lib --without-included-gettext --enable-threads=posix --libdir=/usr/lib --enable-nls --enable-clocale=gnu --enable-libstdcxx-debug --enable-libstdcxx-time=yes --with-default-libstdcxx-abi=new --enable-gnu-unique-object --disable-vtable-verify --enable-plugin --enable-default-pie --with-system-zlib --with-target-system-zlib=auto --enable-objc-gc=auto --enable-multiarch --disable-werror --with-arch-32=i686 --with-abi=m64 --with-multilib-list=m32 m64 mx32 --enable-multilib --with-tune=generic --enable-offload-targets=nvptx-none=/build/gcc-9-HskZEa/gcc-9-9.3.0/debian/tmp-nvptx/usr hsa --without-cuda-driver --enable-checking=release --build=x86_64-linux-gnu --host=x86_64-linux-gnu --target=x86_64-linux-gnu]
  ignore line: [Thread model: posix]
  ignore line: [gcc version 9.3.0 (Ubuntu 9.3.0-17ubuntu1~20.04) ]
  ignore line: [COLLECT_GCC_OPTIONS='-v' '-o' 'CMakeFiles/cmTC_1ed38.dir/CMakeCCompilerABI.c.o' '-c' '-mtune=generic' '-march=x86-64']
  ignore line: [ /usr/lib/gcc/x86_64-linux-gnu/9/cc1 -quiet -v -imultiarch x86_64-linux-gnu /usr/share/cmake-3.16/Modules/CMakeCCompilerABI.c -quiet -dumpbase CMakeCCompilerABI.c -mtune=generic -march=x86-64 -auxbase-strip CMakeFiles/cmTC_1ed38.dir/CMakeCCompilerABI.c.o -version -fasynchronous-unwind-tables -fstack-protector-strong -Wformat -Wformat-security -fstack-clash-protection -fcf-protection -o /tmp/cc8pC71P.s]
  ignore line: [GNU C17 (Ubuntu 9.3.0-17ubuntu1~20.04) version 9.3.0 (x86_64-linux-gnu)]
  ignore line: [	compiled by GNU C version 9.3.0  GMP version 6.2.0  MPFR version 4.0.2  MPC version 1.1.0  isl version isl-0.22.1-GMP]
  ignore line: []
  ignore line: [GGC heuristics: --param ggc-min-expand=100 --param ggc-min-heapsize=131072]
  ignore line: [ignoring nonexistent directory "/usr/local/include/x86_64-linux-gnu"]
  ignore line: [ignoring nonexistent directory "/usr/lib/gcc/x86_64-linux-gnu/9/include-fixed"]
  ignore line: [ignoring nonexistent directory "/usr/lib/gcc/x86_64-linux-gnu/9/../../../../x86_64-linux-gnu/include"]
  ignore line: [#include "..." search starts here:]
  ignore line: [#include <...> search starts here:]
  ignore line: [ /usr/lib/gcc/x86_64-linux-gnu/9/include]
  ignore line: [ /usr/local/include]
  ignore line: [ /usr/include/x86_64-linux-gnu]
  ignore line: [ /usr/include]
  ignore line: [End of search list.]
  ignore line: [GNU C17 (Ubuntu 9.3.0-17ubuntu1~20.04) version 9.3.0 (x86_64-linux-gnu)]
  ignore line: [	compiled by GNU C version 9.3.0  GMP version 6.2.0  MPFR version 4.0.2  MPC version 1.1.0  isl version isl-0.22.1-GMP]
  ignore line: []
  ignore line: [GGC heuristics: --param ggc-min-expand=100 --param ggc-min-heapsize=131072]
  ignore line: [Compiler executable checksum: bbf13931d8de1abe14040c9909cb6969]
  ignore line: [COLLECT_GCC_OPTIONS='-v' '-o' 'CMakeFiles/cmTC_1ed38.dir/CMakeCCompilerABI.c.o' '-c' '-mtune=generic' '-march=x86-64']
  ignore line: [ as -v --64 -o CMakeFiles/cmTC_1ed38.dir/CMakeCCompilerABI.c.o /tmp/cc8pC71P.s]
  ignore line: [GNU assembler version 2.34 (x86_64-linux-gnu) using BFD version (GNU Binutils for Ubuntu) 2.34]
  ignore line: [COMPILER_PATH=/usr/lib/gcc/x86_64-linux-gnu/9/:/usr/lib/gcc/x86_64-linux-gnu/9/:/usr/lib/gcc/x86_64-linux-gnu/:/usr/lib/gcc/x86_64-linux-gnu/9/:/usr/lib/gcc/x86_64-linux-gnu/]
  ignore line: [LIBRARY_PATH=/usr/lib/gcc/x86_64-linux-gnu/9/:/usr/lib/gcc/x86_64-linux-gnu/9/../../../x86_64-linux-gnu/:/usr/lib/gcc/x86_64-linux-gnu/9/../../../../lib/:/lib/x86_64-linux-gnu/:/lib/../lib/:/usr/lib/x86_64-linux-gnu/:/usr/lib/../lib/:/usr/lib/gcc/x86_64-linux-gnu/9/../../../:/lib/:/usr/lib/]
  ignore line: [COLLECT_GCC_OPTIONS='-v' '-o' 'CMakeFiles/cmTC_1ed38.dir/CMakeCCompilerABI.c.o' '-c' '-mtune=generic' '-march=x86-64']
  ignore line: [Linking C executable cmTC_1ed38]
  ignore line: [/usr/bin/cmake -E cmake_link_script CMakeFiles/cmTC_1ed38.dir/link.txt --verbose=1]
  ignore line: [/usr/bin/cc     -v -rdynamic CMakeFiles/cmTC_1ed38.dir/CMakeCCompilerABI.c.o  -o cmTC_1ed38 ]
  ignore line: [Using built-in specs.]
  ignore line: [COLLECT_GCC=/usr/bin/cc]
  ignore line: [COLLECT_LTO_WRAPPER=/usr/lib/gcc/x86_64-linux-gnu/9/lto-wrapper]
  ignore line: [OFFLOAD_TARGET_NAMES=nvptx-none:hsa]
  ignore line: [OFFLOAD_TARGET_DEFAULT=1]
  ignore line: [Target: x86_64-linux-gnu]
  ignore line: [Configured with: ../src/configure -v --with-pkgversion='Ubuntu 9.3.0-17ubuntu1~20.04' --with-bugurl=file:///usr/share/doc/gcc-9/README.Bugs --enable-languages=c ada c++ go brig d fortran objc obj-c++ gm2 --prefix=/usr --with-gcc-major-version-only --program-suffix=-9 --program-prefix=x86_64-linux-gnu- --enable-shared --enable-linker-build-id --libexecdir=/usr/lib --without-included-gettext --enable-threads=posix --libdir=/usr/lib --enable-nls --enable-clocale=gnu --enable-libstdcxx-debug --enable-libstdcxx-time=yes --with-default-libstdcxx-abi=new --enable-gnu-unique-object --disable-vtable-verify --enable-plugin --enable-default-pie --with-system-zlib --with-target-system-zlib=auto --enable-objc-gc=auto --enable-multiarch --disable-werror --with-arch-32=i686 --with-abi=m64 --with-multilib-list=m32 m64 mx32 --enable-multilib --with-tune=generic --enable-offload-targets=nvptx-none=/build/gcc-9-HskZEa/gcc-9-9.3.0/debian/tmp-nvptx/usr hsa --without-cuda-driver --enable-checking=release --build=x86_64-linux-gnu --host=x86_64-linux-gnu --target=x86_64-linux-gnu]
  ignore line: [Thread model: posix]
  ignore line: [gcc version 9.3.0 (Ubuntu 9.3.0-17ubuntu1~20.04) ]
  ignore line: [COMPILER_PATH=/usr/lib/gcc/x86_64-linux-gnu/9/:/usr/lib/gcc/x86_64-linux-gnu/9/:/usr/lib/gcc/x86_64-linux-gnu/:/usr/lib/gcc/x86_64-linux-gnu/9/:/usr/lib/gcc/x86_64-linux-gnu/]
  ignore line: [LIBRARY_PATH=/usr/lib/gcc/x86_64-linux-gnu/9/:/usr/lib/gcc/x86_64-linux-gnu/9/../../../x86_64-linux-gnu/:/usr/lib/gcc/x86_64-linux-gnu/9/../../../../lib/:/lib/x86_64-linux-gnu/:/lib/../lib/:/usr/lib/x86_64-linux-gnu/:/usr/lib/../lib/:/usr/lib/gcc/x86_64-linux-gnu/9/../../../:/lib/:/usr/lib/]
  ignore line: [COLLECT_GCC_OPTIONS='-v' '-rdynamic' '-o' 'cmTC_1ed38' '-mtune=generic' '-march=x86-64']
  link line: [ /usr/lib/gcc/x86_64-linux-gnu/9/collect2 -plugin /usr/lib/gcc/x86_64-linux-gnu/9/liblto_plugin.so -plugin-opt=/usr/lib/gcc/x86_64-linux-gnu/9/lto-wrapper -plugin-opt=-fresolution=/tmp/cc6uDhQh.res -plugin-opt=-pass-through=-lgcc -plugin-opt=-pass-through=-lgcc_s -plugin-opt=-pass-through=-lc -plugin-opt=-pass-through=-lgcc -plugin-opt=-pass-through=-lgcc_s --build-id --eh-frame-hdr -m elf_x86_64 --hash-style=gnu --as-needed -export-dynamic -dynamic-linker /lib64/ld-linux-x86-64.so.2 -pie -z now -z relro -o cmTC_1ed38 /usr/lib/gcc/x86_64-linux-gnu/9/../../../x86_64-linux-gnu/Scrt1.o /usr/lib/gcc/x86_64-linux-gnu/9/../../../x86_64-linux-gnu/crti.o /usr/lib/gcc/x86_64-linux-gnu/9/crtbeginS.o -L/usr/lib/gcc/x86_64-linux-gnu/9 -L/usr/lib/gcc/x86_64-linux-gnu/9/../../../x86_64-linux-gnu -L/usr/lib/gcc/x86_64-linux-gnu/9/../../../../lib -L/lib/x86_64-linux-gnu -L/lib/../lib -L/usr/lib/x86_64-linux-gnu -L/usr/lib/../lib -L/usr/lib/gcc/x86_64-linux-gnu/9/../../.. CMakeFiles/cmTC_1ed38.dir/CMakeCCompilerABI.c.o -lgcc --push-state --as-needed -lgcc_s --pop-state -lc -lgcc --push-state --as-needed -lgcc_s --pop-state /usr/lib/gcc/x86_64-linux-gnu/9/crtendS.o /usr/lib/gcc/x86_64-linux-gnu/9/../../../x86_64-linux-gnu/crtn.o]
    arg [/usr/lib/gcc/x86_64-linux-gnu/9/collect2] ==> ignore
    arg [-plugin] ==> ignore
    arg [/usr/lib/gcc/x86_64-linux-gnu/9/liblto_plugin.so] ==> ignore
    arg [-plugin-opt=/usr/lib/gcc/x86_64-linux-gnu/9/lto-wrapper] ==> ignore
    arg [-plugin-opt=-fresolution=/tmp/cc6uDhQh.res] ==> ignore
    arg [-plugin-opt=-pass-through=-lgcc] ==> ignore
    arg [-plugin-opt=-pass-through=-lgcc_s] ==> ignore
    arg [-plugin-opt=-pass-through=-lc] ==> ignore
    arg [-plugin-opt=-pass-through=-lgcc] ==> ignore
    arg [-plugin-opt=-pass-through=-lgcc_s] ==> ignore
    arg [--build-id] ==> ignore
    arg [--eh-frame-hdr] ==> ignore
    arg [-m] ==> ignore
    arg [elf_x86_64] ==> ignore
    arg [--hash-style=gnu] ==> ignore
    arg [--as-needed] ==> ignore
    arg [-export-dynamic] ==> ignore
    arg [-dynamic-linker] ==> ignore
    arg [/lib64/ld-linux-x86-64.so.2] ==> ignore
    arg [-pie] ==> ignore
    arg [-znow] ==> ignore
    arg [-zrelro] ==> ignore
    arg [-o] ==> ignore
    arg [cmTC_1ed38] ==> ignore
    arg [/usr/lib/gcc/x86_64-linux-gnu/9/../../../x86_64-linux-gnu/Scrt1.o] ==> ignore
    arg [/usr/lib/gcc/x86_64-linux-gnu/9/../../../x86_64-linux-gnu/crti.o] ==> ignore
    arg [/usr/lib/gcc/x86_64-linux-gnu/9/crtbeginS.o] ==> ignore
    arg [-L/usr/lib/gcc/x86_64-linux-gnu/9] ==> dir [/usr/lib/gcc/x86_64-linux-gnu/9]
    arg [-L/usr/lib/gcc/x86_64-linux-gnu/9/../../../x86_64-linux-gnu] ==> dir [/usr/lib/gcc/x86_64-linux-gnu/9/../../../x86_64-linux-gnu]
    arg [-L/usr/lib/gcc/x86_64-linux-gnu/9/../../../../lib] ==> dir [/usr/lib/gcc/x86_64-linux-gnu/9/../../../../lib]
    arg [-L/lib/x86_64-linux-gnu] ==> dir [/lib/x86_64-linux-gnu]
    arg [-L/lib/../lib] ==> dir [/lib/../lib]
    arg [-L/usr/lib/x86_64-linux-gnu] ==> dir [/usr/lib/x86_64-linux-gnu]
    arg [-L/usr/lib/../lib] ==> dir [/usr/lib/../lib]
    arg [-L/usr/lib/gcc/x86_64-linux-gnu/9/../../..] ==> dir [/usr/lib/gcc/x86_64-linux-gnu/9/../../..]
    arg [CMakeFiles/cmTC_1ed38.dir/CMakeCCompilerABI.c.o] ==> ignore
    arg [-lgcc] ==> lib [gcc]
    arg [--push-state] ==> ignore
    arg [--as-needed] ==> ignore
    arg [-lgcc_s] ==> lib [gcc_s]
    arg [--pop-state] ==> ignore
    arg [-lc] ==> lib [c]
    arg [-lgcc] ==> lib [gcc]
    arg [--push-state] ==> ignore
    arg [--as-needed] ==> ignore
    arg [-lgcc_s] ==> lib [gcc_s]
    arg [--pop-state] ==> ignore
    arg [/usr/lib/gcc/x86_64-linux-gnu/9/crtendS.o] ==> ignore
    arg [/usr/lib/gcc/x86_64-linux-gnu/9/../../../x86_64-linux-gnu/crtn.o] ==> ignore
  collapse library dir [/usr/lib/gcc/x86_64-linux-gnu/9] ==> [/usr/lib/gcc/x86_64-linux-gnu/9]
  collapse library dir [/usr/lib/gcc/x86_64-linux-gnu/9/../../../x86_64-linux-gnu] ==> [/usr/lib/x86_64-linux-gnu]
  collapse library dir [/usr/lib/gcc/x86_64-linux-gnu/9/../../../../lib] ==> [/usr/lib]
  collapse library dir [/lib/x86_64-linux-gnu] ==> [/lib/x86_64-linux-gnu]
  collapse library dir [/lib/../lib] ==> [/lib]
  collapse library dir [/usr/lib/x86_64-linux-gnu] ==> [/usr/lib/x86_64-linux-gnu]
  collapse library dir [/usr/lib/../lib] ==> [/usr/lib]
  collapse library dir [/usr/lib/gcc/x86_64-linux-gnu/9/../../..] ==> [/usr/lib]
  implicit libs: [gcc;gcc_s;c;gcc;gcc_s]
  implicit dirs: [/usr/lib/gcc/x86_64-linux-gnu/9;/usr/lib/x86_64-linux-gnu;/usr/lib;/lib/x86_64-linux-gnu;/lib]
  implicit fwks: []


Determining if the include file sys/types.h exists passed with the following output:
Change Dir: /home/nilesh/Desktop/ego1155/WinLinux/PfxApp/Sources/plibsys/ubuntu/CMakeFiles/CMakeTmp

Run Build Command(s):/usr/bin/make cmTC_0a872/fast && /usr/bin/make -f CMakeFiles/cmTC_0a872.dir/build.make CMakeFiles/cmTC_0a872.dir/build
make[1]: Entering directory '/home/nilesh/Desktop/ego1155/WinLinux/PfxApp/Sources/plibsys/ubuntu/CMakeFiles/CMakeTmp'
Building C object CMakeFiles/cmTC_0a872.dir/CheckIncludeFile.c.o
/usr/bin/cc    -o CMakeFiles/cmTC_0a872.dir/CheckIncludeFile.c.o   -c /home/nilesh/Desktop/ego1155/WinLinux/PfxApp/Sources/plibsys/ubuntu/CMakeFiles/CMakeTmp/CheckIncludeFile.c
Linking C executable cmTC_0a872
/usr/bin/cmake -E cmake_link_script CMakeFiles/cmTC_0a872.dir/link.txt --verbose=1
/usr/bin/cc      -rdynamic CMakeFiles/cmTC_0a872.dir/CheckIncludeFile.c.o  -o cmTC_0a872 
make[1]: Leaving directory '/home/nilesh/Desktop/ego1155/WinLinux/PfxApp/Sources/plibsys/ubuntu/CMakeFiles/CMakeTmp'



Determining if the include file stdint.h exists passed with the following output:
Change Dir: /home/nilesh/Desktop/ego1155/WinLinux/PfxApp/Sources/plibsys/ubuntu/CMakeFiles/CMakeTmp

Run Build Command(s):/usr/bin/make cmTC_e4aaa/fast && /usr/bin/make -f CMakeFiles/cmTC_e4aaa.dir/build.make CMakeFiles/cmTC_e4aaa.dir/build
make[1]: Entering directory '/home/nilesh/Desktop/ego1155/WinLinux/PfxApp/Sources/plibsys/ubuntu/CMakeFiles/CMakeTmp'
Building C object CMakeFiles/cmTC_e4aaa.dir/CheckIncludeFile.c.o
/usr/bin/cc    -o CMakeFiles/cmTC_e4aaa.dir/CheckIncludeFile.c.o   -c /home/nilesh/Desktop/ego1155/WinLinux/PfxApp/Sources/plibsys/ubuntu/CMakeFiles/CMakeTmp/CheckIncludeFile.c
Linking C executable cmTC_e4aaa
/usr/bin/cmake -E cmake_link_script CMakeFiles/cmTC_e4aaa.dir/link.txt --verbose=1
/usr/bin/cc      -rdynamic CMakeFiles/cmTC_e4aaa.dir/CheckIncludeFile.c.o  -o cmTC_e4aaa 
make[1]: Leaving directory '/home/nilesh/Desktop/ego1155/WinLinux/PfxApp/Sources/plibsys/ubuntu/CMakeFiles/CMakeTmp'



Determining if the include file stddef.h exists passed with the following output:
Change Dir: /home/nilesh/Desktop/ego1155/WinLinux/PfxApp/Sources/plibsys/ubuntu/CMakeFiles/CMakeTmp

Run Build Command(s):/usr/bin/make cmTC_36561/fast && /usr/bin/make -f CMakeFiles/cmTC_36561.dir/build.make CMakeFiles/cmTC_36561.dir/build
make[1]: Entering directory '/home/nilesh/Desktop/ego1155/WinLinux/PfxApp/Sources/plibsys/ubuntu/CMakeFiles/CMakeTmp'
Building C object CMakeFiles/cmTC_36561.dir/CheckIncludeFile.c.o
/usr/bin/cc    -o CMakeFiles/cmTC_36561.dir/CheckIncludeFile.c.o   -c /home/nilesh/Desktop/ego1155/WinLinux/PfxApp/Sources/plibsys/ubuntu/CMakeFiles/CMakeTmp/CheckIncludeFile.c
Linking C executable cmTC_36561
/usr/bin/cmake -E cmake_link_script CMakeFiles/cmTC_36561.dir/link.txt --verbose=1
/usr/bin/cc      -rdynamic CMakeFiles/cmTC_36561.dir/CheckIncludeFile.c.o  -o cmTC_36561 
make[1]: Leaving directory '/home/nilesh/Desktop/ego1155/WinLinux/PfxApp/Sources/plibsys/ubuntu/CMakeFiles/CMakeTmp'



Determining size of void * passed with the following output:
Change Dir: /home/nilesh/Desktop/ego1155/WinLinux/PfxApp/Sources/plibsys/ubuntu/CMakeFiles/CMakeTmp

Run Build Command(s):/usr/bin/make cmTC_f4e0f/fast && /usr/bin/make -f CMakeFiles/cmTC_f4e0f.dir/build.make CMakeFiles/cmTC_f4e0f.dir/build
make[1]: Entering directory '/home/nilesh/Desktop/ego1155/WinLinux/PfxApp/Sources/plibsys/ubuntu/CMakeFiles/CMakeTmp'
Building C object CMakeFiles/cmTC_f4e0f.dir/PLIBSYS_SIZEOF_VOID_P.c.o
/usr/bin/cc    -o CMakeFiles/cmTC_f4e0f.dir/PLIBSYS_SIZEOF_VOID_P.c.o   -c /home/nilesh/Desktop/ego1155/WinLinux/PfxApp/Sources/plibsys/ubuntu/CMakeFiles/CheckTypeSize/PLIBSYS_SIZEOF_VOID_P.c
Linking C executable cmTC_f4e0f
/usr/bin/cmake -E cmake_link_script CMakeFiles/cmTC_f4e0f.dir/link.txt --verbose=1
/usr/bin/cc      -rdynamic CMakeFiles/cmTC_f4e0f.dir/PLIBSYS_SIZEOF_VOID_P.c.o  -o cmTC_f4e0f 
make[1]: Leaving directory '/home/nilesh/Desktop/ego1155/WinLinux/PfxApp/Sources/plibsys/ubuntu/CMakeFiles/CMakeTmp'



Determining size of size_t passed with the following output:
Change Dir: /home/nilesh/Desktop/ego1155/WinLinux/PfxApp/Sources/plibsys/ubuntu/CMakeFiles/CMakeTmp

Run Build Command(s):/usr/bin/make cmTC_c17af/fast && /usr/bin/make -f CMakeFiles/cmTC_c17af.dir/build.make CMakeFiles/cmTC_c17af.dir/build
make[1]: Entering directory '/home/nilesh/Desktop/ego1155/WinLinux/PfxApp/Sources/plibsys/ubuntu/CMakeFiles/CMakeTmp'
Building C object CMakeFiles/cmTC_c17af.dir/PLIBSYS_SIZEOF_SIZE_T.c.o
/usr/bin/cc    -o CMakeFiles/cmTC_c17af.dir/PLIBSYS_SIZEOF_SIZE_T.c.o   -c /home/nilesh/Desktop/ego1155/WinLinux/PfxApp/Sources/plibsys/ubuntu/CMakeFiles/CheckTypeSize/PLIBSYS_SIZEOF_SIZE_T.c
Linking C executable cmTC_c17af
/usr/bin/cmake -E cmake_link_script CMakeFiles/cmTC_c17af.dir/link.txt --verbose=1
/usr/bin/cc      -rdynamic CMakeFiles/cmTC_c17af.dir/PLIBSYS_SIZEOF_SIZE_T.c.o  -o cmTC_c17af 
make[1]: Leaving directory '/home/nilesh/Desktop/ego1155/WinLinux/PfxApp/Sources/plibsys/ubuntu/CMakeFiles/CMakeTmp'



Determining size of long passed with the following output:
Change Dir: /home/nilesh/Desktop/ego1155/WinLinux/PfxApp/Sources/plibsys/ubuntu/CMakeFiles/CMakeTmp

Run Build Command(s):/usr/bin/make cmTC_f91c4/fast && /usr/bin/make -f CMakeFiles/cmTC_f91c4.dir/build.make CMakeFiles/cmTC_f91c4.dir/build
make[1]: Entering directory '/home/nilesh/Desktop/ego1155/WinLinux/PfxApp/Sources/plibsys/ubuntu/CMakeFiles/CMakeTmp'
Building C object CMakeFiles/cmTC_f91c4.dir/PLIBSYS_SIZEOF_LONG.c.o
/usr/bin/cc    -o CMakeFiles/cmTC_f91c4.dir/PLIBSYS_SIZEOF_LONG.c.o   -c /home/nilesh/Desktop/ego1155/WinLinux/PfxApp/Sources/plibsys/ubuntu/CMakeFiles/CheckTypeSize/PLIBSYS_SIZEOF_LONG.c
Linking C executable cmTC_f91c4
/usr/bin/cmake -E cmake_link_script CMakeFiles/cmTC_f91c4.dir/link.txt --verbose=1
/usr/bin/cc      -rdynamic CMakeFiles/cmTC_f91c4.dir/PLIBSYS_SIZEOF_LONG.c.o  -o cmTC_f91c4 
make[1]: Leaving directory '/home/nilesh/Desktop/ego1155/WinLinux/PfxApp/Sources/plibsys/ubuntu/CMakeFiles/CMakeTmp'



Performing C SOURCE FILE Test PLIBSYS_ATOMIC_IMPL_GCCATOMIC succeeded with the following output:
Change Dir: /home/nilesh/Desktop/ego1155/WinLinux/PfxApp/Sources/plibsys/ubuntu/CMakeFiles/CMakeTmp

Run Build Command(s):/usr/bin/make cmTC_54bfc/fast && /usr/bin/make -f CMakeFiles/cmTC_54bfc.dir/build.make CMakeFiles/cmTC_54bfc.dir/build
make[1]: Entering directory '/home/nilesh/Desktop/ego1155/WinLinux/PfxApp/Sources/plibsys/ubuntu/CMakeFiles/CMakeTmp'
Building C object CMakeFiles/cmTC_54bfc.dir/src.c.o
/usr/bin/cc -D_GNU_SOURCE -D_REENTRANT  -DPLIBSYS_ATOMIC_IMPL_GCCATOMIC   -o CMakeFiles/cmTC_54bfc.dir/src.c.o   -c /home/nilesh/Desktop/ego1155/WinLinux/PfxApp/Sources/plibsys/ubuntu/CMakeFiles/CMakeTmp/src.c
Linking C executable cmTC_54bfc
/usr/bin/cmake -E cmake_link_script CMakeFiles/cmTC_54bfc.dir/link.txt --verbose=1
/usr/bin/cc  -DPLIBSYS_ATOMIC_IMPL_GCCATOMIC    -rdynamic CMakeFiles/cmTC_54bfc.dir/src.c.o  -o cmTC_54bfc  -pthread -lrt -ldl 
make[1]: Leaving directory '/home/nilesh/Desktop/ego1155/WinLinux/PfxApp/Sources/plibsys/ubuntu/CMakeFiles/CMakeTmp'


Source file was:
int main () {
                                          int i, tmp_int = 0;
                                          void *ptr, *tmp_ptr = 0;
                                          __atomic_store_4 (&i, 0, __ATOMIC_SEQ_CST);
                                          __atomic_compare_exchange_n (&i, &tmp_int, 1, 0,
                                                                       __ATOMIC_SEQ_CST, __ATOMIC_SEQ_CST);
                                          __atomic_compare_exchange_n ((unsigned long long *) &ptr,
                                                                       (unsigned long long *) &tmp_ptr,
                                                                       (unsigned long long) 1, 0,
                                                                       __ATOMIC_SEQ_CST, __ATOMIC_SEQ_CST);
                                          __atomic_fetch_add (&i, 1, __ATOMIC_SEQ_CST);
                                          return 0;
                                         }
Determining size of unsigned short passed with the following output:
Change Dir: /home/nilesh/Desktop/ego1155/WinLinux/PfxApp/Sources/plibsys/ubuntu/CMakeFiles/CMakeTmp

Run Build Command(s):/usr/bin/make cmTC_0a096/fast && /usr/bin/make -f CMakeFiles/cmTC_0a096.dir/build.make CMakeFiles/cmTC_0a096.dir/build
make[1]: Entering directory '/home/nilesh/Desktop/ego1155/WinLinux/PfxApp/Sources/plibsys/ubuntu/CMakeFiles/CMakeTmp'
Building C object CMakeFiles/cmTC_0a096.dir/CMAKE_SIZEOF_UNSIGNED_SHORT.c.o
/usr/bin/cc -D_GNU_SOURCE -D_REENTRANT   -o CMakeFiles/cmTC_0a096.dir/CMAKE_SIZEOF_UNSIGNED_SHORT.c.o   -c /home/nilesh/Desktop/ego1155/WinLinux/PfxApp/Sources/plibsys/ubuntu/CMakeFiles/CheckTypeSize/CMAKE_SIZEOF_UNSIGNED_SHORT.c
Linking C executable cmTC_0a096
/usr/bin/cmake -E cmake_link_script CMakeFiles/cmTC_0a096.dir/link.txt --verbose=1
/usr/bin/cc      -rdynamic CMakeFiles/cmTC_0a096.dir/CMAKE_SIZEOF_UNSIGNED_SHORT.c.o  -o cmTC_0a096  -pthread -lrt -ldl 
make[1]: Leaving directory '/home/nilesh/Desktop/ego1155/WinLinux/PfxApp/Sources/plibsys/ubuntu/CMakeFiles/CMakeTmp'



Determining if the system is big endian passed with the following output:
Change Dir: /home/nilesh/Desktop/ego1155/WinLinux/PfxApp/Sources/plibsys/ubuntu/CMakeFiles/CMakeTmp

Run Build Command(s):/usr/bin/make cmTC_8ab98/fast && /usr/bin/make -f CMakeFiles/cmTC_8ab98.dir/build.make CMakeFiles/cmTC_8ab98.dir/build
make[1]: Entering directory '/home/nilesh/Desktop/ego1155/WinLinux/PfxApp/Sources/plibsys/ubuntu/CMakeFiles/CMakeTmp'
Building C object CMakeFiles/cmTC_8ab98.dir/TestEndianess.c.o
/usr/bin/cc    -o CMakeFiles/cmTC_8ab98.dir/TestEndianess.c.o   -c /home/nilesh/Desktop/ego1155/WinLinux/PfxApp/Sources/plibsys/ubuntu/CMakeFiles/CMakeTmp/TestEndianess.c
Linking C executable cmTC_8ab98
/usr/bin/cmake -E cmake_link_script CMakeFiles/cmTC_8ab98.dir/link.txt --verbose=1
/usr/bin/cc      -rdynamic CMakeFiles/cmTC_8ab98.dir/TestEndianess.c.o  -o cmTC_8ab98 
make[1]: Leaving directory '/home/nilesh/Desktop/ego1155/WinLinux/PfxApp/Sources/plibsys/ubuntu/CMakeFiles/CMakeTmp'


TestEndianess.c:
/* A 16 bit integer is required. */
typedef unsigned short cmakeint16;

/* On a little endian machine, these 16bit ints will give "THIS IS LITTLE ENDIAN."
   On a big endian machine the characters will be exchanged pairwise. */
const cmakeint16 info_little[] =  {0x4854, 0x5349, 0x4920, 0x2053, 0x494c, 0x5454, 0x454c, 0x4520, 0x444e, 0x4149, 0x2e4e, 0x0000};

/* on a big endian machine, these 16bit ints will give "THIS IS BIG ENDIAN."
   On a little endian machine the characters will be exchanged pairwise. */
const cmakeint16 info_big[] =     {0x5448, 0x4953, 0x2049, 0x5320, 0x4249, 0x4720, 0x454e, 0x4449, 0x414e, 0x2e2e, 0x0000};

#ifdef __CLASSIC_C__
int main(argc, argv) int argc; char *argv[];
#else
int main(int argc, char *argv[])
#endif
{
  int require = 0;
  require += info_little[argc];
  require += info_big[argc];
  (void)argv;
  return require;
}


Determining if the include file float.h exists passed with the following output:
Change Dir: /home/nilesh/Desktop/ego1155/WinLinux/PfxApp/Sources/plibsys/ubuntu/CMakeFiles/CMakeTmp

Run Build Command(s):/usr/bin/make cmTC_3df5c/fast && /usr/bin/make -f CMakeFiles/cmTC_3df5c.dir/build.make CMakeFiles/cmTC_3df5c.dir/build
make[1]: Entering directory '/home/nilesh/Desktop/ego1155/WinLinux/PfxApp/Sources/plibsys/ubuntu/CMakeFiles/CMakeTmp'
Building C object CMakeFiles/cmTC_3df5c.dir/CheckIncludeFile.c.o
/usr/bin/cc -D_GNU_SOURCE -D_REENTRANT   -o CMakeFiles/cmTC_3df5c.dir/CheckIncludeFile.c.o   -c /home/nilesh/Desktop/ego1155/WinLinux/PfxApp/Sources/plibsys/ubuntu/CMakeFiles/CMakeTmp/CheckIncludeFile.c
Linking C executable cmTC_3df5c
/usr/bin/cmake -E cmake_link_script CMakeFiles/cmTC_3df5c.dir/link.txt --verbose=1
/usr/bin/cc      -rdynamic CMakeFiles/cmTC_3df5c.dir/CheckIncludeFile.c.o  -o cmTC_3df5c  -pthread -lrt -ldl 
make[1]: Leaving directory '/home/nilesh/Desktop/ego1155/WinLinux/PfxApp/Sources/plibsys/ubuntu/CMakeFiles/CMakeTmp'



Determining if the include file values.h exists passed with the following output:
Change Dir: /home/nilesh/Desktop/ego1155/WinLinux/PfxApp/Sources/plibsys/ubuntu/CMakeFiles/CMakeTmp

Run Build Command(s):/usr/bin/make cmTC_03eee/fast && /usr/bin/make -f CMakeFiles/cmTC_03eee.dir/build.make CMakeFiles/cmTC_03eee.dir/build
make[1]: Entering directory '/home/nilesh/Desktop/ego1155/WinLinux/PfxApp/Sources/plibsys/ubuntu/CMakeFiles/CMakeTmp'
Building C object CMakeFiles/cmTC_03eee.dir/CheckIncludeFile.c.o
/usr/bin/cc -D_GNU_SOURCE -D_REENTRANT   -o CMakeFiles/cmTC_03eee.dir/CheckIncludeFile.c.o   -c /home/nilesh/Desktop/ego1155/WinLinux/PfxApp/Sources/plibsys/ubuntu/CMakeFiles/CMakeTmp/CheckIncludeFile.c
Linking C executable cmTC_03eee
/usr/bin/cmake -E cmake_link_script CMakeFiles/cmTC_03eee.dir/link.txt --verbose=1
/usr/bin/cc      -rdynamic CMakeFiles/cmTC_03eee.dir/CheckIncludeFile.c.o  -o cmTC_03eee  -pthread -lrt -ldl 
make[1]: Leaving directory '/home/nilesh/Desktop/ego1155/WinLinux/PfxApp/Sources/plibsys/ubuntu/CMakeFiles/CMakeTmp'



Determining if the include file limits.h exists passed with the following output:
Change Dir: /home/nilesh/Desktop/ego1155/WinLinux/PfxApp/Sources/plibsys/ubuntu/CMakeFiles/CMakeTmp

Run Build Command(s):/usr/bin/make cmTC_c75b4/fast && /usr/bin/make -f CMakeFiles/cmTC_c75b4.dir/build.make CMakeFiles/cmTC_c75b4.dir/build
make[1]: Entering directory '/home/nilesh/Desktop/ego1155/WinLinux/PfxApp/Sources/plibsys/ubuntu/CMakeFiles/CMakeTmp'
Building C object CMakeFiles/cmTC_c75b4.dir/CheckIncludeFile.c.o
/usr/bin/cc -D_GNU_SOURCE -D_REENTRANT   -o CMakeFiles/cmTC_c75b4.dir/CheckIncludeFile.c.o   -c /home/nilesh/Desktop/ego1155/WinLinux/PfxApp/Sources/plibsys/ubuntu/CMakeFiles/CMakeTmp/CheckIncludeFile.c
Linking C executable cmTC_c75b4
/usr/bin/cmake -E cmake_link_script CMakeFiles/cmTC_c75b4.dir/link.txt --verbose=1
/usr/bin/cc      -rdynamic CMakeFiles/cmTC_c75b4.dir/CheckIncludeFile.c.o  -o cmTC_c75b4  -pthread -lrt -ldl 
make[1]: Leaving directory '/home/nilesh/Desktop/ego1155/WinLinux/PfxApp/Sources/plibsys/ubuntu/CMakeFiles/CMakeTmp'



Performing C SOURCE FILE Test PLIBSYS_MMAP_HAS_MAP_ANON succeeded with the following output:
Change Dir: /home/nilesh/Desktop/ego1155/WinLinux/PfxApp/Sources/plibsys/ubuntu/CMakeFiles/CMakeTmp

Run Build Command(s):/usr/bin/make cmTC_b489c/fast && /usr/bin/make -f CMakeFiles/cmTC_b489c.dir/build.make CMakeFiles/cmTC_b489c.dir/build
make[1]: Entering directory '/home/nilesh/Desktop/ego1155/WinLinux/PfxApp/Sources/plibsys/ubuntu/CMakeFiles/CMakeTmp'
Building C object CMakeFiles/cmTC_b489c.dir/src.c.o
/usr/bin/cc -D_GNU_SOURCE -D_REENTRANT  -DPLIBSYS_MMAP_HAS_MAP_ANON   -o CMakeFiles/cmTC_b489c.dir/src.c.o   -c /home/nilesh/Desktop/ego1155/WinLinux/PfxApp/Sources/plibsys/ubuntu/CMakeFiles/CMakeTmp/src.c
Linking C executable cmTC_b489c
/usr/bin/cmake -E cmake_link_script CMakeFiles/cmTC_b489c.dir/link.txt --verbose=1
/usr/bin/cc  -DPLIBSYS_MMAP_HAS_MAP_ANON    -rdynamic CMakeFiles/cmTC_b489c.dir/src.c.o  -o cmTC_b489c  -pthread -lrt -ldl 
make[1]: Leaving directory '/home/nilesh/Desktop/ego1155/WinLinux/PfxApp/Sources/plibsys/ubuntu/CMakeFiles/CMakeTmp'


Source file was:
#include <sys/types.h>
                                  #include <sys/mman.h>
                                 int main () {
                                        mmap (0, 1024, PROT_READ | PROT_WRITE, MAP_ANON | MAP_PRIVATE, -1, 0);
                                        return 0;
                                 }
Performing C SOURCE FILE Test PLIBSYS_MMAP_HAS_MAP_ANONYMOUS succeeded with the following output:
Change Dir: /home/nilesh/Desktop/ego1155/WinLinux/PfxApp/Sources/plibsys/ubuntu/CMakeFiles/CMakeTmp

Run Build Command(s):/usr/bin/make cmTC_018bb/fast && /usr/bin/make -f CMakeFiles/cmTC_018bb.dir/build.make CMakeFiles/cmTC_018bb.dir/build
make[1]: Entering directory '/home/nilesh/Desktop/ego1155/WinLinux/PfxApp/Sources/plibsys/ubuntu/CMakeFiles/CMakeTmp'
Building C object CMakeFiles/cmTC_018bb.dir/src.c.o
/usr/bin/cc -D_GNU_SOURCE -D_REENTRANT  -DPLIBSYS_MMAP_HAS_MAP_ANONYMOUS   -o CMakeFiles/cmTC_018bb.dir/src.c.o   -c /home/nilesh/Desktop/ego1155/WinLinux/PfxApp/Sources/plibsys/ubuntu/CMakeFiles/CMakeTmp/src.c
Linking C executable cmTC_018bb
/usr/bin/cmake -E cmake_link_script CMakeFiles/cmTC_018bb.dir/link.txt --verbose=1
/usr/bin/cc  -DPLIBSYS_MMAP_HAS_MAP_ANONYMOUS    -rdynamic CMakeFiles/cmTC_018bb.dir/src.c.o  -o cmTC_018bb  -pthread -lrt -ldl 
make[1]: Leaving directory '/home/nilesh/Desktop/ego1155/WinLinux/PfxApp/Sources/plibsys/ubuntu/CMakeFiles/CMakeTmp'


Source file was:
#include <sys/types.h>
                                  #include <sys/mman.h>
                                 int main () {
                                        mmap (0, 1024, PROT_READ | PROT_WRITE, MAP_ANONYMOUS | MAP_PRIVATE, -1, 0);
                                        return 0;
                                 }
Performing C SOURCE FILE Test PLIBSYS_HAS_CLOCKNANOSLEEP succeeded with the following output:
Change Dir: /home/nilesh/Desktop/ego1155/WinLinux/PfxApp/Sources/plibsys/ubuntu/CMakeFiles/CMakeTmp

Run Build Command(s):/usr/bin/make cmTC_665d6/fast && /usr/bin/make -f CMakeFiles/cmTC_665d6.dir/build.make CMakeFiles/cmTC_665d6.dir/build
make[1]: Entering directory '/home/nilesh/Desktop/ego1155/WinLinux/PfxApp/Sources/plibsys/ubuntu/CMakeFiles/CMakeTmp'
Building C object CMakeFiles/cmTC_665d6.dir/src.c.o
/usr/bin/cc -D_GNU_SOURCE -D_REENTRANT  -DPLIBSYS_HAS_CLOCKNANOSLEEP   -o CMakeFiles/cmTC_665d6.dir/src.c.o   -c /home/nilesh/Desktop/ego1155/WinLinux/PfxApp/Sources/plibsys/ubuntu/CMakeFiles/CMakeTmp/src.c
Linking C executable cmTC_665d6
/usr/bin/cmake -E cmake_link_script CMakeFiles/cmTC_665d6.dir/link.txt --verbose=1
/usr/bin/cc  -DPLIBSYS_HAS_CLOCKNANOSLEEP    -rdynamic CMakeFiles/cmTC_665d6.dir/src.c.o  -o cmTC_665d6  -pthread -lrt -ldl 
make[1]: Leaving directory '/home/nilesh/Desktop/ego1155/WinLinux/PfxApp/Sources/plibsys/ubuntu/CMakeFiles/CMakeTmp'


Source file was:
#include <time.h>
                                 int main () {
                                        struct timespec time_sp = {0, 500000000L};
                                        clock_nanosleep (CLOCK_MONOTONIC, 0, &time_sp, NULL);
                                        return 0;
                                 }
Performing C SOURCE FILE Test PLIBSYS_HAS_NANOSLEEP succeeded with the following output:
Change Dir: /home/nilesh/Desktop/ego1155/WinLinux/PfxApp/Sources/plibsys/ubuntu/CMakeFiles/CMakeTmp

Run Build Command(s):/usr/bin/make cmTC_bac94/fast && /usr/bin/make -f CMakeFiles/cmTC_bac94.dir/build.make CMakeFiles/cmTC_bac94.dir/build
make[1]: Entering directory '/home/nilesh/Desktop/ego1155/WinLinux/PfxApp/Sources/plibsys/ubuntu/CMakeFiles/CMakeTmp'
Building C object CMakeFiles/cmTC_bac94.dir/src.c.o
/usr/bin/cc -D_GNU_SOURCE -D_REENTRANT  -DPLIBSYS_HAS_NANOSLEEP   -o CMakeFiles/cmTC_bac94.dir/src.c.o   -c /home/nilesh/Desktop/ego1155/WinLinux/PfxApp/Sources/plibsys/ubuntu/CMakeFiles/CMakeTmp/src.c
Linking C executable cmTC_bac94
/usr/bin/cmake -E cmake_link_script CMakeFiles/cmTC_bac94.dir/link.txt --verbose=1
/usr/bin/cc  -DPLIBSYS_HAS_NANOSLEEP    -rdynamic CMakeFiles/cmTC_bac94.dir/src.c.o  -o cmTC_bac94  -pthread -lrt -ldl 
make[1]: Leaving directory '/home/nilesh/Desktop/ego1155/WinLinux/PfxApp/Sources/plibsys/ubuntu/CMakeFiles/CMakeTmp'


Source file was:
#include <time.h>
                                 int main () {
                                        struct timespec time_sp = {0, 500000000L};
                                        nanosleep (&time_sp, NULL);
                                        return 0;
                                 }
Performing C SOURCE FILE Test PLIBSYS_HAS_GETADDRINFO succeeded with the following output:
Change Dir: /home/nilesh/Desktop/ego1155/WinLinux/PfxApp/Sources/plibsys/ubuntu/CMakeFiles/CMakeTmp

Run Build Command(s):/usr/bin/make cmTC_8ed84/fast && /usr/bin/make -f CMakeFiles/cmTC_8ed84.dir/build.make CMakeFiles/cmTC_8ed84.dir/build
make[1]: Entering directory '/home/nilesh/Desktop/ego1155/WinLinux/PfxApp/Sources/plibsys/ubuntu/CMakeFiles/CMakeTmp'
Building C object CMakeFiles/cmTC_8ed84.dir/src.c.o
/usr/bin/cc -D_GNU_SOURCE -D_REENTRANT  -DPLIBSYS_HAS_GETADDRINFO   -o CMakeFiles/cmTC_8ed84.dir/src.c.o   -c /home/nilesh/Desktop/ego1155/WinLinux/PfxApp/Sources/plibsys/ubuntu/CMakeFiles/CMakeTmp/src.c
Linking C executable cmTC_8ed84
/usr/bin/cmake -E cmake_link_script CMakeFiles/cmTC_8ed84.dir/link.txt --verbose=1
/usr/bin/cc  -DPLIBSYS_HAS_GETADDRINFO    -rdynamic CMakeFiles/cmTC_8ed84.dir/src.c.o  -o cmTC_8ed84  -pthread -lrt -ldl 
make[1]: Leaving directory '/home/nilesh/Desktop/ego1155/WinLinux/PfxApp/Sources/plibsys/ubuntu/CMakeFiles/CMakeTmp'


Source file was:
#include <sys/socket.h>
                                  #include <netdb.h>
                                 int main () {
                                        getaddrinfo (0, 0, 0, 0);
                                        freeaddrinfo (0);

                                        return 0;
                                 }
Performing C SOURCE FILE Test PLIBSYS_HAS_POSIX_SCHEDULING succeeded with the following output:
Change Dir: /home/nilesh/Desktop/ego1155/WinLinux/PfxApp/Sources/plibsys/ubuntu/CMakeFiles/CMakeTmp

Run Build Command(s):/usr/bin/make cmTC_32ca2/fast && /usr/bin/make -f CMakeFiles/cmTC_32ca2.dir/build.make CMakeFiles/cmTC_32ca2.dir/build
make[1]: Entering directory '/home/nilesh/Desktop/ego1155/WinLinux/PfxApp/Sources/plibsys/ubuntu/CMakeFiles/CMakeTmp'
Building C object CMakeFiles/cmTC_32ca2.dir/src.c.o
/usr/bin/cc -D_GNU_SOURCE -D_REENTRANT  -DPLIBSYS_HAS_POSIX_SCHEDULING   -o CMakeFiles/cmTC_32ca2.dir/src.c.o   -c /home/nilesh/Desktop/ego1155/WinLinux/PfxApp/Sources/plibsys/ubuntu/CMakeFiles/CMakeTmp/src.c
Linking C executable cmTC_32ca2
/usr/bin/cmake -E cmake_link_script CMakeFiles/cmTC_32ca2.dir/link.txt --verbose=1
/usr/bin/cc  -DPLIBSYS_HAS_POSIX_SCHEDULING    -rdynamic CMakeFiles/cmTC_32ca2.dir/src.c.o  -o cmTC_32ca2  -pthread -lrt -ldl 
make[1]: Leaving directory '/home/nilesh/Desktop/ego1155/WinLinux/PfxApp/Sources/plibsys/ubuntu/CMakeFiles/CMakeTmp'


Source file was:
#include <unistd.h>
                                  #include <pthread.h>
                                  #include <sched.h>

                                 int main () {
                                        #if defined (_POSIX_THREAD_PRIORITY_SCHEDULING) && (_POSIX_THREAD_PRIORITY_SCHEDULING - 0 >= 0)
                                          sched_get_priority_min (0);
                                          sched_get_priority_max (0);
                                        #else
                                          stop_compile_here
                                        #endif
                                        return 0;
                                 }
Performing C SOURCE FILE Test PLIBSYS_HAS_POSIX_STACKSIZE succeeded with the following output:
Change Dir: /home/nilesh/Desktop/ego1155/WinLinux/PfxApp/Sources/plibsys/ubuntu/CMakeFiles/CMakeTmp

Run Build Command(s):/usr/bin/make cmTC_6225c/fast && /usr/bin/make -f CMakeFiles/cmTC_6225c.dir/build.make CMakeFiles/cmTC_6225c.dir/build
make[1]: Entering directory '/home/nilesh/Desktop/ego1155/WinLinux/PfxApp/Sources/plibsys/ubuntu/CMakeFiles/CMakeTmp'
Building C object CMakeFiles/cmTC_6225c.dir/src.c.o
/usr/bin/cc -D_GNU_SOURCE -D_REENTRANT  -DPLIBSYS_HAS_POSIX_STACKSIZE   -o CMakeFiles/cmTC_6225c.dir/src.c.o   -c /home/nilesh/Desktop/ego1155/WinLinux/PfxApp/Sources/plibsys/ubuntu/CMakeFiles/CMakeTmp/src.c
Linking C executable cmTC_6225c
/usr/bin/cmake -E cmake_link_script CMakeFiles/cmTC_6225c.dir/link.txt --verbose=1
/usr/bin/cc  -DPLIBSYS_HAS_POSIX_STACKSIZE    -rdynamic CMakeFiles/cmTC_6225c.dir/src.c.o  -o cmTC_6225c  -pthread -lrt -ldl 
make[1]: Leaving directory '/home/nilesh/Desktop/ego1155/WinLinux/PfxApp/Sources/plibsys/ubuntu/CMakeFiles/CMakeTmp'


Source file was:
#include <pthread.h>

                                 int main () {
                                        pthread_attr_t attr;

                                        pthread_attr_setstacksize (&attr, 0);
                                        return 0;
                                 }
Performing C SOURCE FILE Test PLIBSYS_HAS_POSIX_RWLOCK succeeded with the following output:
Change Dir: /home/nilesh/Desktop/ego1155/WinLinux/PfxApp/Sources/plibsys/ubuntu/CMakeFiles/CMakeTmp

Run Build Command(s):/usr/bin/make cmTC_3471e/fast && /usr/bin/make -f CMakeFiles/cmTC_3471e.dir/build.make CMakeFiles/cmTC_3471e.dir/build
make[1]: Entering directory '/home/nilesh/Desktop/ego1155/WinLinux/PfxApp/Sources/plibsys/ubuntu/CMakeFiles/CMakeTmp'
Building C object CMakeFiles/cmTC_3471e.dir/src.c.o
/usr/bin/cc -D_GNU_SOURCE -D_REENTRANT  -DPLIBSYS_HAS_POSIX_RWLOCK   -o CMakeFiles/cmTC_3471e.dir/src.c.o   -c /home/nilesh/Desktop/ego1155/WinLinux/PfxApp/Sources/plibsys/ubuntu/CMakeFiles/CMakeTmp/src.c
Linking C executable cmTC_3471e
/usr/bin/cmake -E cmake_link_script CMakeFiles/cmTC_3471e.dir/link.txt --verbose=1
/usr/bin/cc  -DPLIBSYS_HAS_POSIX_RWLOCK    -rdynamic CMakeFiles/cmTC_3471e.dir/src.c.o  -o cmTC_3471e  -pthread -lrt -ldl 
make[1]: Leaving directory '/home/nilesh/Desktop/ego1155/WinLinux/PfxApp/Sources/plibsys/ubuntu/CMakeFiles/CMakeTmp'


Source file was:
#include <pthread.h>

                                 int main () {
                                        pthread_rwlock_t rwl;

                                        pthread_rwlock_init (&rwl, 0);
                                        pthread_rwlock_destroy (&rwl);
                                        return 0;
                                 }
Performing C SOURCE FILE Test PLIBSYS_HAS_POSIX_SETNAME_NP_2 succeeded with the following output:
Change Dir: /home/nilesh/Desktop/ego1155/WinLinux/PfxApp/Sources/plibsys/ubuntu/CMakeFiles/CMakeTmp

Run Build Command(s):/usr/bin/make cmTC_cfc08/fast && /usr/bin/make -f CMakeFiles/cmTC_cfc08.dir/build.make CMakeFiles/cmTC_cfc08.dir/build
make[1]: Entering directory '/home/nilesh/Desktop/ego1155/WinLinux/PfxApp/Sources/plibsys/ubuntu/CMakeFiles/CMakeTmp'
Building C object CMakeFiles/cmTC_cfc08.dir/src.c.o
/usr/bin/cc -D_GNU_SOURCE -D_REENTRANT  -DPLIBSYS_HAS_POSIX_SETNAME_NP_2   -o CMakeFiles/cmTC_cfc08.dir/src.c.o   -c /home/nilesh/Desktop/ego1155/WinLinux/PfxApp/Sources/plibsys/ubuntu/CMakeFiles/CMakeTmp/src.c
Linking C executable cmTC_cfc08
/usr/bin/cmake -E cmake_link_script CMakeFiles/cmTC_cfc08.dir/link.txt --verbose=1
/usr/bin/cc  -DPLIBSYS_HAS_POSIX_SETNAME_NP_2    -rdynamic CMakeFiles/cmTC_cfc08.dir/src.c.o  -o cmTC_cfc08  -pthread -lrt -ldl 
make[1]: Leaving directory '/home/nilesh/Desktop/ego1155/WinLinux/PfxApp/Sources/plibsys/ubuntu/CMakeFiles/CMakeTmp'


Source file was:

                     #include <pthread.h>

                     int main () {
                        pthread_setname_np ((pthread_t) 0, "thread_name");
                        return 0;
                     }
Performing C SOURCE FILE Test PLIBSYS_HAS_SOCKLEN_T succeeded with the following output:
Change Dir: /home/nilesh/Desktop/ego1155/WinLinux/PfxApp/Sources/plibsys/ubuntu/CMakeFiles/CMakeTmp

Run Build Command(s):/usr/bin/make cmTC_df9d1/fast && /usr/bin/make -f CMakeFiles/cmTC_df9d1.dir/build.make CMakeFiles/cmTC_df9d1.dir/build
make[1]: Entering directory '/home/nilesh/Desktop/ego1155/WinLinux/PfxApp/Sources/plibsys/ubuntu/CMakeFiles/CMakeTmp'
Building C object CMakeFiles/cmTC_df9d1.dir/src.c.o
/usr/bin/cc -D_GNU_SOURCE -D_REENTRANT  -DPLIBSYS_HAS_SOCKLEN_T   -o CMakeFiles/cmTC_df9d1.dir/src.c.o   -c /home/nilesh/Desktop/ego1155/WinLinux/PfxApp/Sources/plibsys/ubuntu/CMakeFiles/CMakeTmp/src.c
Linking C executable cmTC_df9d1
/usr/bin/cmake -E cmake_link_script CMakeFiles/cmTC_df9d1.dir/link.txt --verbose=1
/usr/bin/cc  -DPLIBSYS_HAS_SOCKLEN_T    -rdynamic CMakeFiles/cmTC_df9d1.dir/src.c.o  -o cmTC_df9d1  -pthread -lrt -ldl 
make[1]: Leaving directory '/home/nilesh/Desktop/ego1155/WinLinux/PfxApp/Sources/plibsys/ubuntu/CMakeFiles/CMakeTmp'


Source file was:
#include <sys/types.h>
                                      #include <sys/socket.h>
                                      #include <netinet/in.h>
                          int main () {
                                socklen_t len = sizeof (socklen_t);
                                return len > 0 ? 0 : -1;
                          }
Performing C SOURCE FILE Test PLIBSYS_HAS_SOCKADDR_STORAGE succeeded with the following output:
Change Dir: /home/nilesh/Desktop/ego1155/WinLinux/PfxApp/Sources/plibsys/ubuntu/CMakeFiles/CMakeTmp

Run Build Command(s):/usr/bin/make cmTC_fe80b/fast && /usr/bin/make -f CMakeFiles/cmTC_fe80b.dir/build.make CMakeFiles/cmTC_fe80b.dir/build
make[1]: Entering directory '/home/nilesh/Desktop/ego1155/WinLinux/PfxApp/Sources/plibsys/ubuntu/CMakeFiles/CMakeTmp'
Building C object CMakeFiles/cmTC_fe80b.dir/src.c.o
/usr/bin/cc -D_GNU_SOURCE -D_REENTRANT  -DPLIBSYS_HAS_SOCKADDR_STORAGE   -o CMakeFiles/cmTC_fe80b.dir/src.c.o   -c /home/nilesh/Desktop/ego1155/WinLinux/PfxApp/Sources/plibsys/ubuntu/CMakeFiles/CMakeTmp/src.c
Linking C executable cmTC_fe80b
/usr/bin/cmake -E cmake_link_script CMakeFiles/cmTC_fe80b.dir/link.txt --verbose=1
/usr/bin/cc  -DPLIBSYS_HAS_SOCKADDR_STORAGE    -rdynamic CMakeFiles/cmTC_fe80b.dir/src.c.o  -o cmTC_fe80b  -pthread -lrt -ldl 
make[1]: Leaving directory '/home/nilesh/Desktop/ego1155/WinLinux/PfxApp/Sources/plibsys/ubuntu/CMakeFiles/CMakeTmp'


Source file was:
#include <sys/types.h>
                                      #include <sys/socket.h>
                                      #include <netinet/in.h>
                          int main () {
                                struct sockaddr_storage sock_addr;
                                sock_addr.ss_family = AF_INET;

                                return 0;
                          }
Performing C SOURCE FILE Test PLIBSYS_SOCKADDR_IN6_HAS_SCOPEID succeeded with the following output:
Change Dir: /home/nilesh/Desktop/ego1155/WinLinux/PfxApp/Sources/plibsys/ubuntu/CMakeFiles/CMakeTmp

Run Build Command(s):/usr/bin/make cmTC_06803/fast && /usr/bin/make -f CMakeFiles/cmTC_06803.dir/build.make CMakeFiles/cmTC_06803.dir/build
make[1]: Entering directory '/home/nilesh/Desktop/ego1155/WinLinux/PfxApp/Sources/plibsys/ubuntu/CMakeFiles/CMakeTmp'
Building C object CMakeFiles/cmTC_06803.dir/src.c.o
/usr/bin/cc -D_GNU_SOURCE -D_REENTRANT  -DPLIBSYS_SOCKADDR_IN6_HAS_SCOPEID   -o CMakeFiles/cmTC_06803.dir/src.c.o   -c /home/nilesh/Desktop/ego1155/WinLinux/PfxApp/Sources/plibsys/ubuntu/CMakeFiles/CMakeTmp/src.c
Linking C executable cmTC_06803
/usr/bin/cmake -E cmake_link_script CMakeFiles/cmTC_06803.dir/link.txt --verbose=1
/usr/bin/cc  -DPLIBSYS_SOCKADDR_IN6_HAS_SCOPEID    -rdynamic CMakeFiles/cmTC_06803.dir/src.c.o  -o cmTC_06803  -pthread -lrt -ldl 
make[1]: Leaving directory '/home/nilesh/Desktop/ego1155/WinLinux/PfxApp/Sources/plibsys/ubuntu/CMakeFiles/CMakeTmp'


Source file was:
#include <sys/types.h>
                                      #include <sys/socket.h>
                                      #include <netinet/in.h>
                          int main () {
                                struct sockaddr_in6 sock_addr;
                                sock_addr.sin6_scope_id = 0;

                                return 0;
                          }
Performing C SOURCE FILE Test PLIBSYS_SOCKADDR_IN6_HAS_FLOWINFO succeeded with the following output:
Change Dir: /home/nilesh/Desktop/ego1155/WinLinux/PfxApp/Sources/plibsys/ubuntu/CMakeFiles/CMakeTmp

Run Build Command(s):/usr/bin/make cmTC_dcb10/fast && /usr/bin/make -f CMakeFiles/cmTC_dcb10.dir/build.make CMakeFiles/cmTC_dcb10.dir/build
make[1]: Entering directory '/home/nilesh/Desktop/ego1155/WinLinux/PfxApp/Sources/plibsys/ubuntu/CMakeFiles/CMakeTmp'
Building C object CMakeFiles/cmTC_dcb10.dir/src.c.o
/usr/bin/cc -D_GNU_SOURCE -D_REENTRANT  -DPLIBSYS_SOCKADDR_IN6_HAS_FLOWINFO   -o CMakeFiles/cmTC_dcb10.dir/src.c.o   -c /home/nilesh/Desktop/ego1155/WinLinux/PfxApp/Sources/plibsys/ubuntu/CMakeFiles/CMakeTmp/src.c
Linking C executable cmTC_dcb10
/usr/bin/cmake -E cmake_link_script CMakeFiles/cmTC_dcb10.dir/link.txt --verbose=1
/usr/bin/cc  -DPLIBSYS_SOCKADDR_IN6_HAS_FLOWINFO    -rdynamic CMakeFiles/cmTC_dcb10.dir/src.c.o  -o cmTC_dcb10  -pthread -lrt -ldl 
make[1]: Leaving directory '/home/nilesh/Desktop/ego1155/WinLinux/PfxApp/Sources/plibsys/ubuntu/CMakeFiles/CMakeTmp'


Source file was:
#include <sys/types.h>
                                      #include <sys/socket.h>
                                      #include <netinet/in.h>
                          int main () {
                                struct sockaddr_in6 sock_addr;
                                sock_addr.sin6_flowinfo = 0;

                                return 0;
                          }
Determining size of ((struct sockaddr *) 0)->sa_family passed with the following output:
Change Dir: /home/nilesh/Desktop/ego1155/WinLinux/PfxApp/Sources/plibsys/ubuntu/CMakeFiles/CMakeTmp

Run Build Command(s):/usr/bin/make cmTC_16457/fast && /usr/bin/make -f CMakeFiles/cmTC_16457.dir/build.make CMakeFiles/cmTC_16457.dir/build
make[1]: Entering directory '/home/nilesh/Desktop/ego1155/WinLinux/PfxApp/Sources/plibsys/ubuntu/CMakeFiles/CMakeTmp'
Building C object CMakeFiles/cmTC_16457.dir/PLIBSYS_SIZEOF_SAFAMILY_T.c.o
/usr/bin/cc -D_GNU_SOURCE -D_REENTRANT   -o CMakeFiles/cmTC_16457.dir/PLIBSYS_SIZEOF_SAFAMILY_T.c.o   -c /home/nilesh/Desktop/ego1155/WinLinux/PfxApp/Sources/plibsys/ubuntu/CMakeFiles/CheckTypeSize/PLIBSYS_SIZEOF_SAFAMILY_T.c
Linking C executable cmTC_16457
/usr/bin/cmake -E cmake_link_script CMakeFiles/cmTC_16457.dir/link.txt --verbose=1
/usr/bin/cc      -rdynamic CMakeFiles/cmTC_16457.dir/PLIBSYS_SIZEOF_SAFAMILY_T.c.o  -o cmTC_16457  -pthread -lrt -ldl 
make[1]: Leaving directory '/home/nilesh/Desktop/ego1155/WinLinux/PfxApp/Sources/plibsys/ubuntu/CMakeFiles/CMakeTmp'



Performing C SOURCE FILE Test PLIBSYS_HAS_LLDIV succeeded with the following output:
Change Dir: /home/nilesh/Desktop/ego1155/WinLinux/PfxApp/Sources/plibsys/ubuntu/CMakeFiles/CMakeTmp

Run Build Command(s):/usr/bin/make cmTC_050fa/fast && /usr/bin/make -f CMakeFiles/cmTC_050fa.dir/build.make CMakeFiles/cmTC_050fa.dir/build
make[1]: Entering directory '/home/nilesh/Desktop/ego1155/WinLinux/PfxApp/Sources/plibsys/ubuntu/CMakeFiles/CMakeTmp'
Building C object CMakeFiles/cmTC_050fa.dir/src.c.o
/usr/bin/cc -D_GNU_SOURCE -D_REENTRANT  -DPLIBSYS_HAS_LLDIV   -o CMakeFiles/cmTC_050fa.dir/src.c.o   -c /home/nilesh/Desktop/ego1155/WinLinux/PfxApp/Sources/plibsys/ubuntu/CMakeFiles/CMakeTmp/src.c
Linking C executable cmTC_050fa
/usr/bin/cmake -E cmake_link_script CMakeFiles/cmTC_050fa.dir/link.txt --verbose=1
/usr/bin/cc  -DPLIBSYS_HAS_LLDIV    -rdynamic CMakeFiles/cmTC_050fa.dir/src.c.o  -o cmTC_050fa  -pthread -lrt -ldl 
make[1]: Leaving directory '/home/nilesh/Desktop/ego1155/WinLinux/PfxApp/Sources/plibsys/ubuntu/CMakeFiles/CMakeTmp'


Source file was:
#define __USE_ISOC99
                          #include <stdlib.h>
                          int main () {
                                lldiv_t res = lldiv (100LL, 13LL);
                                res.quot = 0;
                                res.rem = 0;

                                return 0;
                          }
Performing C SOURCE FILE Test PLIBSYS_HAS_CLANG_VISIBILITY succeeded with the following output:
Change Dir: /home/nilesh/Desktop/ego1155/WinLinux/PfxApp/Sources/plibsys/ubuntu/CMakeFiles/CMakeTmp

Run Build Command(s):/usr/bin/make cmTC_681a1/fast && /usr/bin/make -f CMakeFiles/cmTC_681a1.dir/build.make CMakeFiles/cmTC_681a1.dir/build
make[1]: Entering directory '/home/nilesh/Desktop/ego1155/WinLinux/PfxApp/Sources/plibsys/ubuntu/CMakeFiles/CMakeTmp'
Building C object CMakeFiles/cmTC_681a1.dir/src.c.o
/usr/bin/cc -D_GNU_SOURCE -D_REENTRANT  -DPLIBSYS_HAS_CLANG_VISIBILITY   -o CMakeFiles/cmTC_681a1.dir/src.c.o   -c /home/nilesh/Desktop/ego1155/WinLinux/PfxApp/Sources/plibsys/ubuntu/CMakeFiles/CMakeTmp/src.c
Linking C executable cmTC_681a1
/usr/bin/cmake -E cmake_link_script CMakeFiles/cmTC_681a1.dir/link.txt --verbose=1
/usr/bin/cc  -DPLIBSYS_HAS_CLANG_VISIBILITY    -rdynamic CMakeFiles/cmTC_681a1.dir/src.c.o  -o cmTC_681a1  -pthread -lrt -ldl 
make[1]: Leaving directory '/home/nilesh/Desktop/ego1155/WinLinux/PfxApp/Sources/plibsys/ubuntu/CMakeFiles/CMakeTmp'


Source file was:
int main () {
                                        #if defined(__has_attribute) && __has_attribute(visibility)
                                        return 0;
                                        #else
                                        stop_compile_here
                                        #endif
                                 }
Determining if the include file stdarg.h exists passed with the following output:
Change Dir: /home/nilesh/Desktop/ego1155/WinLinux/PfxApp/Sources/plibsys/ubuntu/CMakeFiles/CMakeTmp

Run Build Command(s):/usr/bin/make cmTC_c31a5/fast && /usr/bin/make -f CMakeFiles/cmTC_c31a5.dir/build.make CMakeFiles/cmTC_c31a5.dir/build
make[1]: Entering directory '/home/nilesh/Desktop/ego1155/WinLinux/PfxApp/Sources/plibsys/ubuntu/CMakeFiles/CMakeTmp'
Building C object CMakeFiles/cmTC_c31a5.dir/CheckIncludeFile.c.o
/usr/bin/cc -D_GNU_SOURCE -D_REENTRANT   -o CMakeFiles/cmTC_c31a5.dir/CheckIncludeFile.c.o   -c /home/nilesh/Desktop/ego1155/WinLinux/PfxApp/Sources/plibsys/ubuntu/CMakeFiles/CMakeTmp/CheckIncludeFile.c
Linking C executable cmTC_c31a5
/usr/bin/cmake -E cmake_link_script CMakeFiles/cmTC_c31a5.dir/link.txt --verbose=1
/usr/bin/cc      -rdynamic CMakeFiles/cmTC_c31a5.dir/CheckIncludeFile.c.o  -o cmTC_c31a5  -pthread -lrt -ldl 
make[1]: Leaving directory '/home/nilesh/Desktop/ego1155/WinLinux/PfxApp/Sources/plibsys/ubuntu/CMakeFiles/CMakeTmp'



Performing C SOURCE FILE Test PLIBSYS_va_copy succeeded with the following output:
Change Dir: /home/nilesh/Desktop/ego1155/WinLinux/PfxApp/Sources/plibsys/ubuntu/CMakeFiles/CMakeTmp

Run Build Command(s):/usr/bin/make cmTC_bdf8c/fast && /usr/bin/make -f CMakeFiles/cmTC_bdf8c.dir/build.make CMakeFiles/cmTC_bdf8c.dir/build
make[1]: Entering directory '/home/nilesh/Desktop/ego1155/WinLinux/PfxApp/Sources/plibsys/ubuntu/CMakeFiles/CMakeTmp'
Building C object CMakeFiles/cmTC_bdf8c.dir/src.c.o
/usr/bin/cc -D_GNU_SOURCE -D_REENTRANT  -DPLIBSYS_va_copy   -o CMakeFiles/cmTC_bdf8c.dir/src.c.o   -c /home/nilesh/Desktop/ego1155/WinLinux/PfxApp/Sources/plibsys/ubuntu/CMakeFiles/CMakeTmp/src.c
Linking C executable cmTC_bdf8c
/usr/bin/cmake -E cmake_link_script CMakeFiles/cmTC_bdf8c.dir/link.txt --verbose=1
/usr/bin/cc  -DPLIBSYS_va_copy    -rdynamic CMakeFiles/cmTC_bdf8c.dir/src.c.o  -o cmTC_bdf8c  -pthread -lrt -ldl 
make[1]: Leaving directory '/home/nilesh/Desktop/ego1155/WinLinux/PfxApp/Sources/plibsys/ubuntu/CMakeFiles/CMakeTmp'


Source file was:

                     #include <stdio.h>
                     #include <stdlib.h>
                     #include <stdarg.h>

                     void f (int i, ...) {
                        va_list args1, args2;

                        va_start (args1, i);
                        va_copy(args2, args1);
                        if (va_arg (args2, int) != 42 || va_arg (args1, int) != 42) {
                            exit (1);
                        }
                        va_end (args1);
                        va_end (args2);
                     }

                     int main () {
                        f (0, 42);
                        exit (0);
                     }
Compiling the CXX compiler identification source file "CMakeCXXCompilerId.cpp" succeeded.
Compiler: /usr/bin/c++ 
Build flags: 
Id flags:  

The output was:
0


Compilation of the CXX compiler identification source "CMakeCXXCompilerId.cpp" produced "a.out"

The CXX compiler identification is GNU, found in "/home/nilesh/Desktop/ego1155/WinLinux/PfxApp/Sources/plibsys/ubuntu/CMakeFiles/3.16.3/CompilerIdCXX/a.out"

Determining if the CXX compiler works passed with the following output:
Change Dir: /home/nilesh/Desktop/ego1155/WinLinux/PfxApp/Sources/plibsys/ubuntu/CMakeFiles/CMakeTmp

Run Build Command(s):/usr/bin/make cmTC_78949/fast && /usr/bin/make -f CMakeFiles/cmTC_78949.dir/build.make CMakeFiles/cmTC_78949.dir/build
make[1]: Entering directory '/home/nilesh/Desktop/ego1155/WinLinux/PfxApp/Sources/plibsys/ubuntu/CMakeFiles/CMakeTmp'
Building CXX object CMakeFiles/cmTC_78949.dir/testCXXCompiler.cxx.o
/usr/bin/c++     -o CMakeFiles/cmTC_78949.dir/testCXXCompiler.cxx.o -c /home/nilesh/Desktop/ego1155/WinLinux/PfxApp/Sources/plibsys/ubuntu/CMakeFiles/CMakeTmp/testCXXCompiler.cxx
Linking CXX executable cmTC_78949
/usr/bin/cmake -E cmake_link_script CMakeFiles/cmTC_78949.dir/link.txt --verbose=1
/usr/bin/c++       -rdynamic CMakeFiles/cmTC_78949.dir/testCXXCompiler.cxx.o  -o cmTC_78949 
make[1]: Leaving directory '/home/nilesh/Desktop/ego1155/WinLinux/PfxApp/Sources/plibsys/ubuntu/CMakeFiles/CMakeTmp'



Detecting CXX compiler ABI info compiled with the following output:
Change Dir: /home/nilesh/Desktop/ego1155/WinLinux/PfxApp/Sources/plibsys/ubuntu/CMakeFiles/CMakeTmp

Run Build Command(s):/usr/bin/make cmTC_62e82/fast && /usr/bin/make -f CMakeFiles/cmTC_62e82.dir/build.make CMakeFiles/cmTC_62e82.dir/build
make[1]: Entering directory '/home/nilesh/Desktop/ego1155/WinLinux/PfxApp/Sources/plibsys/ubuntu/CMakeFiles/CMakeTmp'
Building CXX object CMakeFiles/cmTC_62e82.dir/CMakeCXXCompilerABI.cpp.o
/usr/bin/c++    -v -o CMakeFiles/cmTC_62e82.dir/CMakeCXXCompilerABI.cpp.o -c /usr/share/cmake-3.16/Modules/CMakeCXXCompilerABI.cpp
Using built-in specs.
COLLECT_GCC=/usr/bin/c++
OFFLOAD_TARGET_NAMES=nvptx-none:hsa
OFFLOAD_TARGET_DEFAULT=1
Target: x86_64-linux-gnu
Configured with: ../src/configure -v --with-pkgversion='Ubuntu 9.3.0-17ubuntu1~20.04' --with-bugurl=file:///usr/share/doc/gcc-9/README.Bugs --enable-languages=c,ada,c++,go,brig,d,fortran,objc,obj-c++,gm2 --prefix=/usr --with-gcc-major-version-only --program-suffix=-9 --program-prefix=x86_64-linux-gnu- --enable-shared --enable-linker-build-id --libexecdir=/usr/lib --without-included-gettext --enable-threads=posix --libdir=/usr/lib --enable-nls --enable-clocale=gnu --enable-libstdcxx-debug --enable-libstdcxx-time=yes --with-default-libstdcxx-abi=new --enable-gnu-unique-object --disable-vtable-verify --enable-plugin --enable-default-pie --with-system-zlib --with-target-system-zlib=auto --enable-objc-gc=auto --enable-multiarch --disable-werror --with-arch-32=i686 --with-abi=m64 --with-multilib-list=m32,m64,mx32 --enable-multilib --with-tune=generic --enable-offload-targets=nvptx-none=/build/gcc-9-HskZEa/gcc-9-9.3.0/debian/tmp-nvptx/usr,hsa --without-cuda-driver --enable-checking=release --build=x86_64-linux-gnu --host=x86_64-linux-gnu --target=x86_64-linux-gnu
Thread model: posix
gcc version 9.3.0 (Ubuntu 9.3.0-17ubuntu1~20.04) 
COLLECT_GCC_OPTIONS='-v' '-o' 'CMakeFiles/cmTC_62e82.dir/CMakeCXXCompilerABI.cpp.o' '-c' '-shared-libgcc' '-mtune=generic' '-march=x86-64'
 /usr/lib/gcc/x86_64-linux-gnu/9/cc1plus -quiet -v -imultiarch x86_64-linux-gnu -D_GNU_SOURCE /usr/share/cmake-3.16/Modules/CMakeCXXCompilerABI.cpp -quiet -dumpbase CMakeCXXCompilerABI.cpp -mtune=generic -march=x86-64 -auxbase-strip CMakeFiles/cmTC_62e82.dir/CMakeCXXCompilerABI.cpp.o -version -fasynchronous-unwind-tables -fstack-protector-strong -Wformat -Wformat-security -fstack-clash-protection -fcf-protection -o /tmp/ccYxfd7P.s
GNU C++14 (Ubuntu 9.3.0-17ubuntu1~20.04) version 9.3.0 (x86_64-linux-gnu)
	compiled by GNU C version 9.3.0, GMP version 6.2.0, MPFR version 4.0.2, MPC version 1.1.0, isl version isl-0.22.1-GMP

GGC heuristics: --param ggc-min-expand=100 --param ggc-min-heapsize=131072
ignoring duplicate directory "/usr/include/x86_64-linux-gnu/c++/9"
ignoring nonexistent directory "/usr/local/include/x86_64-linux-gnu"
ignoring nonexistent directory "/usr/lib/gcc/x86_64-linux-gnu/9/include-fixed"
ignoring nonexistent directory "/usr/lib/gcc/x86_64-linux-gnu/9/../../../../x86_64-linux-gnu/include"
#include "..." search starts here:
#include <...> search starts here:
 /usr/include/c++/9
 /usr/include/x86_64-linux-gnu/c++/9
 /usr/include/c++/9/backward
 /usr/lib/gcc/x86_64-linux-gnu/9/include
 /usr/local/include
 /usr/include/x86_64-linux-gnu
 /usr/include
End of search list.
GNU C++14 (Ubuntu 9.3.0-17ubuntu1~20.04) version 9.3.0 (x86_64-linux-gnu)
	compiled by GNU C version 9.3.0, GMP version 6.2.0, MPFR version 4.0.2, MPC version 1.1.0, isl version isl-0.22.1-GMP

GGC heuristics: --param ggc-min-expand=100 --param ggc-min-heapsize=131072
Compiler executable checksum: 466f818abe2f30ba03783f22bd12d815
COLLECT_GCC_OPTIONS='-v' '-o' 'CMakeFiles/cmTC_62e82.dir/CMakeCXXCompilerABI.cpp.o' '-c' '-shared-libgcc' '-mtune=generic' '-march=x86-64'
 as -v --64 -o CMakeFiles/cmTC_62e82.dir/CMakeCXXCompilerABI.cpp.o /tmp/ccYxfd7P.s
GNU assembler version 2.34 (x86_64-linux-gnu) using BFD version (GNU Binutils for Ubuntu) 2.34
COMPILER_PATH=/usr/lib/gcc/x86_64-linux-gnu/9/:/usr/lib/gcc/x86_64-linux-gnu/9/:/usr/lib/gcc/x86_64-linux-gnu/:/usr/lib/gcc/x86_64-linux-gnu/9/:/usr/lib/gcc/x86_64-linux-gnu/
LIBRARY_PATH=/usr/lib/gcc/x86_64-linux-gnu/9/:/usr/lib/gcc/x86_64-linux-gnu/9/../../../x86_64-linux-gnu/:/usr/lib/gcc/x86_64-linux-gnu/9/../../../../lib/:/lib/x86_64-linux-gnu/:/lib/../lib/:/usr/lib/x86_64-linux-gnu/:/usr/lib/../lib/:/usr/lib/gcc/x86_64-linux-gnu/9/../../../:/lib/:/usr/lib/
COLLECT_GCC_OPTIONS='-v' '-o' 'CMakeFiles/cmTC_62e82.dir/CMakeCXXCompilerABI.cpp.o' '-c' '-shared-libgcc' '-mtune=generic' '-march=x86-64'
Linking CXX executable cmTC_62e82
/usr/bin/cmake -E cmake_link_script CMakeFiles/cmTC_62e82.dir/link.txt --verbose=1
/usr/bin/c++      -v -rdynamic CMakeFiles/cmTC_62e82.dir/CMakeCXXCompilerABI.cpp.o  -o cmTC_62e82 
Using built-in specs.
COLLECT_GCC=/usr/bin/c++
COLLECT_LTO_WRAPPER=/usr/lib/gcc/x86_64-linux-gnu/9/lto-wrapper
OFFLOAD_TARGET_NAMES=nvptx-none:hsa
OFFLOAD_TARGET_DEFAULT=1
Target: x86_64-linux-gnu
Configured with: ../src/configure -v --with-pkgversion='Ubuntu 9.3.0-17ubuntu1~20.04' --with-bugurl=file:///usr/share/doc/gcc-9/README.Bugs --enable-languages=c,ada,c++,go,brig,d,fortran,objc,obj-c++,gm2 --prefix=/usr --with-gcc-major-version-only --program-suffix=-9 --program-prefix=x86_64-linux-gnu- --enable-shared --enable-linker-build-id --libexecdir=/usr/lib --without-included-gettext --enable-threads=posix --libdir=/usr/lib --enable-nls --enable-clocale=gnu --enable-libstdcxx-debug --enable-libstdcxx-time=yes --with-default-libstdcxx-abi=new --enable-gnu-unique-object --disable-vtable-verify --enable-plugin --enable-default-pie --with-system-zlib --with-target-system-zlib=auto --enable-objc-gc=auto --enable-multiarch --disable-werror --with-arch-32=i686 --with-abi=m64 --with-multilib-list=m32,m64,mx32 --enable-multilib --with-tune=generic --enable-offload-targets=nvptx-none=/build/gcc-9-HskZEa/gcc-9-9.3.0/debian/tmp-nvptx/usr,hsa --without-cuda-driver --enable-checking=release --build=x86_64-linux-gnu --host=x86_64-linux-gnu --target=x86_64-linux-gnu
Thread model: posix
gcc version 9.3.0 (Ubuntu 9.3.0-17ubuntu1~20.04) 
COMPILER_PATH=/usr/lib/gcc/x86_64-linux-gnu/9/:/usr/lib/gcc/x86_64-linux-gnu/9/:/usr/lib/gcc/x86_64-linux-gnu/:/usr/lib/gcc/x86_64-linux-gnu/9/:/usr/lib/gcc/x86_64-linux-gnu/
LIBRARY_PATH=/usr/lib/gcc/x86_64-linux-gnu/9/:/usr/lib/gcc/x86_64-linux-gnu/9/../../../x86_64-linux-gnu/:/usr/lib/gcc/x86_64-linux-gnu/9/../../../../lib/:/lib/x86_64-linux-gnu/:/lib/../lib/:/usr/lib/x86_64-linux-gnu/:/usr/lib/../lib/:/usr/lib/gcc/x86_64-linux-gnu/9/../../../:/lib/:/usr/lib/
COLLECT_GCC_OPTIONS='-v' '-rdynamic' '-o' 'cmTC_62e82' '-shared-libgcc' '-mtune=generic' '-march=x86-64'
 /usr/lib/gcc/x86_64-linux-gnu/9/collect2 -plugin /usr/lib/gcc/x86_64-linux-gnu/9/liblto_plugin.so -plugin-opt=/usr/lib/gcc/x86_64-linux-gnu/9/lto-wrapper -plugin-opt=-fresolution=/tmp/ccXUpOjg.res -plugin-opt=-pass-through=-lgcc_s -plugin-opt=-pass-through=-lgcc -plugin-opt=-pass-through=-lc -plugin-opt=-pass-through=-lgcc_s -plugin-opt=-pass-through=-lgcc --build-id --eh-frame-hdr -m elf_x86_64 --hash-style=gnu --as-needed -export-dynamic -dynamic-linker /lib64/ld-linux-x86-64.so.2 -pie -z now -z relro -o cmTC_62e82 /usr/lib/gcc/x86_64-linux-gnu/9/../../../x86_64-linux-gnu/Scrt1.o /usr/lib/gcc/x86_64-linux-gnu/9/../../../x86_64-linux-gnu/crti.o /usr/lib/gcc/x86_64-linux-gnu/9/crtbeginS.o -L/usr/lib/gcc/x86_64-linux-gnu/9 -L/usr/lib/gcc/x86_64-linux-gnu/9/../../../x86_64-linux-gnu -L/usr/lib/gcc/x86_64-linux-gnu/9/../../../../lib -L/lib/x86_64-linux-gnu -L/lib/../lib -L/usr/lib/x86_64-linux-gnu -L/usr/lib/../lib -L/usr/lib/gcc/x86_64-linux-gnu/9/../../.. CMakeFiles/cmTC_62e82.dir/CMakeCXXCompilerABI.cpp.o -lstdc++ -lm -lgcc_s -lgcc -lc -lgcc_s -lgcc /usr/lib/gcc/x86_64-linux-gnu/9/crtendS.o /usr/lib/gcc/x86_64-linux-gnu/9/../../../x86_64-linux-gnu/crtn.o
COLLECT_GCC_OPTIONS='-v' '-rdynamic' '-o' 'cmTC_62e82' '-shared-libgcc' '-mtune=generic' '-march=x86-64'
make[1]: Leaving directory '/home/nilesh/Desktop/ego1155/WinLinux/PfxApp/Sources/plibsys/ubuntu/CMakeFiles/CMakeTmp'



Parsed CXX implicit include dir info from above output: rv=done
  found start of include info
  found start of implicit include info
    add: [/usr/include/c++/9]
    add: [/usr/include/x86_64-linux-gnu/c++/9]
    add: [/usr/include/c++/9/backward]
    add: [/usr/lib/gcc/x86_64-linux-gnu/9/include]
    add: [/usr/local/include]
    add: [/usr/include/x86_64-linux-gnu]
    add: [/usr/include]
  end of search list found
  collapse include dir [/usr/include/c++/9] ==> [/usr/include/c++/9]
  collapse include dir [/usr/include/x86_64-linux-gnu/c++/9] ==> [/usr/include/x86_64-linux-gnu/c++/9]
  collapse include dir [/usr/include/c++/9/backward] ==> [/usr/include/c++/9/backward]
  collapse include dir [/usr/lib/gcc/x86_64-linux-gnu/9/include] ==> [/usr/lib/gcc/x86_64-linux-gnu/9/include]
  collapse include dir [/usr/local/include] ==> [/usr/local/include]
  collapse include dir [/usr/include/x86_64-linux-gnu] ==> [/usr/include/x86_64-linux-gnu]
  collapse include dir [/usr/include] ==> [/usr/include]
  implicit include dirs: [/usr/include/c++/9;/usr/include/x86_64-linux-gnu/c++/9;/usr/include/c++/9/backward;/usr/lib/gcc/x86_64-linux-gnu/9/include;/usr/local/include;/usr/include/x86_64-linux-gnu;/usr/include]


Parsed CXX implicit link information from above output:
  link line regex: [^( *|.*[/\])(ld|CMAKE_LINK_STARTFILE-NOTFOUND|([^/\]+-)?ld|collect2)[^/\]*( |$)]
  ignore line: [Change Dir: /home/nilesh/Desktop/ego1155/WinLinux/PfxApp/Sources/plibsys/ubuntu/CMakeFiles/CMakeTmp]
  ignore line: []
  ignore line: [Run Build Command(s):/usr/bin/make cmTC_62e82/fast && /usr/bin/make -f CMakeFiles/cmTC_62e82.dir/build.make CMakeFiles/cmTC_62e82.dir/build]
  ignore line: [make[1]: Entering directory '/home/nilesh/Desktop/ego1155/WinLinux/PfxApp/Sources/plibsys/ubuntu/CMakeFiles/CMakeTmp']
  ignore line: [Building CXX object CMakeFiles/cmTC_62e82.dir/CMakeCXXCompilerABI.cpp.o]
  ignore line: [/usr/bin/c++    -v -o CMakeFiles/cmTC_62e82.dir/CMakeCXXCompilerABI.cpp.o -c /usr/share/cmake-3.16/Modules/CMakeCXXCompilerABI.cpp]
  ignore line: [Using built-in specs.]
  ignore line: [COLLECT_GCC=/usr/bin/c++]
  ignore line: [OFFLOAD_TARGET_NAMES=nvptx-none:hsa]
  ignore line: [OFFLOAD_TARGET_DEFAULT=1]
  ignore line: [Target: x86_64-linux-gnu]
  ignore line: [Configured with: ../src/configure -v --with-pkgversion='Ubuntu 9.3.0-17ubuntu1~20.04' --with-bugurl=file:///usr/share/doc/gcc-9/README.Bugs --enable-languages=c ada c++ go brig d fortran objc obj-c++ gm2 --prefix=/usr --with-gcc-major-version-only --program-suffix=-9 --program-prefix=x86_64-linux-gnu- --enable-shared --enable-linker-build-id --libexecdir=/usr/lib --without-included-gettext --enable-threads=posix --libdir=/usr/lib --enable-nls --enable-clocale=gnu --enable-libstdcxx-debug --enable-libstdcxx-time=yes --with-default-libstdcxx-abi=new --enable-gnu-unique-object --disable-vtable-verify --enable-plugin --enable-default-pie --with-system-zlib --with-target-system-zlib=auto --enable-objc-gc=auto --enable-multiarch --disable-werror --with-arch-32=i686 --with-abi=m64 --with-multilib-list=m32 m64 mx32 --enable-multilib --with-tune=generic --enable-offload-targets=nvptx-none=/build/gcc-9-HskZEa/gcc-9-9.3.0/debian/tmp-nvptx/usr hsa --without-cuda-driver --enable-checking=release --build=x86_64-linux-gnu --host=x86_64-linux-gnu --target=x86_64-linux-gnu]
  ignore line: [Thread model: posix]
  ignore line: [gcc version 9.3.0 (Ubuntu 9.3.0-17ubuntu1~20.04) ]
  ignore line: [COLLECT_GCC_OPTIONS='-v' '-o' 'CMakeFiles/cmTC_62e82.dir/CMakeCXXCompilerABI.cpp.o' '-c' '-shared-libgcc' '-mtune=generic' '-march=x86-64']
  ignore line: [ /usr/lib/gcc/x86_64-linux-gnu/9/cc1plus -quiet -v -imultiarch x86_64-linux-gnu -D_GNU_SOURCE /usr/share/cmake-3.16/Modules/CMakeCXXCompilerABI.cpp -quiet -dumpbase CMakeCXXCompilerABI.cpp -mtune=generic -march=x86-64 -auxbase-strip CMakeFiles/cmTC_62e82.dir/CMakeCXXCompilerABI.cpp.o -version -fasynchronous-unwind-tables -fstack-protector-strong -Wformat -Wformat-security -fstack-clash-protection -fcf-protection -o /tmp/ccYxfd7P.s]
  ignore line: [GNU C++14 (Ubuntu 9.3.0-17ubuntu1~20.04) version 9.3.0 (x86_64-linux-gnu)]
  ignore line: [	compiled by GNU C version 9.3.0  GMP version 6.2.0  MPFR version 4.0.2  MPC version 1.1.0  isl version isl-0.22.1-GMP]
  ignore line: []
  ignore line: [GGC heuristics: --param ggc-min-expand=100 --param ggc-min-heapsize=131072]
  ignore line: [ignoring duplicate directory "/usr/include/x86_64-linux-gnu/c++/9"]
  ignore line: [ignoring nonexistent directory "/usr/local/include/x86_64-linux-gnu"]
  ignore line: [ignoring nonexistent directory "/usr/lib/gcc/x86_64-linux-gnu/9/include-fixed"]
  ignore line: [ignoring nonexistent directory "/usr/lib/gcc/x86_64-linux-gnu/9/../../../../x86_64-linux-gnu/include"]
  ignore line: [#include "..." search starts here:]
  ignore line: [#include <...> search starts here:]
  ignore line: [ /usr/include/c++/9]
  ignore line: [ /usr/include/x86_64-linux-gnu/c++/9]
  ignore line: [ /usr/include/c++/9/backward]
  ignore line: [ /usr/lib/gcc/x86_64-linux-gnu/9/include]
  ignore line: [ /usr/local/include]
  ignore line: [ /usr/include/x86_64-linux-gnu]
  ignore line: [ /usr/include]
  ignore line: [End of search list.]
  ignore line: [GNU C++14 (Ubuntu 9.3.0-17ubuntu1~20.04) version 9.3.0 (x86_64-linux-gnu)]
  ignore line: [	compiled by GNU C version 9.3.0  GMP version 6.2.0  MPFR version 4.0.2  MPC version 1.1.0  isl version isl-0.22.1-GMP]
  ignore line: []
  ignore line: [GGC heuristics: --param ggc-min-expand=100 --param ggc-min-heapsize=131072]
  ignore line: [Compiler executable checksum: 466f818abe2f30ba03783f22bd12d815]
  ignore line: [COLLECT_GCC_OPTIONS='-v' '-o' 'CMakeFiles/cmTC_62e82.dir/CMakeCXXCompilerABI.cpp.o' '-c' '-shared-libgcc' '-mtune=generic' '-march=x86-64']
  ignore line: [ as -v --64 -o CMakeFiles/cmTC_62e82.dir/CMakeCXXCompilerABI.cpp.o /tmp/ccYxfd7P.s]
  ignore line: [GNU assembler version 2.34 (x86_64-linux-gnu) using BFD version (GNU Binutils for Ubuntu) 2.34]
  ignore line: [COMPILER_PATH=/usr/lib/gcc/x86_64-linux-gnu/9/:/usr/lib/gcc/x86_64-linux-gnu/9/:/usr/lib/gcc/x86_64-linux-gnu/:/usr/lib/gcc/x86_64-linux-gnu/9/:/usr/lib/gcc/x86_64-linux-gnu/]
  ignore line: [LIBRARY_PATH=/usr/lib/gcc/x86_64-linux-gnu/9/:/usr/lib/gcc/x86_64-linux-gnu/9/../../../x86_64-linux-gnu/:/usr/lib/gcc/x86_64-linux-gnu/9/../../../../lib/:/lib/x86_64-linux-gnu/:/lib/../lib/:/usr/lib/x86_64-linux-gnu/:/usr/lib/../lib/:/usr/lib/gcc/x86_64-linux-gnu/9/../../../:/lib/:/usr/lib/]
  ignore line: [COLLECT_GCC_OPTIONS='-v' '-o' 'CMakeFiles/cmTC_62e82.dir/CMakeCXXCompilerABI.cpp.o' '-c' '-shared-libgcc' '-mtune=generic' '-march=x86-64']
  ignore line: [Linking CXX executable cmTC_62e82]
  ignore line: [/usr/bin/cmake -E cmake_link_script CMakeFiles/cmTC_62e82.dir/link.txt --verbose=1]
  ignore line: [/usr/bin/c++      -v -rdynamic CMakeFiles/cmTC_62e82.dir/CMakeCXXCompilerABI.cpp.o  -o cmTC_62e82 ]
  ignore line: [Using built-in specs.]
  ignore line: [COLLECT_GCC=/usr/bin/c++]
  ignore line: [COLLECT_LTO_WRAPPER=/usr/lib/gcc/x86_64-linux-gnu/9/lto-wrapper]
  ignore line: [OFFLOAD_TARGET_NAMES=nvptx-none:hsa]
  ignore line: [OFFLOAD_TARGET_DEFAULT=1]
  ignore line: [Target: x86_64-linux-gnu]
  ignore line: [Configured with: ../src/configure -v --with-pkgversion='Ubuntu 9.3.0-17ubuntu1~20.04' --with-bugurl=file:///usr/share/doc/gcc-9/README.Bugs --enable-languages=c ada c++ go brig d fortran objc obj-c++ gm2 --prefix=/usr --with-gcc-major-version-only --program-suffix=-9 --program-prefix=x86_64-linux-gnu- --enable-shared --enable-linker-build-id --libexecdir=/usr/lib --without-included-gettext --enable-threads=posix --libdir=/usr/lib --enable-nls --enable-clocale=gnu --enable-libstdcxx-debug --enable-libstdcxx-time=yes --with-default-libstdcxx-abi=new --enable-gnu-unique-object --disable-vtable-verify --enable-plugin --enable-default-pie --with-system-zlib --with-target-system-zlib=auto --enable-objc-gc=auto --enable-multiarch --disable-werror --with-arch-32=i686 --with-abi=m64 --with-multilib-list=m32 m64 mx32 --enable-multilib --with-tune=generic --enable-offload-targets=nvptx-none=/build/gcc-9-HskZEa/gcc-9-9.3.0/debian/tmp-nvptx/usr hsa --without-cuda-driver --enable-checking=release --build=x86_64-linux-gnu --host=x86_64-linux-gnu --target=x86_64-linux-gnu]
  ignore line: [Thread model: posix]
  ignore line: [gcc version 9.3.0 (Ubuntu 9.3.0-17ubuntu1~20.04) ]
  ignore line: [COMPILER_PATH=/usr/lib/gcc/x86_64-linux-gnu/9/:/usr/lib/gcc/x86_64-linux-gnu/9/:/usr/lib/gcc/x86_64-linux-gnu/:/usr/lib/gcc/x86_64-linux-gnu/9/:/usr/lib/gcc/x86_64-linux-gnu/]
  ignore line: [LIBRARY_PATH=/usr/lib/gcc/x86_64-linux-gnu/9/:/usr/lib/gcc/x86_64-linux-gnu/9/../../../x86_64-linux-gnu/:/usr/lib/gcc/x86_64-linux-gnu/9/../../../../lib/:/lib/x86_64-linux-gnu/:/lib/../lib/:/usr/lib/x86_64-linux-gnu/:/usr/lib/../lib/:/usr/lib/gcc/x86_64-linux-gnu/9/../../../:/lib/:/usr/lib/]
  ignore line: [COLLECT_GCC_OPTIONS='-v' '-rdynamic' '-o' 'cmTC_62e82' '-shared-libgcc' '-mtune=generic' '-march=x86-64']
  link line: [ /usr/lib/gcc/x86_64-linux-gnu/9/collect2 -plugin /usr/lib/gcc/x86_64-linux-gnu/9/liblto_plugin.so -plugin-opt=/usr/lib/gcc/x86_64-linux-gnu/9/lto-wrapper -plugin-opt=-fresolution=/tmp/ccXUpOjg.res -plugin-opt=-pass-through=-lgcc_s -plugin-opt=-pass-through=-lgcc -plugin-opt=-pass-through=-lc -plugin-opt=-pass-through=-lgcc_s -plugin-opt=-pass-through=-lgcc --build-id --eh-frame-hdr -m elf_x86_64 --hash-style=gnu --as-needed -export-dynamic -dynamic-linker /lib64/ld-linux-x86-64.so.2 -pie -z now -z relro -o cmTC_62e82 /usr/lib/gcc/x86_64-linux-gnu/9/../../../x86_64-linux-gnu/Scrt1.o /usr/lib/gcc/x86_64-linux-gnu/9/../../../x86_64-linux-gnu/crti.o /usr/lib/gcc/x86_64-linux-gnu/9/crtbeginS.o -L/usr/lib/gcc/x86_64-linux-gnu/9 -L/usr/lib/gcc/x86_64-linux-gnu/9/../../../x86_64-linux-gnu -L/usr/lib/gcc/x86_64-linux-gnu/9/../../../../lib -L/lib/x86_64-linux-gnu -L/lib/../lib -L/usr/lib/x86_64-linux-gnu -L/usr/lib/../lib -L/usr/lib/gcc/x86_64-linux-gnu/9/../../.. CMakeFiles/cmTC_62e82.dir/CMakeCXXCompilerABI.cpp.o -lstdc++ -lm -lgcc_s -lgcc -lc -lgcc_s -lgcc /usr/lib/gcc/x86_64-linux-gnu/9/crtendS.o /usr/lib/gcc/x86_64-linux-gnu/9/../../../x86_64-linux-gnu/crtn.o]
    arg [/usr/lib/gcc/x86_64-linux-gnu/9/collect2] ==> ignore
    arg [-plugin] ==> ignore
    arg [/usr/lib/gcc/x86_64-linux-gnu/9/liblto_plugin.so] ==> ignore
    arg [-plugin-opt=/usr/lib/gcc/x86_64-linux-gnu/9/lto-wrapper] ==> ignore
    arg [-plugin-opt=-fresolution=/tmp/ccXUpOjg.res] ==> ignore
    arg [-plugin-opt=-pass-through=-lgcc_s] ==> ignore
    arg [-plugin-opt=-pass-through=-lgcc] ==> ignore
    arg [-plugin-opt=-pass-through=-lc] ==> ignore
    arg [-plugin-opt=-pass-through=-lgcc_s] ==> ignore
    arg [-plugin-opt=-pass-through=-lgcc] ==> ignore
    arg [--build-id] ==> ignore
    arg [--eh-frame-hdr] ==> ignore
    arg [-m] ==> ignore
    arg [elf_x86_64] ==> ignore
    arg [--hash-style=gnu] ==> ignore
    arg [--as-needed] ==> ignore
    arg [-export-dynamic] ==> ignore
    arg [-dynamic-linker] ==> ignore
    arg [/lib64/ld-linux-x86-64.so.2] ==> ignore
    arg [-pie] ==> ignore
    arg [-znow] ==> ignore
    arg [-zrelro] ==> ignore
    arg [-o] ==> ignore
    arg [cmTC_62e82] ==> ignore
    arg [/usr/lib/gcc/x86_64-linux-gnu/9/../../../x86_64-linux-gnu/Scrt1.o] ==> ignore
    arg [/usr/lib/gcc/x86_64-linux-gnu/9/../../../x86_64-linux-gnu/crti.o] ==> ignore
    arg [/usr/lib/gcc/x86_64-linux-gnu/9/crtbeginS.o] ==> ignore
    arg [-L/usr/lib/gcc/x86_64-linux-gnu/9] ==> dir [/usr/lib/gcc/x86_64-linux-gnu/9]
    arg [-L/usr/lib/gcc/x86_64-linux-gnu/9/../../../x86_64-linux-gnu] ==> dir [/usr/lib/gcc/x86_64-linux-gnu/9/../../../x86_64-linux-gnu]
    arg [-L/usr/lib/gcc/x86_64-linux-gnu/9/../../../../lib] ==> dir [/usr/lib/gcc/x86_64-linux-gnu/9/../../../../lib]
    arg [-L/lib/x86_64-linux-gnu] ==> dir [/lib/x86_64-linux-gnu]
    arg [-L/lib/../lib] ==> dir [/lib/../lib]
    arg [-L/usr/lib/x86_64-linux-gnu] ==> dir [/usr/lib/x86_64-linux-gnu]
    arg [-L/usr/lib/../lib] ==> dir [/usr/lib/../lib]
    arg [-L/usr/lib/gcc/x86_64-linux-gnu/9/../../..] ==> dir [/usr/lib/gcc/x86_64-linux-gnu/9/../../..]
    arg [CMakeFiles/cmTC_62e82.dir/CMakeCXXCompilerABI.cpp.o] ==> ignore
    arg [-lstdc++] ==> lib [stdc++]
    arg [-lm] ==> lib [m]
    arg [-lgcc_s] ==> lib [gcc_s]
    arg [-lgcc] ==> lib [gcc]
    arg [-lc] ==> lib [c]
    arg [-lgcc_s] ==> lib [gcc_s]
    arg [-lgcc] ==> lib [gcc]
    arg [/usr/lib/gcc/x86_64-linux-gnu/9/crtendS.o] ==> ignore
    arg [/usr/lib/gcc/x86_64-linux-gnu/9/../../../x86_64-linux-gnu/crtn.o] ==> ignore
  collapse library dir [/usr/lib/gcc/x86_64-linux-gnu/9] ==> [/usr/lib/gcc/x86_64-linux-gnu/9]
  collapse library dir [/usr/lib/gcc/x86_64-linux-gnu/9/../../../x86_64-linux-gnu] ==> [/usr/lib/x86_64-linux-gnu]
  collapse library dir [/usr/lib/gcc/x86_64-linux-gnu/9/../../../../lib] ==> [/usr/lib]
  collapse library dir [/lib/x86_64-linux-gnu] ==> [/lib/x86_64-linux-gnu]
  collapse library dir [/lib/../lib] ==> [/lib]
  collapse library dir [/usr/lib/x86_64-linux-gnu] ==> [/usr/lib/x86_64-linux-gnu]
  collapse library dir [/usr/lib/../lib] ==> [/usr/lib]
  collapse library dir [/usr/lib/gcc/x86_64-linux-gnu/9/../../..] ==> [/usr/lib]
  implicit libs: [stdc++;m;gcc_s;gcc;c;gcc_s;gcc]
  implicit dirs: [/usr/lib/gcc/x86_64-linux-gnu/9;/usr/lib/x86_64-linux-gnu;/usr/lib;/lib/x86_64-linux-gnu;/lib]
  implicit fwks: []


